2019-08-28 09:50:25,988 [restartedMain] INFO  com.yuyue.app.AppApplication - Starting AppApplication on LAPTOP-SO8LCAR6 with PID 48176 (C:\project\yuyue-app\target\classes started by weili in C:\project\yuyue-app)
2019-08-28 09:50:25,990 [restartedMain] INFO  com.yuyue.app.AppApplication - No active profile set, falling back to default profiles: default
2019-08-28 09:50:26,098 [restartedMain] INFO  o.s.boot.context.embedded.AnnotationConfigEmbeddedWebApplicationContext - Refreshing org.springframework.boot.context.embedded.AnnotationConfigEmbeddedWebApplicationContext@584c7ff9: startup date [Wed Aug 28 09:50:26 GMT+08:00 2019]; root of context hierarchy
2019-08-28 09:50:26,343 [background-preinit] INFO  org.hibernate.validator.internal.util.Version - HV000001: Hibernate Validator 5.3.6.Final
2019-08-28 09:50:27,329 [restartedMain] INFO  org.springframework.data.repository.config.RepositoryConfigurationDelegate - Multiple Spring Data modules found, entering strict repository configuration mode!
2019-08-28 09:50:27,702 [restartedMain] INFO  o.springframework.beans.factory.annotation.AutowiredAnnotationBeanPostProcessor - JSR-330 'javax.inject.Inject' annotation found and supported for autowiring
2019-08-28 09:50:27,866 [restartedMain] INFO  o.s.context.support.PostProcessorRegistrationDelegate$BeanPostProcessorChecker - Bean 'org.springframework.transaction.annotation.ProxyTransactionManagementConfiguration' of type [org.springframework.transaction.annotation.ProxyTransactionManagementConfiguration$$EnhancerBySpringCGLIB$$f45230cd] is not eligible for getting processed by all BeanPostProcessors (for example: not eligible for auto-proxying)
2019-08-28 09:50:28,418 [restartedMain] INFO  org.springframework.boot.context.embedded.tomcat.TomcatEmbeddedServletContainer - Tomcat initialized with port(s): 8080 (http)
2019-08-28 09:50:28,431 [restartedMain] INFO  org.apache.coyote.http11.Http11NioProtocol - Initializing ProtocolHandler ["http-nio-8080"]
2019-08-28 09:50:28,444 [restartedMain] INFO  org.apache.catalina.core.StandardService - Starting service [Tomcat]
2019-08-28 09:50:28,444 [restartedMain] INFO  org.apache.catalina.core.StandardEngine - Starting Servlet Engine: Apache Tomcat/8.5.31
2019-08-28 09:50:28,594 [localhost-startStop-1] INFO  org.apache.catalina.core.ContainerBase.[Tomcat].[localhost].[/] - Initializing Spring embedded WebApplicationContext
2019-08-28 09:50:28,594 [localhost-startStop-1] INFO  org.springframework.web.context.ContextLoader - Root WebApplicationContext: initialization completed in 2497 ms
2019-08-28 09:50:28,904 [localhost-startStop-1] INFO  org.springframework.boot.web.servlet.ServletRegistrationBean - Mapping servlet: 'statViewServlet' to [/druid/*]
2019-08-28 09:50:28,905 [localhost-startStop-1] INFO  org.springframework.boot.web.servlet.ServletRegistrationBean - Mapping servlet: 'dispatcherServlet' to [/]
2019-08-28 09:50:28,906 [localhost-startStop-1] INFO  org.springframework.boot.web.servlet.ServletRegistrationBean - Mapping servlet: 'statViewServlet' to [/druid/*]
2019-08-28 09:50:28,906 [localhost-startStop-1] INFO  org.springframework.boot.web.servlet.ServletRegistrationBean - Servlet statViewServlet was not registered (possibly already registered?)
2019-08-28 09:50:28,909 [localhost-startStop-1] INFO  org.springframework.boot.web.servlet.FilterRegistrationBean - Mapping filter: 'characterEncodingFilter' to: [/*]
2019-08-28 09:50:28,909 [localhost-startStop-1] INFO  org.springframework.boot.web.servlet.FilterRegistrationBean - Mapping filter: 'hiddenHttpMethodFilter' to: [/*]
2019-08-28 09:50:28,909 [localhost-startStop-1] INFO  org.springframework.boot.web.servlet.FilterRegistrationBean - Mapping filter: 'httpPutFormContentFilter' to: [/*]
2019-08-28 09:50:28,910 [localhost-startStop-1] INFO  org.springframework.boot.web.servlet.FilterRegistrationBean - Mapping filter: 'requestContextFilter' to: [/*]
2019-08-28 09:50:28,910 [localhost-startStop-1] INFO  org.springframework.boot.web.servlet.FilterRegistrationBean - Mapping filter: 'webStatFilter' to urls: [/*]
2019-08-28 09:50:28,910 [localhost-startStop-1] INFO  org.springframework.boot.web.servlet.FilterRegistrationBean - Filter webStatFilter was not registered (possibly already registered?)
2019-08-28 09:50:30,785 [restartedMain] INFO  o.springframework.web.servlet.mvc.method.annotation.RequestMappingHandlerAdapter - Looking for @ControllerAdvice: org.springframework.boot.context.embedded.AnnotationConfigEmbeddedWebApplicationContext@584c7ff9: startup date [Wed Aug 28 09:50:26 GMT+08:00 2019]; root of context hierarchy
2019-08-28 09:50:30,861 [restartedMain] INFO  o.springframework.web.servlet.mvc.method.annotation.RequestMappingHandlerMapping - Mapped "{[/barrage/getBarrages],produces=[application/json;charset=UTF-8]}" onto public com.alibaba.fastjson.JSONObject com.yuyue.app.api.controller.BarrageController.getBarrages(javax.servlet.http.HttpServletRequest)
2019-08-28 09:50:30,862 [restartedMain] INFO  o.springframework.web.servlet.mvc.method.annotation.RequestMappingHandlerMapping - Mapped "{[/barrage/addBarrages],produces=[application/json;charset=UTF-8]}" onto public com.alibaba.fastjson.JSONObject com.yuyue.app.api.controller.BarrageController.addBarrages(com.yuyue.app.api.domain.AppUser,javax.servlet.http.HttpServletRequest)
2019-08-28 09:50:30,863 [restartedMain] INFO  o.springframework.web.servlet.mvc.method.annotation.RequestMappingHandlerMapping - Mapped "{[/homePage/getCity],produces=[application/json;charset=UTF-8]}" onto public com.alibaba.fastjson.JSONObject com.yuyue.app.api.controller.HomePageController.getCity()
2019-08-28 09:50:30,863 [restartedMain] INFO  o.springframework.web.servlet.mvc.method.annotation.RequestMappingHandlerMapping - Mapped "{[/homePage/result],produces=[application/json;charset=UTF-8]}" onto public com.alibaba.fastjson.JSONObject com.yuyue.app.api.controller.HomePageController.homePage()
2019-08-28 09:50:30,863 [restartedMain] INFO  o.springframework.web.servlet.mvc.method.annotation.RequestMappingHandlerMapping - Mapped "{[/homePage/getVideo],produces=[application/json;charset=UTF-8]}" onto public com.alibaba.fastjson.JSONObject com.yuyue.app.api.controller.HomePageController.getVideo(java.lang.String)
2019-08-28 09:50:30,864 [restartedMain] INFO  o.springframework.web.servlet.mvc.method.annotation.RequestMappingHandlerMapping - Mapped "{[/],produces=[application/json;charset=UTF-8]}" onto public java.lang.String com.yuyue.app.api.controller.IController.hello()
2019-08-28 09:50:30,866 [restartedMain] INFO  o.springframework.web.servlet.mvc.method.annotation.RequestMappingHandlerMapping - Mapped "{[/login/getMessage],produces=[application/json;charset=UTF-8]}" onto public com.alibaba.fastjson.JSONObject com.yuyue.app.api.controller.LoginController.getMessage(java.lang.String)
2019-08-28 09:50:30,866 [restartedMain] INFO  o.springframework.web.servlet.mvc.method.annotation.RequestMappingHandlerMapping - Mapped "{[/login/loginByPassword],produces=[application/json;charset=UTF-8]}" onto public com.alibaba.fastjson.JSONObject com.yuyue.app.api.controller.LoginController.loginByPassword(java.lang.String,java.lang.String) throws java.lang.Exception
2019-08-28 09:50:30,866 [restartedMain] INFO  o.springframework.web.servlet.mvc.method.annotation.RequestMappingHandlerMapping - Mapped "{[/login/regist],produces=[application/json;charset=UTF-8]}" onto public com.alibaba.fastjson.JSONObject com.yuyue.app.api.controller.LoginController.regist(java.lang.String,java.lang.String,java.lang.String) throws java.lang.Exception
2019-08-28 09:50:30,867 [restartedMain] INFO  o.springframework.web.servlet.mvc.method.annotation.RequestMappingHandlerMapping - Mapped "{[/login/editPassword],produces=[application/json;charset=UTF-8]}" onto public com.alibaba.fastjson.JSONObject com.yuyue.app.api.controller.LoginController.editPassword(java.lang.String,java.lang.String,java.lang.String) throws java.lang.Exception
2019-08-28 09:50:30,867 [restartedMain] INFO  o.springframework.web.servlet.mvc.method.annotation.RequestMappingHandlerMapping - Mapped "{[/login/loginByPhone],produces=[application/json;charset=UTF-8]}" onto public com.alibaba.fastjson.JSONObject com.yuyue.app.api.controller.LoginController.loginByPhone(java.lang.String,java.lang.String)
2019-08-28 09:50:30,867 [restartedMain] INFO  o.springframework.web.servlet.mvc.method.annotation.RequestMappingHandlerMapping - Mapped "{[/login/updateAppUser],produces=[application/json;charset=UTF-8]}" onto public com.alibaba.fastjson.JSONObject com.yuyue.app.api.controller.LoginController.updateAppUser(com.yuyue.app.api.domain.AppUser,java.lang.String,java.lang.String,java.lang.String,java.lang.String,java.lang.String,java.lang.String,java.lang.String,java.lang.String,java.lang.String,java.lang.String,java.lang.String,java.lang.String,java.lang.String,java.lang.String,java.lang.String,java.lang.String,java.lang.String) throws java.lang.Exception
2019-08-28 09:50:30,868 [restartedMain] INFO  o.springframework.web.servlet.mvc.method.annotation.RequestMappingHandlerMapping - Mapped "{[/login/getJPush],produces=[application/json;charset=UTF-8]}" onto public com.alibaba.fastjson.JSONObject com.yuyue.app.api.controller.LoginController.getJPush(java.lang.String,java.lang.String,java.lang.String)
2019-08-28 09:50:30,868 [restartedMain] INFO  o.springframework.web.servlet.mvc.method.annotation.RequestMappingHandlerMapping - Mapped "{[/login/version],produces=[application/json;charset=UTF-8]}" onto public com.alibaba.fastjson.JSONObject com.yuyue.app.api.controller.LoginController.getVersion(java.lang.String)
2019-08-28 09:50:30,869 [restartedMain] INFO  o.springframework.web.servlet.mvc.method.annotation.RequestMappingHandlerMapping - Mapped "{[/myController/feedback],produces=[application/json;charset=UTF-8]}" onto public com.alibaba.fastjson.JSONObject com.yuyue.app.api.controller.MyController.addBarrages(com.yuyue.app.api.domain.AppUser,javax.servlet.http.HttpServletRequest)
2019-08-28 09:50:30,872 [restartedMain] INFO  o.springframework.web.servlet.mvc.method.annotation.RequestMappingHandlerMapping - Mapped "{[/pay/payYuYue],produces=[application/json;charset=UTF-8]}" onto public com.alibaba.fastjson.JSONObject com.yuyue.app.api.controller.PayController.payYuYue(com.yuyue.app.api.domain.Order) throws java.lang.Exception
2019-08-28 09:50:30,872 [restartedMain] INFO  o.springframework.web.servlet.mvc.method.annotation.RequestMappingHandlerMapping - Mapped "{[/pay/wxpayNotify],produces=[application/json;charset=UTF-8]}" onto public com.alibaba.fastjson.JSONObject com.yuyue.app.api.controller.PayController.wxpay(javax.servlet.http.HttpServletRequest) throws java.lang.Exception
2019-08-28 09:50:30,873 [restartedMain] INFO  o.springframework.web.servlet.mvc.method.annotation.RequestMappingHandlerMapping - Mapped "{[/pay/alipayNotify],produces=[application/json;charset=UTF-8]}" onto public com.alibaba.fastjson.JSONObject com.yuyue.app.api.controller.PayController.alipayNotify(javax.servlet.http.HttpServletRequest,javax.servlet.http.HttpServletResponse) throws java.lang.Exception
2019-08-28 09:50:30,874 [restartedMain] INFO  o.springframework.web.servlet.mvc.method.annotation.RequestMappingHandlerMapping - Mapped "{[/send/sendJPush],produces=[application/json;charset=UTF-8]}" onto public com.alibaba.fastjson.JSONObject com.yuyue.app.api.controller.SendSmsController.sendJPush()
2019-08-28 09:50:30,874 [restartedMain] INFO  o.springframework.web.servlet.mvc.method.annotation.RequestMappingHandlerMapping - Mapped "{[/send/sendSms],produces=[application/json;charset=UTF-8]}" onto public com.alibaba.fastjson.JSONObject com.yuyue.app.api.controller.SendSmsController.sendSms(javax.servlet.http.HttpServletRequest)
2019-08-28 09:50:30,875 [restartedMain] INFO  o.springframework.web.servlet.mvc.method.annotation.RequestMappingHandlerMapping - Mapped "{[/uploadFile/delfile],produces=[application/json;charset=UTF-8]}" onto public com.alibaba.fastjson.JSONObject com.yuyue.app.api.controller.UploadFileController.delfile(java.lang.String,java.lang.String) throws java.lang.Exception
2019-08-28 09:50:30,876 [restartedMain] INFO  o.springframework.web.servlet.mvc.method.annotation.RequestMappingHandlerMapping - Mapped "{[/uploadFile/fileDetail],produces=[application/json;charset=UTF-8]}" onto public com.alibaba.fastjson.JSONObject com.yuyue.app.api.controller.UploadFileController.fileDetail(java.lang.String,java.lang.String)
2019-08-28 09:50:30,876 [restartedMain] INFO  o.springframework.web.servlet.mvc.method.annotation.RequestMappingHandlerMapping - Mapped "{[/uploadFile/getRelease],produces=[application/json;charset=UTF-8]}" onto public com.alibaba.fastjson.JSONObject com.yuyue.app.api.controller.UploadFileController.getRelease(java.lang.String,java.lang.String,java.lang.String,java.lang.String,java.lang.String) throws java.lang.Exception
2019-08-28 09:50:30,877 [restartedMain] INFO  o.springframework.web.servlet.mvc.method.annotation.RequestMappingHandlerMapping - Mapped "{[/uploadFile/uploadServer],produces=[application/json;charset=UTF-8]}" onto public com.alibaba.fastjson.JSONObject com.yuyue.app.api.controller.UploadFileController.uploadFileServer(org.springframework.web.multipart.MultipartFile[],com.yuyue.app.api.domain.AppUser,java.lang.String,java.lang.String,java.lang.String) throws java.lang.Exception
2019-08-28 09:50:30,877 [restartedMain] INFO  o.springframework.web.servlet.mvc.method.annotation.RequestMappingHandlerMapping - Mapped "{[/uploadFile/downloadFile],produces=[application/json;charset=UTF-8]}" onto public void com.yuyue.app.api.controller.UploadFileController.downloadFile(java.lang.String,java.lang.String,javax.servlet.http.HttpServletResponse) throws java.io.IOException
2019-08-28 09:50:30,881 [restartedMain] INFO  o.springframework.web.servlet.mvc.method.annotation.RequestMappingHandlerMapping - Mapped "{[/userComment/addComment],produces=[application/json;charset=UTF-8]}" onto public com.alibaba.fastjson.JSONObject com.yuyue.app.api.controller.UserCommentController.addComment(javax.servlet.http.HttpServletRequest,com.yuyue.app.api.domain.AppUser)
2019-08-28 09:50:30,881 [restartedMain] INFO  o.springframework.web.servlet.mvc.method.annotation.RequestMappingHandlerMapping - Mapped "{[/userComment/getAllComment],produces=[application/json;charset=UTF-8]}" onto public com.alibaba.fastjson.JSONObject com.yuyue.app.api.controller.UserCommentController.getAllComment(java.lang.String)
2019-08-28 09:50:30,882 [restartedMain] INFO  o.springframework.web.servlet.mvc.method.annotation.RequestMappingHandlerMapping - Mapped "{[/userComment/cancelAttention],produces=[application/json;charset=UTF-8]}" onto public com.alibaba.fastjson.JSONObject com.yuyue.app.api.controller.UserCommentController.cancelAttention(com.yuyue.app.api.domain.AppUser,java.lang.String)
2019-08-28 09:50:30,882 [restartedMain] INFO  o.springframework.web.servlet.mvc.method.annotation.RequestMappingHandlerMapping - Mapped "{[/userComment/insertToLikeList],produces=[application/json;charset=UTF-8]}" onto public com.alibaba.fastjson.JSONObject com.yuyue.app.api.controller.UserCommentController.insertToLikeList(com.yuyue.app.api.domain.AppUser,java.lang.String,java.lang.String)
2019-08-28 09:50:30,883 [restartedMain] INFO  o.springframework.web.servlet.mvc.method.annotation.RequestMappingHandlerMapping - Mapped "{[/userComment/getFansSum],produces=[application/json;charset=UTF-8]}" onto public com.alibaba.fastjson.JSONObject com.yuyue.app.api.controller.UserCommentController.getFansSum(com.yuyue.app.api.domain.AppUser)
2019-08-28 09:50:30,883 [restartedMain] INFO  o.springframework.web.servlet.mvc.method.annotation.RequestMappingHandlerMapping - Mapped "{[/userComment/getUserAttention],produces=[application/json;charset=UTF-8]}" onto public com.alibaba.fastjson.JSONObject com.yuyue.app.api.controller.UserCommentController.getUserAttention(com.yuyue.app.api.domain.AppUser)
2019-08-28 09:50:30,884 [restartedMain] INFO  o.springframework.web.servlet.mvc.method.annotation.RequestMappingHandlerMapping - Mapped "{[/userComment/addAttention],produces=[application/json;charset=UTF-8]}" onto public com.alibaba.fastjson.JSONObject com.yuyue.app.api.controller.UserCommentController.addAttention(com.yuyue.app.api.domain.AppUser,java.lang.String)
2019-08-28 09:50:30,884 [restartedMain] INFO  o.springframework.web.servlet.mvc.method.annotation.RequestMappingHandlerMapping - Mapped "{[/userComment/deleteComment],produces=[application/json;charset=UTF-8]}" onto public com.alibaba.fastjson.JSONObject com.yuyue.app.api.controller.UserCommentController.deleteComment(javax.servlet.http.HttpServletRequest,com.yuyue.app.api.domain.AppUser)
2019-08-28 09:50:30,884 [restartedMain] INFO  o.springframework.web.servlet.mvc.method.annotation.RequestMappingHandlerMapping - Mapped "{[/userComment/getLikeList],produces=[application/json;charset=UTF-8]}" onto public com.alibaba.fastjson.JSONObject com.yuyue.app.api.controller.UserCommentController.getLikeList(com.yuyue.app.api.domain.AppUser)
2019-08-28 09:50:30,888 [restartedMain] INFO  o.springframework.web.servlet.mvc.method.annotation.RequestMappingHandlerMapping - Mapped "{[/error]}" onto public org.springframework.http.ResponseEntity<java.util.Map<java.lang.String, java.lang.Object>> org.springframework.boot.autoconfigure.web.BasicErrorController.error(javax.servlet.http.HttpServletRequest)
2019-08-28 09:50:30,889 [restartedMain] INFO  o.springframework.web.servlet.mvc.method.annotation.RequestMappingHandlerMapping - Mapped "{[/error],produces=[text/html]}" onto public org.springframework.web.servlet.ModelAndView org.springframework.boot.autoconfigure.web.BasicErrorController.errorHtml(javax.servlet.http.HttpServletRequest,javax.servlet.http.HttpServletResponse)
2019-08-28 09:50:30,934 [restartedMain] INFO  org.springframework.web.servlet.handler.SimpleUrlHandlerMapping - Mapped URL path [/webjars/**] onto handler of type [class org.springframework.web.servlet.resource.ResourceHttpRequestHandler]
2019-08-28 09:50:30,934 [restartedMain] INFO  org.springframework.web.servlet.handler.SimpleUrlHandlerMapping - Mapped URL path [/**] onto handler of type [class org.springframework.web.servlet.resource.ResourceHttpRequestHandler]
2019-08-28 09:50:30,955 [restartedMain] INFO  o.s.web.servlet.mvc.method.annotation.ExceptionHandlerExceptionResolver - Detected @ExceptionHandler methods in globalExceptionHandler
2019-08-28 09:50:30,982 [restartedMain] INFO  org.springframework.web.servlet.handler.SimpleUrlHandlerMapping - Mapped URL path [/**/favicon.ico] onto handler of type [class org.springframework.web.servlet.resource.ResourceHttpRequestHandler]
2019-08-28 09:50:31,721 [restartedMain] INFO  org.springframework.boot.devtools.autoconfigure.OptionalLiveReloadServer - LiveReload server is running on port 35729
2019-08-28 09:50:31,881 [restartedMain] INFO  org.springframework.jmx.export.annotation.AnnotationMBeanExporter - Registering beans for JMX exposure on startup
2019-08-28 09:50:31,882 [restartedMain] INFO  org.springframework.jmx.export.annotation.AnnotationMBeanExporter - Bean with name 'fdfsConnectionPool' has been autodetected for JMX exposure
2019-08-28 09:50:31,882 [restartedMain] INFO  org.springframework.jmx.export.annotation.AnnotationMBeanExporter - Bean with name 'getDruidDS' has been autodetected for JMX exposure
2019-08-28 09:50:31,883 [restartedMain] INFO  org.springframework.jmx.export.annotation.AnnotationMBeanExporter - Bean with name 'statFilter' has been autodetected for JMX exposure
2019-08-28 09:50:31,889 [restartedMain] INFO  org.springframework.jmx.export.annotation.AnnotationMBeanExporter - Located MBean 'fdfsConnectionPool': registering with JMX server as MBean [com.github.tobato.fastdfs.conn:name=fdfsConnectionPool,type=FdfsConnectionPool]
2019-08-28 09:50:31,889 [restartedMain] INFO  org.springframework.jmx.export.annotation.AnnotationMBeanExporter - Located MBean 'getDruidDS': registering with JMX server as MBean [com.alibaba.druid.pool:name=getDruidDS,type=DruidDataSource]
2019-08-28 09:50:31,891 [restartedMain] INFO  org.springframework.jmx.export.annotation.AnnotationMBeanExporter - Located MBean 'statFilter': registering with JMX server as MBean [com.alibaba.druid.filter.stat:name=statFilter,type=StatFilter]
2019-08-28 09:50:31,901 [restartedMain] INFO  org.springframework.scheduling.annotation.ScheduledAnnotationBeanPostProcessor - No TaskScheduler/ScheduledExecutorService bean found for scheduled processing
2019-08-28 09:50:31,911 [restartedMain] INFO  org.apache.coyote.http11.Http11NioProtocol - Starting ProtocolHandler ["http-nio-8080"]
2019-08-28 09:50:31,922 [restartedMain] INFO  org.apache.tomcat.util.net.NioSelectorPool - Using a shared selector for servlet write/read
2019-08-28 09:50:31,942 [restartedMain] INFO  org.springframework.boot.context.embedded.tomcat.TomcatEmbeddedServletContainer - Tomcat started on port(s): 8080 (http)
2019-08-28 09:50:31,948 [restartedMain] INFO  com.yuyue.app.AppApplication - Started AppApplication in 6.5 seconds (JVM running for 9.646)
2019-08-28 09:51:06,808 [http-nio-8080-exec-1] INFO  org.apache.catalina.core.ContainerBase.[Tomcat].[localhost].[/] - Initializing Spring FrameworkServlet 'dispatcherServlet'
2019-08-28 09:51:06,808 [http-nio-8080-exec-1] INFO  org.springframework.web.servlet.DispatcherServlet - FrameworkServlet 'dispatcherServlet': initialization started
2019-08-28 09:51:06,836 [http-nio-8080-exec-1] INFO  org.springframework.web.servlet.DispatcherServlet - FrameworkServlet 'dispatcherServlet': initialization completed in 28 ms
2019-08-28 09:52:24,970 [Thread-21] INFO  o.s.boot.context.embedded.AnnotationConfigEmbeddedWebApplicationContext - Closing org.springframework.boot.context.embedded.AnnotationConfigEmbeddedWebApplicationContext@584c7ff9: startup date [Wed Aug 28 09:50:26 GMT+08:00 2019]; root of context hierarchy
2019-08-28 09:52:24,974 [Thread-21] INFO  org.springframework.jmx.export.annotation.AnnotationMBeanExporter - Unregistering JMX-exposed beans on shutdown
2019-08-28 09:52:24,974 [Thread-21] INFO  org.springframework.jmx.export.annotation.AnnotationMBeanExporter - Unregistering JMX-exposed beans
2019-08-28 09:52:31,544 [restartedMain] INFO  com.yuyue.app.AppApplication - Starting AppApplication on LAPTOP-SO8LCAR6 with PID 51452 (C:\project\yuyue-app\target\classes started by weili in C:\project\yuyue-app)
2019-08-28 09:52:31,545 [restartedMain] INFO  com.yuyue.app.AppApplication - No active profile set, falling back to default profiles: default
2019-08-28 09:52:31,698 [restartedMain] INFO  o.s.boot.context.embedded.AnnotationConfigEmbeddedWebApplicationContext - Refreshing org.springframework.boot.context.embedded.AnnotationConfigEmbeddedWebApplicationContext@7c74f6e9: startup date [Wed Aug 28 09:52:31 GMT+08:00 2019]; root of context hierarchy
2019-08-28 09:52:31,971 [background-preinit] INFO  org.hibernate.validator.internal.util.Version - HV000001: Hibernate Validator 5.3.6.Final
2019-08-28 09:52:32,935 [restartedMain] INFO  org.springframework.data.repository.config.RepositoryConfigurationDelegate - Multiple Spring Data modules found, entering strict repository configuration mode!
2019-08-28 09:52:33,306 [restartedMain] INFO  o.springframework.beans.factory.annotation.AutowiredAnnotationBeanPostProcessor - JSR-330 'javax.inject.Inject' annotation found and supported for autowiring
2019-08-28 09:52:33,510 [restartedMain] INFO  o.s.context.support.PostProcessorRegistrationDelegate$BeanPostProcessorChecker - Bean 'org.springframework.transaction.annotation.ProxyTransactionManagementConfiguration' of type [org.springframework.transaction.annotation.ProxyTransactionManagementConfiguration$$EnhancerBySpringCGLIB$$90c4518b] is not eligible for getting processed by all BeanPostProcessors (for example: not eligible for auto-proxying)
2019-08-28 09:52:33,989 [restartedMain] INFO  org.springframework.boot.context.embedded.tomcat.TomcatEmbeddedServletContainer - Tomcat initialized with port(s): 8080 (http)
2019-08-28 09:52:34,001 [restartedMain] INFO  org.apache.coyote.http11.Http11NioProtocol - Initializing ProtocolHandler ["http-nio-8080"]
2019-08-28 09:52:34,010 [restartedMain] INFO  org.apache.catalina.core.StandardService - Starting service [Tomcat]
2019-08-28 09:52:34,010 [restartedMain] INFO  org.apache.catalina.core.StandardEngine - Starting Servlet Engine: Apache Tomcat/8.5.31
2019-08-28 09:52:34,144 [localhost-startStop-1] INFO  org.apache.catalina.core.ContainerBase.[Tomcat].[localhost].[/] - Initializing Spring embedded WebApplicationContext
2019-08-28 09:52:34,145 [localhost-startStop-1] INFO  org.springframework.web.context.ContextLoader - Root WebApplicationContext: initialization completed in 2447 ms
2019-08-28 09:52:34,411 [localhost-startStop-1] INFO  org.springframework.boot.web.servlet.ServletRegistrationBean - Mapping servlet: 'statViewServlet' to [/druid/*]
2019-08-28 09:52:34,412 [localhost-startStop-1] INFO  org.springframework.boot.web.servlet.ServletRegistrationBean - Mapping servlet: 'dispatcherServlet' to [/]
2019-08-28 09:52:34,413 [localhost-startStop-1] INFO  org.springframework.boot.web.servlet.ServletRegistrationBean - Mapping servlet: 'statViewServlet' to [/druid/*]
2019-08-28 09:52:34,413 [localhost-startStop-1] INFO  org.springframework.boot.web.servlet.ServletRegistrationBean - Servlet statViewServlet was not registered (possibly already registered?)
2019-08-28 09:52:34,417 [localhost-startStop-1] INFO  org.springframework.boot.web.servlet.FilterRegistrationBean - Mapping filter: 'characterEncodingFilter' to: [/*]
2019-08-28 09:52:34,418 [localhost-startStop-1] INFO  org.springframework.boot.web.servlet.FilterRegistrationBean - Mapping filter: 'hiddenHttpMethodFilter' to: [/*]
2019-08-28 09:52:34,418 [localhost-startStop-1] INFO  org.springframework.boot.web.servlet.FilterRegistrationBean - Mapping filter: 'httpPutFormContentFilter' to: [/*]
2019-08-28 09:52:34,418 [localhost-startStop-1] INFO  org.springframework.boot.web.servlet.FilterRegistrationBean - Mapping filter: 'requestContextFilter' to: [/*]
2019-08-28 09:52:34,418 [localhost-startStop-1] INFO  org.springframework.boot.web.servlet.FilterRegistrationBean - Mapping filter: 'webStatFilter' to urls: [/*]
2019-08-28 09:52:34,418 [localhost-startStop-1] INFO  org.springframework.boot.web.servlet.FilterRegistrationBean - Filter webStatFilter was not registered (possibly already registered?)
2019-08-28 09:52:36,242 [restartedMain] INFO  o.springframework.web.servlet.mvc.method.annotation.RequestMappingHandlerAdapter - Looking for @ControllerAdvice: org.springframework.boot.context.embedded.AnnotationConfigEmbeddedWebApplicationContext@7c74f6e9: startup date [Wed Aug 28 09:52:31 GMT+08:00 2019]; root of context hierarchy
2019-08-28 09:52:36,295 [restartedMain] INFO  o.springframework.web.servlet.mvc.method.annotation.RequestMappingHandlerMapping - Mapped "{[/barrage/getBarrages],produces=[application/json;charset=UTF-8]}" onto public com.alibaba.fastjson.JSONObject com.yuyue.app.api.controller.BarrageController.getBarrages(javax.servlet.http.HttpServletRequest)
2019-08-28 09:52:36,296 [restartedMain] INFO  o.springframework.web.servlet.mvc.method.annotation.RequestMappingHandlerMapping - Mapped "{[/barrage/addBarrages],produces=[application/json;charset=UTF-8]}" onto public com.alibaba.fastjson.JSONObject com.yuyue.app.api.controller.BarrageController.addBarrages(com.yuyue.app.api.domain.AppUser,javax.servlet.http.HttpServletRequest)
2019-08-28 09:52:36,296 [restartedMain] INFO  o.springframework.web.servlet.mvc.method.annotation.RequestMappingHandlerMapping - Mapped "{[/homePage/result],produces=[application/json;charset=UTF-8]}" onto public com.alibaba.fastjson.JSONObject com.yuyue.app.api.controller.HomePageController.homePage()
2019-08-28 09:52:36,297 [restartedMain] INFO  o.springframework.web.servlet.mvc.method.annotation.RequestMappingHandlerMapping - Mapped "{[/homePage/getVideo],produces=[application/json;charset=UTF-8]}" onto public com.alibaba.fastjson.JSONObject com.yuyue.app.api.controller.HomePageController.getVideo(java.lang.String)
2019-08-28 09:52:36,297 [restartedMain] INFO  o.springframework.web.servlet.mvc.method.annotation.RequestMappingHandlerMapping - Mapped "{[/homePage/getCity],produces=[application/json;charset=UTF-8]}" onto public com.alibaba.fastjson.JSONObject com.yuyue.app.api.controller.HomePageController.getCity()
2019-08-28 09:52:36,297 [restartedMain] INFO  o.springframework.web.servlet.mvc.method.annotation.RequestMappingHandlerMapping - Mapped "{[/],produces=[application/json;charset=UTF-8]}" onto public java.lang.String com.yuyue.app.api.controller.IController.hello()
2019-08-28 09:52:36,299 [restartedMain] INFO  o.springframework.web.servlet.mvc.method.annotation.RequestMappingHandlerMapping - Mapped "{[/login/getMessage],produces=[application/json;charset=UTF-8]}" onto public com.alibaba.fastjson.JSONObject com.yuyue.app.api.controller.LoginController.getMessage(java.lang.String)
2019-08-28 09:52:36,299 [restartedMain] INFO  o.springframework.web.servlet.mvc.method.annotation.RequestMappingHandlerMapping - Mapped "{[/login/version],produces=[application/json;charset=UTF-8]}" onto public com.alibaba.fastjson.JSONObject com.yuyue.app.api.controller.LoginController.getVersion(java.lang.String)
2019-08-28 09:52:36,300 [restartedMain] INFO  o.springframework.web.servlet.mvc.method.annotation.RequestMappingHandlerMapping - Mapped "{[/login/loginByPassword],produces=[application/json;charset=UTF-8]}" onto public com.alibaba.fastjson.JSONObject com.yuyue.app.api.controller.LoginController.loginByPassword(java.lang.String,java.lang.String) throws java.lang.Exception
2019-08-28 09:52:36,300 [restartedMain] INFO  o.springframework.web.servlet.mvc.method.annotation.RequestMappingHandlerMapping - Mapped "{[/login/updateAppUser],produces=[application/json;charset=UTF-8]}" onto public com.alibaba.fastjson.JSONObject com.yuyue.app.api.controller.LoginController.updateAppUser(com.yuyue.app.api.domain.AppUser,java.lang.String,java.lang.String,java.lang.String,java.lang.String,java.lang.String,java.lang.String,java.lang.String,java.lang.String,java.lang.String,java.lang.String,java.lang.String,java.lang.String,java.lang.String,java.lang.String,java.lang.String,java.lang.String,java.lang.String) throws java.lang.Exception
2019-08-28 09:52:36,300 [restartedMain] INFO  o.springframework.web.servlet.mvc.method.annotation.RequestMappingHandlerMapping - Mapped "{[/login/editPassword],produces=[application/json;charset=UTF-8]}" onto public com.alibaba.fastjson.JSONObject com.yuyue.app.api.controller.LoginController.editPassword(java.lang.String,java.lang.String,java.lang.String) throws java.lang.Exception
2019-08-28 09:52:36,301 [restartedMain] INFO  o.springframework.web.servlet.mvc.method.annotation.RequestMappingHandlerMapping - Mapped "{[/login/regist],produces=[application/json;charset=UTF-8]}" onto public com.alibaba.fastjson.JSONObject com.yuyue.app.api.controller.LoginController.regist(java.lang.String,java.lang.String,java.lang.String) throws java.lang.Exception
2019-08-28 09:52:36,301 [restartedMain] INFO  o.springframework.web.servlet.mvc.method.annotation.RequestMappingHandlerMapping - Mapped "{[/login/loginByPhone],produces=[application/json;charset=UTF-8]}" onto public com.alibaba.fastjson.JSONObject com.yuyue.app.api.controller.LoginController.loginByPhone(java.lang.String,java.lang.String)
2019-08-28 09:52:36,301 [restartedMain] INFO  o.springframework.web.servlet.mvc.method.annotation.RequestMappingHandlerMapping - Mapped "{[/login/getJPush],produces=[application/json;charset=UTF-8]}" onto public com.alibaba.fastjson.JSONObject com.yuyue.app.api.controller.LoginController.getJPush(java.lang.String,java.lang.String,java.lang.String)
2019-08-28 09:52:36,302 [restartedMain] INFO  o.springframework.web.servlet.mvc.method.annotation.RequestMappingHandlerMapping - Mapped "{[/myController/feedback],produces=[application/json;charset=UTF-8]}" onto public com.alibaba.fastjson.JSONObject com.yuyue.app.api.controller.MyController.addBarrages(com.yuyue.app.api.domain.AppUser,javax.servlet.http.HttpServletRequest)
2019-08-28 09:52:36,305 [restartedMain] INFO  o.springframework.web.servlet.mvc.method.annotation.RequestMappingHandlerMapping - Mapped "{[/pay/wxpayNotify],produces=[application/json;charset=UTF-8]}" onto public com.alibaba.fastjson.JSONObject com.yuyue.app.api.controller.PayController.wxpay(javax.servlet.http.HttpServletRequest) throws java.lang.Exception
2019-08-28 09:52:36,305 [restartedMain] INFO  o.springframework.web.servlet.mvc.method.annotation.RequestMappingHandlerMapping - Mapped "{[/pay/alipayNotify],produces=[application/json;charset=UTF-8]}" onto public com.alibaba.fastjson.JSONObject com.yuyue.app.api.controller.PayController.alipayNotify(javax.servlet.http.HttpServletRequest,javax.servlet.http.HttpServletResponse) throws java.lang.Exception
2019-08-28 09:52:36,305 [restartedMain] INFO  o.springframework.web.servlet.mvc.method.annotation.RequestMappingHandlerMapping - Mapped "{[/pay/payYuYue],produces=[application/json;charset=UTF-8]}" onto public com.alibaba.fastjson.JSONObject com.yuyue.app.api.controller.PayController.payYuYue(com.yuyue.app.api.domain.Order) throws java.lang.Exception
2019-08-28 09:52:36,306 [restartedMain] INFO  o.springframework.web.servlet.mvc.method.annotation.RequestMappingHandlerMapping - Mapped "{[/send/sendSms],produces=[application/json;charset=UTF-8]}" onto public com.alibaba.fastjson.JSONObject com.yuyue.app.api.controller.SendSmsController.sendSms(javax.servlet.http.HttpServletRequest)
2019-08-28 09:52:36,306 [restartedMain] INFO  o.springframework.web.servlet.mvc.method.annotation.RequestMappingHandlerMapping - Mapped "{[/send/sendJPush],produces=[application/json;charset=UTF-8]}" onto public com.alibaba.fastjson.JSONObject com.yuyue.app.api.controller.SendSmsController.sendJPush()
2019-08-28 09:52:36,307 [restartedMain] INFO  o.springframework.web.servlet.mvc.method.annotation.RequestMappingHandlerMapping - Mapped "{[/uploadFile/fileDetail],produces=[application/json;charset=UTF-8]}" onto public com.alibaba.fastjson.JSONObject com.yuyue.app.api.controller.UploadFileController.fileDetail(java.lang.String,java.lang.String)
2019-08-28 09:52:36,307 [restartedMain] INFO  o.springframework.web.servlet.mvc.method.annotation.RequestMappingHandlerMapping - Mapped "{[/uploadFile/downloadFile],produces=[application/json;charset=UTF-8]}" onto public void com.yuyue.app.api.controller.UploadFileController.downloadFile(java.lang.String,java.lang.String,javax.servlet.http.HttpServletResponse) throws java.io.IOException
2019-08-28 09:52:36,307 [restartedMain] INFO  o.springframework.web.servlet.mvc.method.annotation.RequestMappingHandlerMapping - Mapped "{[/uploadFile/getRelease],produces=[application/json;charset=UTF-8]}" onto public com.alibaba.fastjson.JSONObject com.yuyue.app.api.controller.UploadFileController.getRelease(java.lang.String,java.lang.String,java.lang.String,java.lang.String,java.lang.String) throws java.lang.Exception
2019-08-28 09:52:36,308 [restartedMain] INFO  o.springframework.web.servlet.mvc.method.annotation.RequestMappingHandlerMapping - Mapped "{[/uploadFile/uploadServer],produces=[application/json;charset=UTF-8]}" onto public com.alibaba.fastjson.JSONObject com.yuyue.app.api.controller.UploadFileController.uploadFileServer(org.springframework.web.multipart.MultipartFile[],com.yuyue.app.api.domain.AppUser,java.lang.String,java.lang.String,java.lang.String) throws java.lang.Exception
2019-08-28 09:52:36,308 [restartedMain] INFO  o.springframework.web.servlet.mvc.method.annotation.RequestMappingHandlerMapping - Mapped "{[/uploadFile/delfile],produces=[application/json;charset=UTF-8]}" onto public com.alibaba.fastjson.JSONObject com.yuyue.app.api.controller.UploadFileController.delfile(java.lang.String,java.lang.String) throws java.lang.Exception
2019-08-28 09:52:36,309 [restartedMain] INFO  o.springframework.web.servlet.mvc.method.annotation.RequestMappingHandlerMapping - Mapped "{[/userComment/cancelAttention],produces=[application/json;charset=UTF-8]}" onto public com.alibaba.fastjson.JSONObject com.yuyue.app.api.controller.UserCommentController.cancelAttention(com.yuyue.app.api.domain.AppUser,java.lang.String)
2019-08-28 09:52:36,310 [restartedMain] INFO  o.springframework.web.servlet.mvc.method.annotation.RequestMappingHandlerMapping - Mapped "{[/userComment/getLikeList],produces=[application/json;charset=UTF-8]}" onto public com.alibaba.fastjson.JSONObject com.yuyue.app.api.controller.UserCommentController.getLikeList(com.yuyue.app.api.domain.AppUser)
2019-08-28 09:52:36,310 [restartedMain] INFO  o.springframework.web.servlet.mvc.method.annotation.RequestMappingHandlerMapping - Mapped "{[/userComment/getFansSum],produces=[application/json;charset=UTF-8]}" onto public com.alibaba.fastjson.JSONObject com.yuyue.app.api.controller.UserCommentController.getFansSum(com.yuyue.app.api.domain.AppUser)
2019-08-28 09:52:36,310 [restartedMain] INFO  o.springframework.web.servlet.mvc.method.annotation.RequestMappingHandlerMapping - Mapped "{[/userComment/insertToLikeList],produces=[application/json;charset=UTF-8]}" onto public com.alibaba.fastjson.JSONObject com.yuyue.app.api.controller.UserCommentController.insertToLikeList(com.yuyue.app.api.domain.AppUser,java.lang.String,java.lang.String)
2019-08-28 09:52:36,311 [restartedMain] INFO  o.springframework.web.servlet.mvc.method.annotation.RequestMappingHandlerMapping - Mapped "{[/userComment/addAttention],produces=[application/json;charset=UTF-8]}" onto public com.alibaba.fastjson.JSONObject com.yuyue.app.api.controller.UserCommentController.addAttention(com.yuyue.app.api.domain.AppUser,java.lang.String)
2019-08-28 09:52:36,311 [restartedMain] INFO  o.springframework.web.servlet.mvc.method.annotation.RequestMappingHandlerMapping - Mapped "{[/userComment/getUserAttention],produces=[application/json;charset=UTF-8]}" onto public com.alibaba.fastjson.JSONObject com.yuyue.app.api.controller.UserCommentController.getUserAttention(com.yuyue.app.api.domain.AppUser)
2019-08-28 09:52:36,311 [restartedMain] INFO  o.springframework.web.servlet.mvc.method.annotation.RequestMappingHandlerMapping - Mapped "{[/userComment/getAllComment],produces=[application/json;charset=UTF-8]}" onto public com.alibaba.fastjson.JSONObject com.yuyue.app.api.controller.UserCommentController.getAllComment(java.lang.String)
2019-08-28 09:52:36,312 [restartedMain] INFO  o.springframework.web.servlet.mvc.method.annotation.RequestMappingHandlerMapping - Mapped "{[/userComment/deleteComment],produces=[application/json;charset=UTF-8]}" onto public com.alibaba.fastjson.JSONObject com.yuyue.app.api.controller.UserCommentController.deleteComment(javax.servlet.http.HttpServletRequest,com.yuyue.app.api.domain.AppUser)
2019-08-28 09:52:36,312 [restartedMain] INFO  o.springframework.web.servlet.mvc.method.annotation.RequestMappingHandlerMapping - Mapped "{[/userComment/addComment],produces=[application/json;charset=UTF-8]}" onto public com.alibaba.fastjson.JSONObject com.yuyue.app.api.controller.UserCommentController.addComment(javax.servlet.http.HttpServletRequest,com.yuyue.app.api.domain.AppUser)
2019-08-28 09:52:36,314 [restartedMain] INFO  o.springframework.web.servlet.mvc.method.annotation.RequestMappingHandlerMapping - Mapped "{[/error]}" onto public org.springframework.http.ResponseEntity<java.util.Map<java.lang.String, java.lang.Object>> org.springframework.boot.autoconfigure.web.BasicErrorController.error(javax.servlet.http.HttpServletRequest)
2019-08-28 09:52:36,315 [restartedMain] INFO  o.springframework.web.servlet.mvc.method.annotation.RequestMappingHandlerMapping - Mapped "{[/error],produces=[text/html]}" onto public org.springframework.web.servlet.ModelAndView org.springframework.boot.autoconfigure.web.BasicErrorController.errorHtml(javax.servlet.http.HttpServletRequest,javax.servlet.http.HttpServletResponse)
2019-08-28 09:52:36,348 [restartedMain] INFO  org.springframework.web.servlet.handler.SimpleUrlHandlerMapping - Mapped URL path [/webjars/**] onto handler of type [class org.springframework.web.servlet.resource.ResourceHttpRequestHandler]
2019-08-28 09:52:36,348 [restartedMain] INFO  org.springframework.web.servlet.handler.SimpleUrlHandlerMapping - Mapped URL path [/**] onto handler of type [class org.springframework.web.servlet.resource.ResourceHttpRequestHandler]
2019-08-28 09:52:36,367 [restartedMain] INFO  o.s.web.servlet.mvc.method.annotation.ExceptionHandlerExceptionResolver - Detected @ExceptionHandler methods in globalExceptionHandler
2019-08-28 09:52:36,392 [restartedMain] INFO  org.springframework.web.servlet.handler.SimpleUrlHandlerMapping - Mapped URL path [/**/favicon.ico] onto handler of type [class org.springframework.web.servlet.resource.ResourceHttpRequestHandler]
2019-08-28 09:52:37,076 [restartedMain] INFO  org.springframework.boot.devtools.autoconfigure.OptionalLiveReloadServer - LiveReload server is running on port 35729
2019-08-28 09:52:37,236 [restartedMain] INFO  org.springframework.jmx.export.annotation.AnnotationMBeanExporter - Registering beans for JMX exposure on startup
2019-08-28 09:52:37,237 [restartedMain] INFO  org.springframework.jmx.export.annotation.AnnotationMBeanExporter - Bean with name 'fdfsConnectionPool' has been autodetected for JMX exposure
2019-08-28 09:52:37,238 [restartedMain] INFO  org.springframework.jmx.export.annotation.AnnotationMBeanExporter - Bean with name 'getDruidDS' has been autodetected for JMX exposure
2019-08-28 09:52:37,238 [restartedMain] INFO  org.springframework.jmx.export.annotation.AnnotationMBeanExporter - Bean with name 'statFilter' has been autodetected for JMX exposure
2019-08-28 09:52:37,244 [restartedMain] INFO  org.springframework.jmx.export.annotation.AnnotationMBeanExporter - Located MBean 'fdfsConnectionPool': registering with JMX server as MBean [com.github.tobato.fastdfs.conn:name=fdfsConnectionPool,type=FdfsConnectionPool]
2019-08-28 09:52:37,245 [restartedMain] INFO  org.springframework.jmx.export.annotation.AnnotationMBeanExporter - Located MBean 'getDruidDS': registering with JMX server as MBean [com.alibaba.druid.pool:name=getDruidDS,type=DruidDataSource]
2019-08-28 09:52:37,247 [restartedMain] INFO  org.springframework.jmx.export.annotation.AnnotationMBeanExporter - Located MBean 'statFilter': registering with JMX server as MBean [com.alibaba.druid.filter.stat:name=statFilter,type=StatFilter]
2019-08-28 09:52:37,257 [restartedMain] INFO  org.springframework.scheduling.annotation.ScheduledAnnotationBeanPostProcessor - No TaskScheduler/ScheduledExecutorService bean found for scheduled processing
2019-08-28 09:52:37,264 [restartedMain] INFO  org.apache.coyote.http11.Http11NioProtocol - Starting ProtocolHandler ["http-nio-8080"]
2019-08-28 09:52:37,275 [restartedMain] INFO  org.apache.tomcat.util.net.NioSelectorPool - Using a shared selector for servlet write/read
2019-08-28 09:52:37,293 [restartedMain] INFO  org.springframework.boot.context.embedded.tomcat.TomcatEmbeddedServletContainer - Tomcat started on port(s): 8080 (http)
2019-08-28 09:52:37,300 [restartedMain] INFO  com.yuyue.app.AppApplication - Started AppApplication in 6.631 seconds (JVM running for 8.166)
2019-08-28 09:52:41,066 [http-nio-8080-exec-1] INFO  org.apache.catalina.core.ContainerBase.[Tomcat].[localhost].[/] - Initializing Spring FrameworkServlet 'dispatcherServlet'
2019-08-28 09:52:41,067 [http-nio-8080-exec-1] INFO  org.springframework.web.servlet.DispatcherServlet - FrameworkServlet 'dispatcherServlet': initialization started
2019-08-28 09:52:41,094 [http-nio-8080-exec-1] INFO  org.springframework.web.servlet.DispatcherServlet - FrameworkServlet 'dispatcherServlet': initialization completed in 27 ms
2019-08-28 09:53:12,652 [Thread-21] INFO  o.s.boot.context.embedded.AnnotationConfigEmbeddedWebApplicationContext - Closing org.springframework.boot.context.embedded.AnnotationConfigEmbeddedWebApplicationContext@7c74f6e9: startup date [Wed Aug 28 09:52:31 GMT+08:00 2019]; root of context hierarchy
2019-08-28 09:53:12,657 [Thread-21] INFO  org.springframework.jmx.export.annotation.AnnotationMBeanExporter - Unregistering JMX-exposed beans on shutdown
2019-08-28 09:53:12,657 [Thread-21] INFO  org.springframework.jmx.export.annotation.AnnotationMBeanExporter - Unregistering JMX-exposed beans
2019-08-28 09:53:34,402 [restartedMain] INFO  com.yuyue.app.AppApplication - Starting AppApplication on LAPTOP-SO8LCAR6 with PID 43696 (C:\project\yuyue-app\target\classes started by weili in C:\project\yuyue-app)
2019-08-28 09:53:34,404 [restartedMain] INFO  com.yuyue.app.AppApplication - No active profile set, falling back to default profiles: default
2019-08-28 09:53:34,487 [restartedMain] INFO  o.s.boot.context.embedded.AnnotationConfigEmbeddedWebApplicationContext - Refreshing org.springframework.boot.context.embedded.AnnotationConfigEmbeddedWebApplicationContext@705e490c: startup date [Wed Aug 28 09:53:34 GMT+08:00 2019]; root of context hierarchy
2019-08-28 09:53:34,676 [background-preinit] INFO  org.hibernate.validator.internal.util.Version - HV000001: Hibernate Validator 5.3.6.Final
2019-08-28 09:53:35,564 [restartedMain] INFO  org.springframework.data.repository.config.RepositoryConfigurationDelegate - Multiple Spring Data modules found, entering strict repository configuration mode!
2019-08-28 09:53:35,885 [restartedMain] INFO  o.springframework.beans.factory.annotation.AutowiredAnnotationBeanPostProcessor - JSR-330 'javax.inject.Inject' annotation found and supported for autowiring
2019-08-28 09:53:36,039 [restartedMain] INFO  o.s.context.support.PostProcessorRegistrationDelegate$BeanPostProcessorChecker - Bean 'org.springframework.transaction.annotation.ProxyTransactionManagementConfiguration' of type [org.springframework.transaction.annotation.ProxyTransactionManagementConfiguration$$EnhancerBySpringCGLIB$$c9cde480] is not eligible for getting processed by all BeanPostProcessors (for example: not eligible for auto-proxying)
2019-08-28 09:53:36,519 [restartedMain] INFO  org.springframework.boot.context.embedded.tomcat.TomcatEmbeddedServletContainer - Tomcat initialized with port(s): 8080 (http)
2019-08-28 09:53:36,533 [restartedMain] INFO  org.apache.coyote.http11.Http11NioProtocol - Initializing ProtocolHandler ["http-nio-8080"]
2019-08-28 09:53:36,545 [restartedMain] INFO  org.apache.catalina.core.StandardService - Starting service [Tomcat]
2019-08-28 09:53:36,545 [restartedMain] INFO  org.apache.catalina.core.StandardEngine - Starting Servlet Engine: Apache Tomcat/8.5.31
2019-08-28 09:53:36,696 [localhost-startStop-1] INFO  org.apache.catalina.core.ContainerBase.[Tomcat].[localhost].[/] - Initializing Spring embedded WebApplicationContext
2019-08-28 09:53:36,697 [localhost-startStop-1] INFO  org.springframework.web.context.ContextLoader - Root WebApplicationContext: initialization completed in 2210 ms
2019-08-28 09:53:36,950 [localhost-startStop-1] INFO  org.springframework.boot.web.servlet.ServletRegistrationBean - Mapping servlet: 'statViewServlet' to [/druid/*]
2019-08-28 09:53:36,951 [localhost-startStop-1] INFO  org.springframework.boot.web.servlet.ServletRegistrationBean - Mapping servlet: 'dispatcherServlet' to [/]
2019-08-28 09:53:36,951 [localhost-startStop-1] INFO  org.springframework.boot.web.servlet.ServletRegistrationBean - Mapping servlet: 'statViewServlet' to [/druid/*]
2019-08-28 09:53:36,951 [localhost-startStop-1] INFO  org.springframework.boot.web.servlet.ServletRegistrationBean - Servlet statViewServlet was not registered (possibly already registered?)
2019-08-28 09:53:36,954 [localhost-startStop-1] INFO  org.springframework.boot.web.servlet.FilterRegistrationBean - Mapping filter: 'characterEncodingFilter' to: [/*]
2019-08-28 09:53:36,955 [localhost-startStop-1] INFO  org.springframework.boot.web.servlet.FilterRegistrationBean - Mapping filter: 'hiddenHttpMethodFilter' to: [/*]
2019-08-28 09:53:36,955 [localhost-startStop-1] INFO  org.springframework.boot.web.servlet.FilterRegistrationBean - Mapping filter: 'httpPutFormContentFilter' to: [/*]
2019-08-28 09:53:36,955 [localhost-startStop-1] INFO  org.springframework.boot.web.servlet.FilterRegistrationBean - Mapping filter: 'requestContextFilter' to: [/*]
2019-08-28 09:53:36,955 [localhost-startStop-1] INFO  org.springframework.boot.web.servlet.FilterRegistrationBean - Mapping filter: 'webStatFilter' to urls: [/*]
2019-08-28 09:53:36,955 [localhost-startStop-1] INFO  org.springframework.boot.web.servlet.FilterRegistrationBean - Filter webStatFilter was not registered (possibly already registered?)
2019-08-28 09:53:38,715 [restartedMain] INFO  o.springframework.web.servlet.mvc.method.annotation.RequestMappingHandlerAdapter - Looking for @ControllerAdvice: org.springframework.boot.context.embedded.AnnotationConfigEmbeddedWebApplicationContext@705e490c: startup date [Wed Aug 28 09:53:34 GMT+08:00 2019]; root of context hierarchy
2019-08-28 09:53:38,785 [restartedMain] INFO  o.springframework.web.servlet.mvc.method.annotation.RequestMappingHandlerMapping - Mapped "{[/barrage/addBarrages],produces=[application/json;charset=UTF-8]}" onto public com.alibaba.fastjson.JSONObject com.yuyue.app.api.controller.BarrageController.addBarrages(com.yuyue.app.api.domain.AppUser,javax.servlet.http.HttpServletRequest)
2019-08-28 09:53:38,786 [restartedMain] INFO  o.springframework.web.servlet.mvc.method.annotation.RequestMappingHandlerMapping - Mapped "{[/barrage/getBarrages],produces=[application/json;charset=UTF-8]}" onto public com.alibaba.fastjson.JSONObject com.yuyue.app.api.controller.BarrageController.getBarrages(javax.servlet.http.HttpServletRequest)
2019-08-28 09:53:38,787 [restartedMain] INFO  o.springframework.web.servlet.mvc.method.annotation.RequestMappingHandlerMapping - Mapped "{[/homePage/getCity],produces=[application/json;charset=UTF-8]}" onto public com.alibaba.fastjson.JSONObject com.yuyue.app.api.controller.HomePageController.getCity()
2019-08-28 09:53:38,787 [restartedMain] INFO  o.springframework.web.servlet.mvc.method.annotation.RequestMappingHandlerMapping - Mapped "{[/homePage/result],produces=[application/json;charset=UTF-8]}" onto public com.alibaba.fastjson.JSONObject com.yuyue.app.api.controller.HomePageController.homePage()
2019-08-28 09:53:38,788 [restartedMain] INFO  o.springframework.web.servlet.mvc.method.annotation.RequestMappingHandlerMapping - Mapped "{[/homePage/getVideo],produces=[application/json;charset=UTF-8]}" onto public com.alibaba.fastjson.JSONObject com.yuyue.app.api.controller.HomePageController.getVideo(java.lang.String)
2019-08-28 09:53:38,788 [restartedMain] INFO  o.springframework.web.servlet.mvc.method.annotation.RequestMappingHandlerMapping - Mapped "{[/],produces=[application/json;charset=UTF-8]}" onto public java.lang.String com.yuyue.app.api.controller.IController.hello()
2019-08-28 09:53:38,790 [restartedMain] INFO  o.springframework.web.servlet.mvc.method.annotation.RequestMappingHandlerMapping - Mapped "{[/login/getMessage],produces=[application/json;charset=UTF-8]}" onto public com.alibaba.fastjson.JSONObject com.yuyue.app.api.controller.LoginController.getMessage(java.lang.String)
2019-08-28 09:53:38,790 [restartedMain] INFO  o.springframework.web.servlet.mvc.method.annotation.RequestMappingHandlerMapping - Mapped "{[/login/version],produces=[application/json;charset=UTF-8]}" onto public com.alibaba.fastjson.JSONObject com.yuyue.app.api.controller.LoginController.getVersion(java.lang.String)
2019-08-28 09:53:38,790 [restartedMain] INFO  o.springframework.web.servlet.mvc.method.annotation.RequestMappingHandlerMapping - Mapped "{[/login/editPassword],produces=[application/json;charset=UTF-8]}" onto public com.alibaba.fastjson.JSONObject com.yuyue.app.api.controller.LoginController.editPassword(java.lang.String,java.lang.String,java.lang.String) throws java.lang.Exception
2019-08-28 09:53:38,790 [restartedMain] INFO  o.springframework.web.servlet.mvc.method.annotation.RequestMappingHandlerMapping - Mapped "{[/login/loginByPassword],produces=[application/json;charset=UTF-8]}" onto public com.alibaba.fastjson.JSONObject com.yuyue.app.api.controller.LoginController.loginByPassword(java.lang.String,java.lang.String) throws java.lang.Exception
2019-08-28 09:53:38,791 [restartedMain] INFO  o.springframework.web.servlet.mvc.method.annotation.RequestMappingHandlerMapping - Mapped "{[/login/getJPush],produces=[application/json;charset=UTF-8]}" onto public com.alibaba.fastjson.JSONObject com.yuyue.app.api.controller.LoginController.getJPush(java.lang.String,java.lang.String,java.lang.String)
2019-08-28 09:53:38,791 [restartedMain] INFO  o.springframework.web.servlet.mvc.method.annotation.RequestMappingHandlerMapping - Mapped "{[/login/loginByPhone],produces=[application/json;charset=UTF-8]}" onto public com.alibaba.fastjson.JSONObject com.yuyue.app.api.controller.LoginController.loginByPhone(java.lang.String,java.lang.String)
2019-08-28 09:53:38,791 [restartedMain] INFO  o.springframework.web.servlet.mvc.method.annotation.RequestMappingHandlerMapping - Mapped "{[/login/regist],produces=[application/json;charset=UTF-8]}" onto public com.alibaba.fastjson.JSONObject com.yuyue.app.api.controller.LoginController.regist(java.lang.String,java.lang.String,java.lang.String) throws java.lang.Exception
2019-08-28 09:53:38,791 [restartedMain] INFO  o.springframework.web.servlet.mvc.method.annotation.RequestMappingHandlerMapping - Mapped "{[/login/updateAppUser],produces=[application/json;charset=UTF-8]}" onto public com.alibaba.fastjson.JSONObject com.yuyue.app.api.controller.LoginController.updateAppUser(com.yuyue.app.api.domain.AppUser,java.lang.String,java.lang.String,java.lang.String,java.lang.String,java.lang.String,java.lang.String,java.lang.String,java.lang.String,java.lang.String,java.lang.String,java.lang.String,java.lang.String,java.lang.String,java.lang.String,java.lang.String,java.lang.String,java.lang.String) throws java.lang.Exception
2019-08-28 09:53:38,792 [restartedMain] INFO  o.springframework.web.servlet.mvc.method.annotation.RequestMappingHandlerMapping - Mapped "{[/myController/feedback],produces=[application/json;charset=UTF-8]}" onto public com.alibaba.fastjson.JSONObject com.yuyue.app.api.controller.MyController.addBarrages(com.yuyue.app.api.domain.AppUser,javax.servlet.http.HttpServletRequest)
2019-08-28 09:53:38,795 [restartedMain] INFO  o.springframework.web.servlet.mvc.method.annotation.RequestMappingHandlerMapping - Mapped "{[/pay/payYuYue],produces=[application/json;charset=UTF-8]}" onto public com.alibaba.fastjson.JSONObject com.yuyue.app.api.controller.PayController.payYuYue(com.yuyue.app.api.domain.Order) throws java.lang.Exception
2019-08-28 09:53:38,795 [restartedMain] INFO  o.springframework.web.servlet.mvc.method.annotation.RequestMappingHandlerMapping - Mapped "{[/pay/alipayNotify],produces=[application/json;charset=UTF-8]}" onto public com.alibaba.fastjson.JSONObject com.yuyue.app.api.controller.PayController.alipayNotify(javax.servlet.http.HttpServletRequest,javax.servlet.http.HttpServletResponse) throws java.lang.Exception
2019-08-28 09:53:38,796 [restartedMain] INFO  o.springframework.web.servlet.mvc.method.annotation.RequestMappingHandlerMapping - Mapped "{[/pay/wxpayNotify],produces=[application/json;charset=UTF-8]}" onto public com.alibaba.fastjson.JSONObject com.yuyue.app.api.controller.PayController.wxpay(javax.servlet.http.HttpServletRequest) throws java.lang.Exception
2019-08-28 09:53:38,796 [restartedMain] INFO  o.springframework.web.servlet.mvc.method.annotation.RequestMappingHandlerMapping - Mapped "{[/send/sendSms],produces=[application/json;charset=UTF-8]}" onto public com.alibaba.fastjson.JSONObject com.yuyue.app.api.controller.SendSmsController.sendSms(javax.servlet.http.HttpServletRequest)
2019-08-28 09:53:38,797 [restartedMain] INFO  o.springframework.web.servlet.mvc.method.annotation.RequestMappingHandlerMapping - Mapped "{[/send/sendJPush],produces=[application/json;charset=UTF-8]}" onto public com.alibaba.fastjson.JSONObject com.yuyue.app.api.controller.SendSmsController.sendJPush()
2019-08-28 09:53:38,798 [restartedMain] INFO  o.springframework.web.servlet.mvc.method.annotation.RequestMappingHandlerMapping - Mapped "{[/uploadFile/fileDetail],produces=[application/json;charset=UTF-8]}" onto public com.alibaba.fastjson.JSONObject com.yuyue.app.api.controller.UploadFileController.fileDetail(java.lang.String,java.lang.String)
2019-08-28 09:53:38,798 [restartedMain] INFO  o.springframework.web.servlet.mvc.method.annotation.RequestMappingHandlerMapping - Mapped "{[/uploadFile/uploadServer],produces=[application/json;charset=UTF-8]}" onto public com.alibaba.fastjson.JSONObject com.yuyue.app.api.controller.UploadFileController.uploadFileServer(org.springframework.web.multipart.MultipartFile[],com.yuyue.app.api.domain.AppUser,java.lang.String,java.lang.String,java.lang.String) throws java.lang.Exception
2019-08-28 09:53:38,798 [restartedMain] INFO  o.springframework.web.servlet.mvc.method.annotation.RequestMappingHandlerMapping - Mapped "{[/uploadFile/delfile],produces=[application/json;charset=UTF-8]}" onto public com.alibaba.fastjson.JSONObject com.yuyue.app.api.controller.UploadFileController.delfile(java.lang.String,java.lang.String) throws java.lang.Exception
2019-08-28 09:53:38,798 [restartedMain] INFO  o.springframework.web.servlet.mvc.method.annotation.RequestMappingHandlerMapping - Mapped "{[/uploadFile/getRelease],produces=[application/json;charset=UTF-8]}" onto public com.alibaba.fastjson.JSONObject com.yuyue.app.api.controller.UploadFileController.getRelease(java.lang.String,java.lang.String,java.lang.String,java.lang.String,java.lang.String) throws java.lang.Exception
2019-08-28 09:53:38,798 [restartedMain] INFO  o.springframework.web.servlet.mvc.method.annotation.RequestMappingHandlerMapping - Mapped "{[/uploadFile/downloadFile],produces=[application/json;charset=UTF-8]}" onto public void com.yuyue.app.api.controller.UploadFileController.downloadFile(java.lang.String,java.lang.String,javax.servlet.http.HttpServletResponse) throws java.io.IOException
2019-08-28 09:53:38,800 [restartedMain] INFO  o.springframework.web.servlet.mvc.method.annotation.RequestMappingHandlerMapping - Mapped "{[/userComment/insertToLikeList],produces=[application/json;charset=UTF-8]}" onto public com.alibaba.fastjson.JSONObject com.yuyue.app.api.controller.UserCommentController.insertToLikeList(com.yuyue.app.api.domain.AppUser,java.lang.String,java.lang.String)
2019-08-28 09:53:38,800 [restartedMain] INFO  o.springframework.web.servlet.mvc.method.annotation.RequestMappingHandlerMapping - Mapped "{[/userComment/cancelAttention],produces=[application/json;charset=UTF-8]}" onto public com.alibaba.fastjson.JSONObject com.yuyue.app.api.controller.UserCommentController.cancelAttention(com.yuyue.app.api.domain.AppUser,java.lang.String)
2019-08-28 09:53:38,801 [restartedMain] INFO  o.springframework.web.servlet.mvc.method.annotation.RequestMappingHandlerMapping - Mapped "{[/userComment/addComment],produces=[application/json;charset=UTF-8]}" onto public com.alibaba.fastjson.JSONObject com.yuyue.app.api.controller.UserCommentController.addComment(javax.servlet.http.HttpServletRequest,com.yuyue.app.api.domain.AppUser)
2019-08-28 09:53:38,801 [restartedMain] INFO  o.springframework.web.servlet.mvc.method.annotation.RequestMappingHandlerMapping - Mapped "{[/userComment/getAllComment],produces=[application/json;charset=UTF-8]}" onto public com.alibaba.fastjson.JSONObject com.yuyue.app.api.controller.UserCommentController.getAllComment(java.lang.String)
2019-08-28 09:53:38,801 [restartedMain] INFO  o.springframework.web.servlet.mvc.method.annotation.RequestMappingHandlerMapping - Mapped "{[/userComment/getUserAttention],produces=[application/json;charset=UTF-8]}" onto public com.alibaba.fastjson.JSONObject com.yuyue.app.api.controller.UserCommentController.getUserAttention(com.yuyue.app.api.domain.AppUser)
2019-08-28 09:53:38,801 [restartedMain] INFO  o.springframework.web.servlet.mvc.method.annotation.RequestMappingHandlerMapping - Mapped "{[/userComment/addAttention],produces=[application/json;charset=UTF-8]}" onto public com.alibaba.fastjson.JSONObject com.yuyue.app.api.controller.UserCommentController.addAttention(com.yuyue.app.api.domain.AppUser,java.lang.String)
2019-08-28 09:53:38,802 [restartedMain] INFO  o.springframework.web.servlet.mvc.method.annotation.RequestMappingHandlerMapping - Mapped "{[/userComment/getLikeList],produces=[application/json;charset=UTF-8]}" onto public com.alibaba.fastjson.JSONObject com.yuyue.app.api.controller.UserCommentController.getLikeList(com.yuyue.app.api.domain.AppUser)
2019-08-28 09:53:38,802 [restartedMain] INFO  o.springframework.web.servlet.mvc.method.annotation.RequestMappingHandlerMapping - Mapped "{[/userComment/deleteComment],produces=[application/json;charset=UTF-8]}" onto public com.alibaba.fastjson.JSONObject com.yuyue.app.api.controller.UserCommentController.deleteComment(javax.servlet.http.HttpServletRequest,com.yuyue.app.api.domain.AppUser)
2019-08-28 09:53:38,803 [restartedMain] INFO  o.springframework.web.servlet.mvc.method.annotation.RequestMappingHandlerMapping - Mapped "{[/userComment/getFansSum],produces=[application/json;charset=UTF-8]}" onto public com.alibaba.fastjson.JSONObject com.yuyue.app.api.controller.UserCommentController.getFansSum(com.yuyue.app.api.domain.AppUser)
2019-08-28 09:53:38,806 [restartedMain] INFO  o.springframework.web.servlet.mvc.method.annotation.RequestMappingHandlerMapping - Mapped "{[/error]}" onto public org.springframework.http.ResponseEntity<java.util.Map<java.lang.String, java.lang.Object>> org.springframework.boot.autoconfigure.web.BasicErrorController.error(javax.servlet.http.HttpServletRequest)
2019-08-28 09:53:38,806 [restartedMain] INFO  o.springframework.web.servlet.mvc.method.annotation.RequestMappingHandlerMapping - Mapped "{[/error],produces=[text/html]}" onto public org.springframework.web.servlet.ModelAndView org.springframework.boot.autoconfigure.web.BasicErrorController.errorHtml(javax.servlet.http.HttpServletRequest,javax.servlet.http.HttpServletResponse)
2019-08-28 09:53:38,840 [restartedMain] INFO  org.springframework.web.servlet.handler.SimpleUrlHandlerMapping - Mapped URL path [/webjars/**] onto handler of type [class org.springframework.web.servlet.resource.ResourceHttpRequestHandler]
2019-08-28 09:53:38,840 [restartedMain] INFO  org.springframework.web.servlet.handler.SimpleUrlHandlerMapping - Mapped URL path [/**] onto handler of type [class org.springframework.web.servlet.resource.ResourceHttpRequestHandler]
2019-08-28 09:53:38,858 [restartedMain] INFO  o.s.web.servlet.mvc.method.annotation.ExceptionHandlerExceptionResolver - Detected @ExceptionHandler methods in globalExceptionHandler
2019-08-28 09:53:38,883 [restartedMain] INFO  org.springframework.web.servlet.handler.SimpleUrlHandlerMapping - Mapped URL path [/**/favicon.ico] onto handler of type [class org.springframework.web.servlet.resource.ResourceHttpRequestHandler]
2019-08-28 09:53:39,633 [restartedMain] INFO  org.springframework.boot.devtools.autoconfigure.OptionalLiveReloadServer - LiveReload server is running on port 35729
2019-08-28 09:53:39,791 [restartedMain] INFO  org.springframework.jmx.export.annotation.AnnotationMBeanExporter - Registering beans for JMX exposure on startup
2019-08-28 09:53:39,792 [restartedMain] INFO  org.springframework.jmx.export.annotation.AnnotationMBeanExporter - Bean with name 'fdfsConnectionPool' has been autodetected for JMX exposure
2019-08-28 09:53:39,792 [restartedMain] INFO  org.springframework.jmx.export.annotation.AnnotationMBeanExporter - Bean with name 'getDruidDS' has been autodetected for JMX exposure
2019-08-28 09:53:39,793 [restartedMain] INFO  org.springframework.jmx.export.annotation.AnnotationMBeanExporter - Bean with name 'statFilter' has been autodetected for JMX exposure
2019-08-28 09:53:39,799 [restartedMain] INFO  org.springframework.jmx.export.annotation.AnnotationMBeanExporter - Located MBean 'fdfsConnectionPool': registering with JMX server as MBean [com.github.tobato.fastdfs.conn:name=fdfsConnectionPool,type=FdfsConnectionPool]
2019-08-28 09:53:39,800 [restartedMain] INFO  org.springframework.jmx.export.annotation.AnnotationMBeanExporter - Located MBean 'getDruidDS': registering with JMX server as MBean [com.alibaba.druid.pool:name=getDruidDS,type=DruidDataSource]
2019-08-28 09:53:39,802 [restartedMain] INFO  org.springframework.jmx.export.annotation.AnnotationMBeanExporter - Located MBean 'statFilter': registering with JMX server as MBean [com.alibaba.druid.filter.stat:name=statFilter,type=StatFilter]
2019-08-28 09:53:39,812 [restartedMain] INFO  org.springframework.scheduling.annotation.ScheduledAnnotationBeanPostProcessor - No TaskScheduler/ScheduledExecutorService bean found for scheduled processing
2019-08-28 09:53:39,818 [restartedMain] INFO  org.apache.coyote.http11.Http11NioProtocol - Starting ProtocolHandler ["http-nio-8080"]
2019-08-28 09:53:39,828 [restartedMain] INFO  org.apache.tomcat.util.net.NioSelectorPool - Using a shared selector for servlet write/read
2019-08-28 09:53:39,845 [restartedMain] INFO  org.springframework.boot.context.embedded.tomcat.TomcatEmbeddedServletContainer - Tomcat started on port(s): 8080 (http)
2019-08-28 09:53:39,850 [restartedMain] INFO  com.yuyue.app.AppApplication - Started AppApplication in 6.194 seconds (JVM running for 7.696)
2019-08-28 09:53:43,607 [http-nio-8080-exec-1] INFO  org.apache.catalina.core.ContainerBase.[Tomcat].[localhost].[/] - Initializing Spring FrameworkServlet 'dispatcherServlet'
2019-08-28 09:53:43,607 [http-nio-8080-exec-1] INFO  org.springframework.web.servlet.DispatcherServlet - FrameworkServlet 'dispatcherServlet': initialization started
2019-08-28 09:53:43,634 [http-nio-8080-exec-1] INFO  org.springframework.web.servlet.DispatcherServlet - FrameworkServlet 'dispatcherServlet': initialization completed in 26 ms
2019-08-28 09:53:44,197 [http-nio-8080-exec-1] INFO  com.alibaba.druid.pool.DruidDataSource - {dataSource-1} inited
2019-08-28 09:55:10,619 [http-nio-8080-exec-5] INFO  com.yuyue.app.api.controller.LoginController - ============AppUser(id=50D530BBA2394D25A0476182D8834ACD, userNo=267649380309086, nickName=13576034501, realName=13576034501, idType=null, idCard=null, phone=13576034501, city=null, jpushName=null, password=eab108e8a2764f58f506b72baa17d93c, salt=VG7S, total=null, sex=, addrDetail=null, headpUrl=null, userType=1, userStatus=10A, createTime=2019-08-27 15:30:12, updateTime=2019-08-27 15:30:12, attentionTotal=0, likeTotal=0, commentTotal=0, education=null, wechat=null, signature=null, userUrl=null, cardZUrl=null, cardFUrl=null, authorVideo=null)
2019-08-28 09:55:23,606 [Thread-21] INFO  o.s.boot.context.embedded.AnnotationConfigEmbeddedWebApplicationContext - Closing org.springframework.boot.context.embedded.AnnotationConfigEmbeddedWebApplicationContext@705e490c: startup date [Wed Aug 28 09:53:34 GMT+08:00 2019]; root of context hierarchy
2019-08-28 09:55:23,610 [Thread-21] INFO  org.springframework.jmx.export.annotation.AnnotationMBeanExporter - Unregistering JMX-exposed beans on shutdown
2019-08-28 09:55:23,610 [Thread-21] INFO  org.springframework.jmx.export.annotation.AnnotationMBeanExporter - Unregistering JMX-exposed beans
2019-08-28 09:55:23,619 [Thread-21] INFO  com.alibaba.druid.pool.DruidDataSource - {dataSource-1} closed
