2019-08-16 09:16:32,778 [restartedMain] INFO  com.yuyue.app.AppApplication - Starting AppApplication on LAPTOP-SO8LCAR6 with PID 15512 (C:\project\yuyue-app\target\classes started by weili in C:\project\yuyue-app)
2019-08-16 09:16:32,779 [restartedMain] INFO  com.yuyue.app.AppApplication - No active profile set, falling back to default profiles: default
2019-08-16 09:16:32,822 [restartedMain] INFO  o.s.boot.context.embedded.AnnotationConfigEmbeddedWebApplicationContext - Refreshing org.springframework.boot.context.embedded.AnnotationConfigEmbeddedWebApplicationContext@2a3186f0: startup date [Fri Aug 16 09:16:32 GMT+08:00 2019]; root of context hierarchy
2019-08-16 09:16:32,977 [background-preinit] INFO  org.hibernate.validator.internal.util.Version - HV000001: Hibernate Validator 5.3.6.Final
2019-08-16 09:16:33,639 [restartedMain] INFO  org.springframework.data.repository.config.RepositoryConfigurationDelegate - Multiple Spring Data modules found, entering strict repository configuration mode!
2019-08-16 09:16:34,050 [restartedMain] INFO  o.springframework.beans.factory.annotation.AutowiredAnnotationBeanPostProcessor - JSR-330 'javax.inject.Inject' annotation found and supported for autowiring
2019-08-16 09:16:34,212 [restartedMain] INFO  o.s.context.support.PostProcessorRegistrationDelegate$BeanPostProcessorChecker - Bean 'org.springframework.transaction.annotation.ProxyTransactionManagementConfiguration' of type [org.springframework.transaction.annotation.ProxyTransactionManagementConfiguration$$EnhancerBySpringCGLIB$$2d110cb6] is not eligible for getting processed by all BeanPostProcessors (for example: not eligible for auto-proxying)
2019-08-16 09:16:34,864 [restartedMain] INFO  org.springframework.boot.context.embedded.tomcat.TomcatEmbeddedServletContainer - Tomcat initialized with port(s): 8080 (http)
2019-08-16 09:16:34,879 [restartedMain] INFO  org.apache.coyote.http11.Http11NioProtocol - Initializing ProtocolHandler ["http-nio-8080"]
2019-08-16 09:16:34,891 [restartedMain] INFO  org.apache.catalina.core.StandardService - Starting service [Tomcat]
2019-08-16 09:16:34,891 [restartedMain] INFO  org.apache.catalina.core.StandardEngine - Starting Servlet Engine: Apache Tomcat/8.5.31
2019-08-16 09:16:35,194 [localhost-startStop-1] INFO  org.apache.jasper.servlet.TldScanner - At least one JAR was scanned for TLDs yet contained no TLDs. Enable debug logging for this logger for a complete list of JARs that were scanned but no TLDs were found in them. Skipping unneeded JARs during scanning can improve startup time and JSP compilation time.
2019-08-16 09:16:35,199 [localhost-startStop-1] INFO  org.apache.catalina.core.ContainerBase.[Tomcat].[localhost].[/] - Initializing Spring embedded WebApplicationContext
2019-08-16 09:16:35,199 [localhost-startStop-1] INFO  org.springframework.web.context.ContextLoader - Root WebApplicationContext: initialization completed in 2378 ms
2019-08-16 09:16:35,486 [localhost-startStop-1] INFO  org.springframework.boot.web.servlet.ServletRegistrationBean - Mapping servlet: 'statViewServlet' to [/druid/*]
2019-08-16 09:16:35,487 [localhost-startStop-1] INFO  org.springframework.boot.web.servlet.ServletRegistrationBean - Mapping servlet: 'dispatcherServlet' to [/]
2019-08-16 09:16:35,488 [localhost-startStop-1] INFO  org.springframework.boot.web.servlet.ServletRegistrationBean - Mapping servlet: 'statViewServlet' to [/druid/*]
2019-08-16 09:16:35,488 [localhost-startStop-1] INFO  org.springframework.boot.web.servlet.ServletRegistrationBean - Servlet statViewServlet was not registered (possibly already registered?)
2019-08-16 09:16:35,491 [localhost-startStop-1] INFO  org.springframework.boot.web.servlet.FilterRegistrationBean - Mapping filter: 'characterEncodingFilter' to: [/*]
2019-08-16 09:16:35,492 [localhost-startStop-1] INFO  org.springframework.boot.web.servlet.FilterRegistrationBean - Mapping filter: 'hiddenHttpMethodFilter' to: [/*]
2019-08-16 09:16:35,492 [localhost-startStop-1] INFO  org.springframework.boot.web.servlet.FilterRegistrationBean - Mapping filter: 'httpPutFormContentFilter' to: [/*]
2019-08-16 09:16:35,492 [localhost-startStop-1] INFO  org.springframework.boot.web.servlet.FilterRegistrationBean - Mapping filter: 'requestContextFilter' to: [/*]
2019-08-16 09:16:35,492 [localhost-startStop-1] INFO  org.springframework.boot.web.servlet.FilterRegistrationBean - Mapping filter: 'webStatFilter' to urls: [/*]
2019-08-16 09:16:35,492 [localhost-startStop-1] INFO  org.springframework.boot.web.servlet.FilterRegistrationBean - Filter webStatFilter was not registered (possibly already registered?)
2019-08-16 09:16:37,557 [restartedMain] INFO  o.springframework.web.servlet.mvc.method.annotation.RequestMappingHandlerAdapter - Looking for @ControllerAdvice: org.springframework.boot.context.embedded.AnnotationConfigEmbeddedWebApplicationContext@2a3186f0: startup date [Fri Aug 16 09:16:32 GMT+08:00 2019]; root of context hierarchy
2019-08-16 09:16:37,625 [restartedMain] INFO  o.springframework.web.servlet.mvc.method.annotation.RequestMappingHandlerMapping - Mapped "{[/homePage/getBanner],produces=[application/json;charset=UTF-8]}" onto public com.alibaba.fastjson.JSONObject com.yuyue.app.api.controller.HomePageController.getBanner() throws java.text.ParseException
2019-08-16 09:16:37,626 [restartedMain] INFO  o.springframework.web.servlet.mvc.method.annotation.RequestMappingHandlerMapping - Mapped "{[/homePage/getVideoCategory],produces=[application/json;charset=UTF-8]}" onto public com.alibaba.fastjson.JSONObject com.yuyue.app.api.controller.HomePageController.getVideoCategory()
2019-08-16 09:16:37,626 [restartedMain] INFO  o.springframework.web.servlet.mvc.method.annotation.RequestMappingHandlerMapping - Mapped "{[/],produces=[application/json;charset=UTF-8]}" onto public java.lang.String com.yuyue.app.api.controller.IController.hello()
2019-08-16 09:16:37,629 [restartedMain] INFO  o.springframework.web.servlet.mvc.method.annotation.RequestMappingHandlerMapping - Mapped "{[/login/version],produces=[application/json;charset=UTF-8]}" onto public com.alibaba.fastjson.JSONObject com.yuyue.app.api.controller.LoginController.getUserName(java.lang.String)
2019-08-16 09:16:37,629 [restartedMain] INFO  o.springframework.web.servlet.mvc.method.annotation.RequestMappingHandlerMapping - Mapped "{[/login/loginByPassword],produces=[application/json;charset=UTF-8]}" onto public com.alibaba.fastjson.JSONObject com.yuyue.app.api.controller.LoginController.loginByPassword(java.lang.String,java.lang.String) throws java.lang.Exception
2019-08-16 09:16:37,630 [restartedMain] INFO  o.springframework.web.servlet.mvc.method.annotation.RequestMappingHandlerMapping - Mapped "{[/login/editPassword],produces=[application/json;charset=UTF-8]}" onto public com.alibaba.fastjson.JSONObject com.yuyue.app.api.controller.LoginController.editPassword(java.lang.String,java.lang.String,java.lang.String) throws java.lang.Exception
2019-08-16 09:16:37,630 [restartedMain] INFO  o.springframework.web.servlet.mvc.method.annotation.RequestMappingHandlerMapping - Mapped "{[/login/loginByPhone],produces=[application/json;charset=UTF-8]}" onto public com.alibaba.fastjson.JSONObject com.yuyue.app.api.controller.LoginController.loginByPhone(java.lang.String,java.lang.String)
2019-08-16 09:16:37,630 [restartedMain] INFO  o.springframework.web.servlet.mvc.method.annotation.RequestMappingHandlerMapping - Mapped "{[/login/regist],produces=[application/json;charset=UTF-8]}" onto public com.alibaba.fastjson.JSONObject com.yuyue.app.api.controller.LoginController.regist(java.lang.String,java.lang.String,java.lang.String) throws java.lang.Exception
2019-08-16 09:16:37,631 [restartedMain] INFO  o.springframework.web.servlet.mvc.method.annotation.RequestMappingHandlerMapping - Mapped "{[/send/sendSms],produces=[application/json;charset=UTF-8]}" onto public com.alibaba.fastjson.JSONObject com.yuyue.app.api.controller.sendSmsController.sendSms(javax.servlet.http.HttpServletRequest)
2019-08-16 09:16:37,632 [restartedMain] INFO  o.springframework.web.servlet.mvc.method.annotation.RequestMappingHandlerMapping - Mapped "{[/jsp/upVideo],produces=[application/json;charset=UTF-8]}" onto public com.alibaba.fastjson.JSONObject com.yuyue.app.api.controller.VideoController.upVideo(org.springframework.web.multipart.MultipartFile,com.yuyue.app.api.domain.AppUser)
2019-08-16 09:16:37,633 [restartedMain] INFO  o.springframework.web.servlet.mvc.method.annotation.RequestMappingHandlerMapping - Mapped "{[/redis/get],produces=[application/json;charset=UTF-8]}" onto public java.lang.String com.yuyue.app.redis.RedisController.getUserName(java.lang.String)
2019-08-16 09:16:37,634 [restartedMain] INFO  o.springframework.web.servlet.mvc.method.annotation.RequestMappingHandlerMapping - Mapped "{[/redis/set],produces=[application/json;charset=UTF-8]}" onto public java.lang.String com.yuyue.app.redis.RedisController.setUserName(java.lang.String)
2019-08-16 09:16:37,636 [restartedMain] INFO  o.springframework.web.servlet.mvc.method.annotation.RequestMappingHandlerMapping - Mapped "{[/error]}" onto public org.springframework.http.ResponseEntity<java.util.Map<java.lang.String, java.lang.Object>> org.springframework.boot.autoconfigure.web.BasicErrorController.error(javax.servlet.http.HttpServletRequest)
2019-08-16 09:16:37,637 [restartedMain] INFO  o.springframework.web.servlet.mvc.method.annotation.RequestMappingHandlerMapping - Mapped "{[/error],produces=[text/html]}" onto public org.springframework.web.servlet.ModelAndView org.springframework.boot.autoconfigure.web.BasicErrorController.errorHtml(javax.servlet.http.HttpServletRequest,javax.servlet.http.HttpServletResponse)
2019-08-16 09:16:37,674 [restartedMain] INFO  org.springframework.web.servlet.handler.SimpleUrlHandlerMapping - Mapped URL path [/webjars/**] onto handler of type [class org.springframework.web.servlet.resource.ResourceHttpRequestHandler]
2019-08-16 09:16:37,675 [restartedMain] INFO  org.springframework.web.servlet.handler.SimpleUrlHandlerMapping - Mapped URL path [/**] onto handler of type [class org.springframework.web.servlet.resource.ResourceHttpRequestHandler]
2019-08-16 09:16:37,697 [restartedMain] INFO  o.s.web.servlet.mvc.method.annotation.ExceptionHandlerExceptionResolver - Detected @ExceptionHandler methods in globalExceptionHandler
2019-08-16 09:16:37,722 [restartedMain] INFO  org.springframework.web.servlet.handler.SimpleUrlHandlerMapping - Mapped URL path [/**/favicon.ico] onto handler of type [class org.springframework.web.servlet.resource.ResourceHttpRequestHandler]
2019-08-16 09:16:38,490 [restartedMain] INFO  org.springframework.boot.devtools.autoconfigure.OptionalLiveReloadServer - LiveReload server is running on port 35729
2019-08-16 09:16:38,651 [restartedMain] INFO  org.springframework.jmx.export.annotation.AnnotationMBeanExporter - Registering beans for JMX exposure on startup
2019-08-16 09:16:38,652 [restartedMain] INFO  org.springframework.jmx.export.annotation.AnnotationMBeanExporter - Bean with name 'getDruidDS' has been autodetected for JMX exposure
2019-08-16 09:16:38,653 [restartedMain] INFO  org.springframework.jmx.export.annotation.AnnotationMBeanExporter - Bean with name 'statFilter' has been autodetected for JMX exposure
2019-08-16 09:16:38,658 [restartedMain] INFO  org.springframework.jmx.export.annotation.AnnotationMBeanExporter - Located MBean 'getDruidDS': registering with JMX server as MBean [com.alibaba.druid.pool:name=getDruidDS,type=DruidDataSource]
2019-08-16 09:16:38,661 [restartedMain] INFO  org.springframework.jmx.export.annotation.AnnotationMBeanExporter - Located MBean 'statFilter': registering with JMX server as MBean [com.alibaba.druid.filter.stat:name=statFilter,type=StatFilter]
2019-08-16 09:16:38,673 [restartedMain] INFO  org.apache.coyote.http11.Http11NioProtocol - Starting ProtocolHandler ["http-nio-8080"]
2019-08-16 09:16:38,685 [restartedMain] INFO  org.apache.tomcat.util.net.NioSelectorPool - Using a shared selector for servlet write/read
2019-08-16 09:16:38,712 [restartedMain] INFO  org.springframework.boot.context.embedded.tomcat.TomcatEmbeddedServletContainer - Tomcat started on port(s): 8080 (http)
2019-08-16 09:16:38,717 [restartedMain] INFO  com.yuyue.app.AppApplication - Started AppApplication in 6.37 seconds (JVM running for 8.924)
2019-08-16 09:16:48,709 [http-nio-8080-exec-1] INFO  org.apache.catalina.core.ContainerBase.[Tomcat].[localhost].[/] - Initializing Spring FrameworkServlet 'dispatcherServlet'
2019-08-16 09:16:48,709 [http-nio-8080-exec-1] INFO  org.springframework.web.servlet.DispatcherServlet - FrameworkServlet 'dispatcherServlet': initialization started
2019-08-16 09:16:48,733 [http-nio-8080-exec-1] INFO  org.springframework.web.servlet.DispatcherServlet - FrameworkServlet 'dispatcherServlet': initialization completed in 24 ms
2019-08-16 09:17:09,872 [http-nio-8080-exec-1] INFO  com.alibaba.druid.pool.DruidDataSource - {dataSource-1} inited
2019-08-16 09:18:17,157 [Thread-22] INFO  o.s.boot.context.embedded.AnnotationConfigEmbeddedWebApplicationContext - Closing org.springframework.boot.context.embedded.AnnotationConfigEmbeddedWebApplicationContext@2a3186f0: startup date [Fri Aug 16 09:16:32 GMT+08:00 2019]; root of context hierarchy
2019-08-16 09:18:17,161 [Thread-22] INFO  org.springframework.jmx.export.annotation.AnnotationMBeanExporter - Unregistering JMX-exposed beans on shutdown
2019-08-16 09:18:17,161 [Thread-22] INFO  org.springframework.jmx.export.annotation.AnnotationMBeanExporter - Unregistering JMX-exposed beans
2019-08-16 09:18:17,166 [Thread-22] INFO  com.alibaba.druid.pool.DruidDataSource - {dataSource-1} closed
2019-08-16 09:18:20,407 [restartedMain] INFO  com.yuyue.app.AppApplication - Starting AppApplication on LAPTOP-SO8LCAR6 with PID 6796 (C:\project\yuyue-app\target\classes started by weili in C:\project\yuyue-app)
2019-08-16 09:18:20,409 [restartedMain] INFO  com.yuyue.app.AppApplication - No active profile set, falling back to default profiles: default
2019-08-16 09:18:20,543 [restartedMain] INFO  o.s.boot.context.embedded.AnnotationConfigEmbeddedWebApplicationContext - Refreshing org.springframework.boot.context.embedded.AnnotationConfigEmbeddedWebApplicationContext@6d3245ca: startup date [Fri Aug 16 09:18:20 GMT+08:00 2019]; root of context hierarchy
2019-08-16 09:18:20,758 [background-preinit] INFO  org.hibernate.validator.internal.util.Version - HV000001: Hibernate Validator 5.3.6.Final
2019-08-16 09:18:21,495 [restartedMain] INFO  org.springframework.data.repository.config.RepositoryConfigurationDelegate - Multiple Spring Data modules found, entering strict repository configuration mode!
2019-08-16 09:18:21,767 [restartedMain] INFO  o.springframework.beans.factory.annotation.AutowiredAnnotationBeanPostProcessor - JSR-330 'javax.inject.Inject' annotation found and supported for autowiring
2019-08-16 09:18:21,890 [restartedMain] INFO  o.s.context.support.PostProcessorRegistrationDelegate$BeanPostProcessorChecker - Bean 'org.springframework.transaction.annotation.ProxyTransactionManagementConfiguration' of type [org.springframework.transaction.annotation.ProxyTransactionManagementConfiguration$$EnhancerBySpringCGLIB$$d8624a5] is not eligible for getting processed by all BeanPostProcessors (for example: not eligible for auto-proxying)
2019-08-16 09:18:22,304 [restartedMain] INFO  org.springframework.boot.context.embedded.tomcat.TomcatEmbeddedServletContainer - Tomcat initialized with port(s): 8080 (http)
2019-08-16 09:18:22,317 [restartedMain] INFO  org.apache.coyote.http11.Http11NioProtocol - Initializing ProtocolHandler ["http-nio-8080"]
2019-08-16 09:18:22,326 [restartedMain] INFO  org.apache.catalina.core.StandardService - Starting service [Tomcat]
2019-08-16 09:18:22,326 [restartedMain] INFO  org.apache.catalina.core.StandardEngine - Starting Servlet Engine: Apache Tomcat/8.5.31
2019-08-16 09:18:22,545 [localhost-startStop-1] INFO  org.apache.jasper.servlet.TldScanner - At least one JAR was scanned for TLDs yet contained no TLDs. Enable debug logging for this logger for a complete list of JARs that were scanned but no TLDs were found in them. Skipping unneeded JARs during scanning can improve startup time and JSP compilation time.
2019-08-16 09:18:22,548 [localhost-startStop-1] INFO  org.apache.catalina.core.ContainerBase.[Tomcat].[localhost].[/] - Initializing Spring embedded WebApplicationContext
2019-08-16 09:18:22,549 [localhost-startStop-1] INFO  org.springframework.web.context.ContextLoader - Root WebApplicationContext: initialization completed in 2006 ms
2019-08-16 09:18:22,758 [localhost-startStop-1] INFO  org.springframework.boot.web.servlet.ServletRegistrationBean - Mapping servlet: 'statViewServlet' to [/druid/*]
2019-08-16 09:18:22,760 [localhost-startStop-1] INFO  org.springframework.boot.web.servlet.ServletRegistrationBean - Mapping servlet: 'dispatcherServlet' to [/]
2019-08-16 09:18:22,760 [localhost-startStop-1] INFO  org.springframework.boot.web.servlet.ServletRegistrationBean - Mapping servlet: 'statViewServlet' to [/druid/*]
2019-08-16 09:18:22,760 [localhost-startStop-1] INFO  org.springframework.boot.web.servlet.ServletRegistrationBean - Servlet statViewServlet was not registered (possibly already registered?)
2019-08-16 09:18:22,763 [localhost-startStop-1] INFO  org.springframework.boot.web.servlet.FilterRegistrationBean - Mapping filter: 'characterEncodingFilter' to: [/*]
2019-08-16 09:18:22,763 [localhost-startStop-1] INFO  org.springframework.boot.web.servlet.FilterRegistrationBean - Mapping filter: 'hiddenHttpMethodFilter' to: [/*]
2019-08-16 09:18:22,763 [localhost-startStop-1] INFO  org.springframework.boot.web.servlet.FilterRegistrationBean - Mapping filter: 'httpPutFormContentFilter' to: [/*]
2019-08-16 09:18:22,763 [localhost-startStop-1] INFO  org.springframework.boot.web.servlet.FilterRegistrationBean - Mapping filter: 'requestContextFilter' to: [/*]
2019-08-16 09:18:22,763 [localhost-startStop-1] INFO  org.springframework.boot.web.servlet.FilterRegistrationBean - Mapping filter: 'webStatFilter' to urls: [/*]
2019-08-16 09:18:22,763 [localhost-startStop-1] INFO  org.springframework.boot.web.servlet.FilterRegistrationBean - Filter webStatFilter was not registered (possibly already registered?)
2019-08-16 09:18:23,827 [restartedMain] INFO  o.springframework.web.servlet.mvc.method.annotation.RequestMappingHandlerAdapter - Looking for @ControllerAdvice: org.springframework.boot.context.embedded.AnnotationConfigEmbeddedWebApplicationContext@6d3245ca: startup date [Fri Aug 16 09:18:20 GMT+08:00 2019]; root of context hierarchy
2019-08-16 09:18:23,877 [restartedMain] INFO  o.springframework.web.servlet.mvc.method.annotation.RequestMappingHandlerMapping - Mapped "{[/homePage/getBanner],produces=[application/json;charset=UTF-8]}" onto public com.alibaba.fastjson.JSONObject com.yuyue.app.api.controller.HomePageController.getBanner() throws java.text.ParseException
2019-08-16 09:18:23,878 [restartedMain] INFO  o.springframework.web.servlet.mvc.method.annotation.RequestMappingHandlerMapping - Mapped "{[/homePage/getVideoCategory],produces=[application/json;charset=UTF-8]}" onto public com.alibaba.fastjson.JSONObject com.yuyue.app.api.controller.HomePageController.getVideoCategory()
2019-08-16 09:18:23,878 [restartedMain] INFO  o.springframework.web.servlet.mvc.method.annotation.RequestMappingHandlerMapping - Mapped "{[/],produces=[application/json;charset=UTF-8]}" onto public java.lang.String com.yuyue.app.api.controller.IController.hello()
2019-08-16 09:18:23,880 [restartedMain] INFO  o.springframework.web.servlet.mvc.method.annotation.RequestMappingHandlerMapping - Mapped "{[/login/version],produces=[application/json;charset=UTF-8]}" onto public com.alibaba.fastjson.JSONObject com.yuyue.app.api.controller.LoginController.getUserName(java.lang.String)
2019-08-16 09:18:23,880 [restartedMain] INFO  o.springframework.web.servlet.mvc.method.annotation.RequestMappingHandlerMapping - Mapped "{[/login/regist],produces=[application/json;charset=UTF-8]}" onto public com.alibaba.fastjson.JSONObject com.yuyue.app.api.controller.LoginController.regist(java.lang.String,java.lang.String,java.lang.String) throws java.lang.Exception
2019-08-16 09:18:23,881 [restartedMain] INFO  o.springframework.web.servlet.mvc.method.annotation.RequestMappingHandlerMapping - Mapped "{[/login/loginByPhone],produces=[application/json;charset=UTF-8]}" onto public com.alibaba.fastjson.JSONObject com.yuyue.app.api.controller.LoginController.loginByPhone(java.lang.String,java.lang.String)
2019-08-16 09:18:23,881 [restartedMain] INFO  o.springframework.web.servlet.mvc.method.annotation.RequestMappingHandlerMapping - Mapped "{[/login/loginByPassword],produces=[application/json;charset=UTF-8]}" onto public com.alibaba.fastjson.JSONObject com.yuyue.app.api.controller.LoginController.loginByPassword(java.lang.String,java.lang.String) throws java.lang.Exception
2019-08-16 09:18:23,881 [restartedMain] INFO  o.springframework.web.servlet.mvc.method.annotation.RequestMappingHandlerMapping - Mapped "{[/login/editPassword],produces=[application/json;charset=UTF-8]}" onto public com.alibaba.fastjson.JSONObject com.yuyue.app.api.controller.LoginController.editPassword(java.lang.String,java.lang.String,java.lang.String) throws java.lang.Exception
2019-08-16 09:18:23,882 [restartedMain] INFO  o.springframework.web.servlet.mvc.method.annotation.RequestMappingHandlerMapping - Mapped "{[/send/sendSms],produces=[application/json;charset=UTF-8]}" onto public com.alibaba.fastjson.JSONObject com.yuyue.app.api.controller.sendSmsController.sendSms(javax.servlet.http.HttpServletRequest)
2019-08-16 09:18:23,882 [restartedMain] INFO  o.springframework.web.servlet.mvc.method.annotation.RequestMappingHandlerMapping - Mapped "{[/jsp/upVideo],produces=[application/json;charset=UTF-8]}" onto public com.alibaba.fastjson.JSONObject com.yuyue.app.api.controller.VideoController.upVideo(org.springframework.web.multipart.MultipartFile,com.yuyue.app.api.domain.AppUser)
2019-08-16 09:18:23,883 [restartedMain] INFO  o.springframework.web.servlet.mvc.method.annotation.RequestMappingHandlerMapping - Mapped "{[/redis/get],produces=[application/json;charset=UTF-8]}" onto public java.lang.String com.yuyue.app.redis.RedisController.getUserName(java.lang.String)
2019-08-16 09:18:23,883 [restartedMain] INFO  o.springframework.web.servlet.mvc.method.annotation.RequestMappingHandlerMapping - Mapped "{[/redis/set],produces=[application/json;charset=UTF-8]}" onto public java.lang.String com.yuyue.app.redis.RedisController.setUserName(java.lang.String)
2019-08-16 09:18:23,885 [restartedMain] INFO  o.springframework.web.servlet.mvc.method.annotation.RequestMappingHandlerMapping - Mapped "{[/error]}" onto public org.springframework.http.ResponseEntity<java.util.Map<java.lang.String, java.lang.Object>> org.springframework.boot.autoconfigure.web.BasicErrorController.error(javax.servlet.http.HttpServletRequest)
2019-08-16 09:18:23,885 [restartedMain] INFO  o.springframework.web.servlet.mvc.method.annotation.RequestMappingHandlerMapping - Mapped "{[/error],produces=[text/html]}" onto public org.springframework.web.servlet.ModelAndView org.springframework.boot.autoconfigure.web.BasicErrorController.errorHtml(javax.servlet.http.HttpServletRequest,javax.servlet.http.HttpServletResponse)
2019-08-16 09:18:23,913 [restartedMain] INFO  org.springframework.web.servlet.handler.SimpleUrlHandlerMapping - Mapped URL path [/webjars/**] onto handler of type [class org.springframework.web.servlet.resource.ResourceHttpRequestHandler]
2019-08-16 09:18:23,914 [restartedMain] INFO  org.springframework.web.servlet.handler.SimpleUrlHandlerMapping - Mapped URL path [/**] onto handler of type [class org.springframework.web.servlet.resource.ResourceHttpRequestHandler]
2019-08-16 09:18:23,930 [restartedMain] INFO  o.s.web.servlet.mvc.method.annotation.ExceptionHandlerExceptionResolver - Detected @ExceptionHandler methods in globalExceptionHandler
2019-08-16 09:18:23,955 [restartedMain] INFO  org.springframework.web.servlet.handler.SimpleUrlHandlerMapping - Mapped URL path [/**/favicon.ico] onto handler of type [class org.springframework.web.servlet.resource.ResourceHttpRequestHandler]
2019-08-16 09:18:24,547 [restartedMain] INFO  org.springframework.boot.devtools.autoconfigure.OptionalLiveReloadServer - LiveReload server is running on port 35729
2019-08-16 09:18:24,694 [restartedMain] INFO  org.springframework.jmx.export.annotation.AnnotationMBeanExporter - Registering beans for JMX exposure on startup
2019-08-16 09:18:24,695 [restartedMain] INFO  org.springframework.jmx.export.annotation.AnnotationMBeanExporter - Bean with name 'getDruidDS' has been autodetected for JMX exposure
2019-08-16 09:18:24,696 [restartedMain] INFO  org.springframework.jmx.export.annotation.AnnotationMBeanExporter - Bean with name 'statFilter' has been autodetected for JMX exposure
2019-08-16 09:18:24,701 [restartedMain] INFO  org.springframework.jmx.export.annotation.AnnotationMBeanExporter - Located MBean 'getDruidDS': registering with JMX server as MBean [com.alibaba.druid.pool:name=getDruidDS,type=DruidDataSource]
2019-08-16 09:18:24,702 [restartedMain] INFO  org.springframework.jmx.export.annotation.AnnotationMBeanExporter - Located MBean 'statFilter': registering with JMX server as MBean [com.alibaba.druid.filter.stat:name=statFilter,type=StatFilter]
2019-08-16 09:18:24,712 [restartedMain] INFO  org.apache.coyote.http11.Http11NioProtocol - Starting ProtocolHandler ["http-nio-8080"]
2019-08-16 09:18:24,720 [restartedMain] INFO  org.apache.tomcat.util.net.NioSelectorPool - Using a shared selector for servlet write/read
2019-08-16 09:18:24,736 [restartedMain] INFO  org.springframework.boot.context.embedded.tomcat.TomcatEmbeddedServletContainer - Tomcat started on port(s): 8080 (http)
2019-08-16 09:18:24,740 [restartedMain] INFO  com.yuyue.app.AppApplication - Started AppApplication in 4.909 seconds (JVM running for 5.966)
2019-08-16 09:18:27,213 [http-nio-8080-exec-1] INFO  org.apache.catalina.core.ContainerBase.[Tomcat].[localhost].[/] - Initializing Spring FrameworkServlet 'dispatcherServlet'
2019-08-16 09:18:27,213 [http-nio-8080-exec-1] INFO  org.springframework.web.servlet.DispatcherServlet - FrameworkServlet 'dispatcherServlet': initialization started
2019-08-16 09:18:27,241 [http-nio-8080-exec-1] INFO  org.springframework.web.servlet.DispatcherServlet - FrameworkServlet 'dispatcherServlet': initialization completed in 28 ms
2019-08-16 09:18:27,707 [http-nio-8080-exec-1] INFO  com.alibaba.druid.pool.DruidDataSource - {dataSource-1} inited
2019-08-16 09:18:39,682 [Thread-17] INFO  o.s.boot.context.embedded.AnnotationConfigEmbeddedWebApplicationContext - Closing org.springframework.boot.context.embedded.AnnotationConfigEmbeddedWebApplicationContext@6d3245ca: startup date [Fri Aug 16 09:18:20 GMT+08:00 2019]; root of context hierarchy
2019-08-16 09:18:39,686 [Thread-17] INFO  org.springframework.jmx.export.annotation.AnnotationMBeanExporter - Unregistering JMX-exposed beans on shutdown
2019-08-16 09:18:39,686 [Thread-17] INFO  org.springframework.jmx.export.annotation.AnnotationMBeanExporter - Unregistering JMX-exposed beans
2019-08-16 09:18:39,692 [Thread-17] INFO  com.alibaba.druid.pool.DruidDataSource - {dataSource-1} closed
