2019-08-27 08:49:48,590 [restartedMain] INFO  com.yuyue.app.AppApplication - Starting AppApplication on LAPTOP-JV4T964L with PID 7488 (C:\myRepository\yuyue-app\target\classes started by ly in C:\myRepository\yuyue-app)
2019-08-27 08:49:48,591 [restartedMain] INFO  com.yuyue.app.AppApplication - No active profile set, falling back to default profiles: default
2019-08-27 08:49:48,668 [restartedMain] INFO  o.s.boot.context.embedded.AnnotationConfigEmbeddedWebApplicationContext - Refreshing org.springframework.boot.context.embedded.AnnotationConfigEmbeddedWebApplicationContext@25a1e5: startup date [Tue Aug 27 08:49:48 GMT+08:00 2019]; root of context hierarchy
2019-08-27 08:49:48,911 [background-preinit] INFO  org.hibernate.validator.internal.util.Version - HV000001: Hibernate Validator 5.3.6.Final
2019-08-27 08:49:49,648 [restartedMain] INFO  org.springframework.data.repository.config.RepositoryConfigurationDelegate - Multiple Spring Data modules found, entering strict repository configuration mode!
2019-08-27 08:49:50,143 [restartedMain] INFO  o.springframework.beans.factory.annotation.AutowiredAnnotationBeanPostProcessor - JSR-330 'javax.inject.Inject' annotation found and supported for autowiring
2019-08-27 08:49:50,855 [restartedMain] INFO  o.s.context.support.PostProcessorRegistrationDelegate$BeanPostProcessorChecker - Bean 'org.springframework.transaction.annotation.ProxyTransactionManagementConfiguration' of type [org.springframework.transaction.annotation.ProxyTransactionManagementConfiguration$$EnhancerBySpringCGLIB$$8aea748e] is not eligible for getting processed by all BeanPostProcessors (for example: not eligible for auto-proxying)
2019-08-27 08:49:51,646 [restartedMain] INFO  org.springframework.boot.context.embedded.tomcat.TomcatEmbeddedServletContainer - Tomcat initialized with port(s): 8080 (http)
2019-08-27 08:49:51,656 [restartedMain] INFO  org.apache.coyote.http11.Http11NioProtocol - Initializing ProtocolHandler ["http-nio-8080"]
2019-08-27 08:49:51,669 [restartedMain] INFO  org.apache.catalina.core.StandardService - Starting service [Tomcat]
2019-08-27 08:49:51,670 [restartedMain] INFO  org.apache.catalina.core.StandardEngine - Starting Servlet Engine: Apache Tomcat/8.5.31
2019-08-27 08:49:51,768 [localhost-startStop-1] INFO  org.apache.catalina.core.ContainerBase.[Tomcat].[localhost].[/] - Initializing Spring embedded WebApplicationContext
2019-08-27 08:49:51,769 [localhost-startStop-1] INFO  org.springframework.web.context.ContextLoader - Root WebApplicationContext: initialization completed in 3101 ms
2019-08-27 08:49:51,985 [localhost-startStop-1] INFO  org.springframework.boot.web.servlet.ServletRegistrationBean - Mapping servlet: 'statViewServlet' to [/druid/*]
2019-08-27 08:49:51,986 [localhost-startStop-1] INFO  org.springframework.boot.web.servlet.ServletRegistrationBean - Mapping servlet: 'dispatcherServlet' to [/]
2019-08-27 08:49:51,986 [localhost-startStop-1] INFO  org.springframework.boot.web.servlet.ServletRegistrationBean - Mapping servlet: 'statViewServlet' to [/druid/*]
2019-08-27 08:49:51,987 [localhost-startStop-1] INFO  org.springframework.boot.web.servlet.ServletRegistrationBean - Servlet statViewServlet was not registered (possibly already registered?)
2019-08-27 08:49:51,989 [localhost-startStop-1] INFO  org.springframework.boot.web.servlet.FilterRegistrationBean - Mapping filter: 'characterEncodingFilter' to: [/*]
2019-08-27 08:49:51,989 [localhost-startStop-1] INFO  org.springframework.boot.web.servlet.FilterRegistrationBean - Mapping filter: 'hiddenHttpMethodFilter' to: [/*]
2019-08-27 08:49:51,990 [localhost-startStop-1] INFO  org.springframework.boot.web.servlet.FilterRegistrationBean - Mapping filter: 'httpPutFormContentFilter' to: [/*]
2019-08-27 08:49:51,990 [localhost-startStop-1] INFO  org.springframework.boot.web.servlet.FilterRegistrationBean - Mapping filter: 'requestContextFilter' to: [/*]
2019-08-27 08:49:51,990 [localhost-startStop-1] INFO  org.springframework.boot.web.servlet.FilterRegistrationBean - Mapping filter: 'webStatFilter' to urls: [/*]
2019-08-27 08:49:51,990 [localhost-startStop-1] INFO  org.springframework.boot.web.servlet.FilterRegistrationBean - Filter webStatFilter was not registered (possibly already registered?)
2019-08-27 08:49:53,275 [restartedMain] INFO  o.springframework.web.servlet.mvc.method.annotation.RequestMappingHandlerAdapter - Looking for @ControllerAdvice: org.springframework.boot.context.embedded.AnnotationConfigEmbeddedWebApplicationContext@25a1e5: startup date [Tue Aug 27 08:49:48 GMT+08:00 2019]; root of context hierarchy
2019-08-27 08:49:53,320 [restartedMain] INFO  o.springframework.web.servlet.mvc.method.annotation.RequestMappingHandlerMapping - Mapped "{[/barrage/getBarrages],produces=[application/json;charset=UTF-8]}" onto public com.alibaba.fastjson.JSONObject com.yuyue.app.api.controller.BarrageController.getBarrages(javax.servlet.http.HttpServletRequest)
2019-08-27 08:49:53,320 [restartedMain] INFO  o.springframework.web.servlet.mvc.method.annotation.RequestMappingHandlerMapping - Mapped "{[/barrage/addBarrages],produces=[application/json;charset=UTF-8]}" onto public com.alibaba.fastjson.JSONObject com.yuyue.app.api.controller.BarrageController.addBarrages(com.yuyue.app.api.domain.AppUser,javax.servlet.http.HttpServletRequest)
2019-08-27 08:49:53,321 [restartedMain] INFO  o.springframework.web.servlet.mvc.method.annotation.RequestMappingHandlerMapping - Mapped "{[/homePage/result],produces=[application/json;charset=UTF-8]}" onto public com.alibaba.fastjson.JSONObject com.yuyue.app.api.controller.HomePageController.homePage()
2019-08-27 08:49:53,321 [restartedMain] INFO  o.springframework.web.servlet.mvc.method.annotation.RequestMappingHandlerMapping - Mapped "{[/homePage/getVideo],produces=[application/json;charset=UTF-8]}" onto public com.alibaba.fastjson.JSONObject com.yuyue.app.api.controller.HomePageController.getVideo(java.lang.String)
2019-08-27 08:49:53,322 [restartedMain] INFO  o.springframework.web.servlet.mvc.method.annotation.RequestMappingHandlerMapping - Mapped "{[/],produces=[application/json;charset=UTF-8]}" onto public java.lang.String com.yuyue.app.api.controller.IController.hello()
2019-08-27 08:49:53,323 [restartedMain] INFO  o.springframework.web.servlet.mvc.method.annotation.RequestMappingHandlerMapping - Mapped "{[/login/getMessage],produces=[application/json;charset=UTF-8]}" onto public com.alibaba.fastjson.JSONObject com.yuyue.app.api.controller.LoginController.getMessage(java.lang.String)
2019-08-27 08:49:53,324 [restartedMain] INFO  o.springframework.web.servlet.mvc.method.annotation.RequestMappingHandlerMapping - Mapped "{[/login/version],produces=[application/json;charset=UTF-8]}" onto public com.alibaba.fastjson.JSONObject com.yuyue.app.api.controller.LoginController.getVersion(java.lang.String)
2019-08-27 08:49:53,324 [restartedMain] INFO  o.springframework.web.servlet.mvc.method.annotation.RequestMappingHandlerMapping - Mapped "{[/login/regist],produces=[application/json;charset=UTF-8]}" onto public com.alibaba.fastjson.JSONObject com.yuyue.app.api.controller.LoginController.regist(java.lang.String,java.lang.String,java.lang.String) throws java.lang.Exception
2019-08-27 08:49:53,324 [restartedMain] INFO  o.springframework.web.servlet.mvc.method.annotation.RequestMappingHandlerMapping - Mapped "{[/login/editPassword],produces=[application/json;charset=UTF-8]}" onto public com.alibaba.fastjson.JSONObject com.yuyue.app.api.controller.LoginController.editPassword(java.lang.String,java.lang.String,java.lang.String) throws java.lang.Exception
2019-08-27 08:49:53,324 [restartedMain] INFO  o.springframework.web.servlet.mvc.method.annotation.RequestMappingHandlerMapping - Mapped "{[/login/loginByPassword],produces=[application/json;charset=UTF-8]}" onto public com.alibaba.fastjson.JSONObject com.yuyue.app.api.controller.LoginController.loginByPassword(java.lang.String,java.lang.String) throws java.lang.Exception
2019-08-27 08:49:53,325 [restartedMain] INFO  o.springframework.web.servlet.mvc.method.annotation.RequestMappingHandlerMapping - Mapped "{[/login/loginByPhone],produces=[application/json;charset=UTF-8]}" onto public com.alibaba.fastjson.JSONObject com.yuyue.app.api.controller.LoginController.loginByPhone(java.lang.String,java.lang.String)
2019-08-27 08:49:53,325 [restartedMain] INFO  o.springframework.web.servlet.mvc.method.annotation.RequestMappingHandlerMapping - Mapped "{[/login/updateAppUser],produces=[application/json;charset=UTF-8]}" onto public com.alibaba.fastjson.JSONObject com.yuyue.app.api.controller.LoginController.updateAppUser(com.yuyue.app.api.domain.AppUser,java.lang.String,java.lang.String,java.lang.String,java.lang.String,java.lang.String,java.lang.String,java.lang.String,java.lang.String,java.lang.String,java.lang.String,java.lang.String,java.lang.String,java.lang.String,java.lang.String,java.lang.String,java.lang.String,java.lang.String) throws java.lang.Exception
2019-08-27 08:49:53,326 [restartedMain] INFO  o.springframework.web.servlet.mvc.method.annotation.RequestMappingHandlerMapping - Mapped "{[/pay/wxpayNotify],produces=[application/json;charset=UTF-8]}" onto public com.alibaba.fastjson.JSONObject com.yuyue.app.api.controller.PayController.wxpay(javax.servlet.http.HttpServletRequest) throws java.lang.Exception
2019-08-27 08:49:53,326 [restartedMain] INFO  o.springframework.web.servlet.mvc.method.annotation.RequestMappingHandlerMapping - Mapped "{[/pay/payYuYue],produces=[application/json;charset=UTF-8]}" onto public com.alibaba.fastjson.JSONObject com.yuyue.app.api.controller.PayController.payYuYue(com.yuyue.app.api.domain.Order) throws java.lang.Exception
2019-08-27 08:49:53,326 [restartedMain] INFO  o.springframework.web.servlet.mvc.method.annotation.RequestMappingHandlerMapping - Mapped "{[/pay/alipayNotify],produces=[application/json;charset=UTF-8]}" onto public com.alibaba.fastjson.JSONObject com.yuyue.app.api.controller.PayController.alipayNotify(javax.servlet.http.HttpServletRequest,javax.servlet.http.HttpServletResponse) throws java.lang.Exception
2019-08-27 08:49:53,328 [restartedMain] INFO  o.springframework.web.servlet.mvc.method.annotation.RequestMappingHandlerMapping - Mapped "{[/send/sendJPush],produces=[application/json;charset=UTF-8]}" onto public com.alibaba.fastjson.JSONObject com.yuyue.app.api.controller.SendSmsController.sendJPush(java.lang.String,java.lang.String,java.lang.String)
2019-08-27 08:49:53,329 [restartedMain] INFO  o.springframework.web.servlet.mvc.method.annotation.RequestMappingHandlerMapping - Mapped "{[/send/sendSms],produces=[application/json;charset=UTF-8]}" onto public com.alibaba.fastjson.JSONObject com.yuyue.app.api.controller.SendSmsController.sendSms(javax.servlet.http.HttpServletRequest)
2019-08-27 08:49:53,330 [restartedMain] INFO  o.springframework.web.servlet.mvc.method.annotation.RequestMappingHandlerMapping - Mapped "{[/uploadFile/getRelease],produces=[application/json;charset=UTF-8]}" onto public com.alibaba.fastjson.JSONObject com.yuyue.app.api.controller.UploadFileController.getRelease(java.lang.String,java.lang.String,java.lang.String,java.lang.String) throws java.lang.Exception
2019-08-27 08:49:53,330 [restartedMain] INFO  o.springframework.web.servlet.mvc.method.annotation.RequestMappingHandlerMapping - Mapped "{[/uploadFile/downloadFile],produces=[application/json;charset=UTF-8]}" onto public void com.yuyue.app.api.controller.UploadFileController.downloadFile(java.lang.String,java.lang.String,javax.servlet.http.HttpServletResponse) throws java.io.IOException
2019-08-27 08:49:53,330 [restartedMain] INFO  o.springframework.web.servlet.mvc.method.annotation.RequestMappingHandlerMapping - Mapped "{[/uploadFile/uploadServer],produces=[application/json;charset=UTF-8]}" onto public com.alibaba.fastjson.JSONObject com.yuyue.app.api.controller.UploadFileController.uploadFileServer(org.springframework.web.multipart.MultipartFile[],com.yuyue.app.api.domain.AppUser,java.lang.String,java.lang.String) throws java.lang.Exception
2019-08-27 08:49:53,331 [restartedMain] INFO  o.springframework.web.servlet.mvc.method.annotation.RequestMappingHandlerMapping - Mapped "{[/uploadFile/likeAcount],produces=[application/json;charset=UTF-8]}" onto public com.alibaba.fastjson.JSONObject com.yuyue.app.api.controller.UploadFileController.likeAcount(java.lang.String)
2019-08-27 08:49:53,331 [restartedMain] INFO  o.springframework.web.servlet.mvc.method.annotation.RequestMappingHandlerMapping - Mapped "{[/uploadFile/commentAmount],produces=[application/json;charset=UTF-8]}" onto public com.alibaba.fastjson.JSONObject com.yuyue.app.api.controller.UploadFileController.commentAmount(java.lang.String)
2019-08-27 08:49:53,331 [restartedMain] INFO  o.springframework.web.servlet.mvc.method.annotation.RequestMappingHandlerMapping - Mapped "{[/uploadFile/attentionAmount],produces=[application/json;charset=UTF-8]}" onto public com.alibaba.fastjson.JSONObject com.yuyue.app.api.controller.UploadFileController.attentionAmount(java.lang.String)
2019-08-27 08:49:53,331 [restartedMain] INFO  o.springframework.web.servlet.mvc.method.annotation.RequestMappingHandlerMapping - Mapped "{[/uploadFile/delfile],produces=[application/json;charset=UTF-8]}" onto public com.alibaba.fastjson.JSONObject com.yuyue.app.api.controller.UploadFileController.delfile(java.lang.String) throws java.lang.Exception
2019-08-27 08:49:53,332 [restartedMain] INFO  o.springframework.web.servlet.mvc.method.annotation.RequestMappingHandlerMapping - Mapped "{[/userComment/getAllComment],produces=[application/json;charset=UTF-8]}" onto public com.alibaba.fastjson.JSONObject com.yuyue.app.api.controller.UserCommentController.getAllComment(java.lang.String)
2019-08-27 08:49:53,333 [restartedMain] INFO  o.springframework.web.servlet.mvc.method.annotation.RequestMappingHandlerMapping - Mapped "{[/userComment/cancelAttention],produces=[application/json;charset=UTF-8]}" onto public com.alibaba.fastjson.JSONObject com.yuyue.app.api.controller.UserCommentController.cancelAttention(com.yuyue.app.api.domain.AppUser,java.lang.String)
2019-08-27 08:49:53,333 [restartedMain] INFO  o.springframework.web.servlet.mvc.method.annotation.RequestMappingHandlerMapping - Mapped "{[/userComment/getUserAttention],produces=[application/json;charset=UTF-8]}" onto public com.alibaba.fastjson.JSONObject com.yuyue.app.api.controller.UserCommentController.getUserAttention(com.yuyue.app.api.domain.AppUser)
2019-08-27 08:49:53,333 [restartedMain] INFO  o.springframework.web.servlet.mvc.method.annotation.RequestMappingHandlerMapping - Mapped "{[/userComment/addAttention],produces=[application/json;charset=UTF-8]}" onto public com.alibaba.fastjson.JSONObject com.yuyue.app.api.controller.UserCommentController.addAttention(com.yuyue.app.api.domain.AppUser,java.lang.String)
2019-08-27 08:49:53,334 [restartedMain] INFO  o.springframework.web.servlet.mvc.method.annotation.RequestMappingHandlerMapping - Mapped "{[/userComment/addComment],produces=[application/json;charset=UTF-8]}" onto public com.alibaba.fastjson.JSONObject com.yuyue.app.api.controller.UserCommentController.addComment(javax.servlet.http.HttpServletRequest,com.yuyue.app.api.domain.AppUser)
2019-08-27 08:49:53,334 [restartedMain] INFO  o.springframework.web.servlet.mvc.method.annotation.RequestMappingHandlerMapping - Mapped "{[/userComment/getFansSum],produces=[application/json;charset=UTF-8]}" onto public com.alibaba.fastjson.JSONObject com.yuyue.app.api.controller.UserCommentController.getFansSum(com.yuyue.app.api.domain.AppUser)
2019-08-27 08:49:53,334 [restartedMain] INFO  o.springframework.web.servlet.mvc.method.annotation.RequestMappingHandlerMapping - Mapped "{[/userComment/deleteComment],produces=[application/json;charset=UTF-8]}" onto public com.alibaba.fastjson.JSONObject com.yuyue.app.api.controller.UserCommentController.deleteComment(javax.servlet.http.HttpServletRequest,com.yuyue.app.api.domain.AppUser)
2019-08-27 08:49:53,336 [restartedMain] INFO  o.springframework.web.servlet.mvc.method.annotation.RequestMappingHandlerMapping - Mapped "{[/error]}" onto public org.springframework.http.ResponseEntity<java.util.Map<java.lang.String, java.lang.Object>> org.springframework.boot.autoconfigure.web.BasicErrorController.error(javax.servlet.http.HttpServletRequest)
2019-08-27 08:49:53,337 [restartedMain] INFO  o.springframework.web.servlet.mvc.method.annotation.RequestMappingHandlerMapping - Mapped "{[/error],produces=[text/html]}" onto public org.springframework.web.servlet.ModelAndView org.springframework.boot.autoconfigure.web.BasicErrorController.errorHtml(javax.servlet.http.HttpServletRequest,javax.servlet.http.HttpServletResponse)
2019-08-27 08:49:53,359 [restartedMain] INFO  org.springframework.web.servlet.handler.SimpleUrlHandlerMapping - Mapped URL path [/webjars/**] onto handler of type [class org.springframework.web.servlet.resource.ResourceHttpRequestHandler]
2019-08-27 08:49:53,359 [restartedMain] INFO  org.springframework.web.servlet.handler.SimpleUrlHandlerMapping - Mapped URL path [/**] onto handler of type [class org.springframework.web.servlet.resource.ResourceHttpRequestHandler]
2019-08-27 08:49:53,374 [restartedMain] INFO  o.s.web.servlet.mvc.method.annotation.ExceptionHandlerExceptionResolver - Detected @ExceptionHandler methods in globalExceptionHandler
2019-08-27 08:49:53,397 [restartedMain] INFO  org.springframework.web.servlet.handler.SimpleUrlHandlerMapping - Mapped URL path [/**/favicon.ico] onto handler of type [class org.springframework.web.servlet.resource.ResourceHttpRequestHandler]
2019-08-27 08:49:53,887 [restartedMain] INFO  org.springframework.boot.devtools.autoconfigure.OptionalLiveReloadServer - LiveReload server is running on port 35729
2019-08-27 08:49:53,947 [restartedMain] INFO  org.springframework.jmx.export.annotation.AnnotationMBeanExporter - Registering beans for JMX exposure on startup
2019-08-27 08:49:53,948 [restartedMain] INFO  org.springframework.jmx.export.annotation.AnnotationMBeanExporter - Bean with name 'fdfsConnectionPool' has been autodetected for JMX exposure
2019-08-27 08:49:53,948 [restartedMain] INFO  org.springframework.jmx.export.annotation.AnnotationMBeanExporter - Bean with name 'getDruidDS' has been autodetected for JMX exposure
2019-08-27 08:49:53,949 [restartedMain] INFO  org.springframework.jmx.export.annotation.AnnotationMBeanExporter - Bean with name 'statFilter' has been autodetected for JMX exposure
2019-08-27 08:49:53,953 [restartedMain] INFO  org.springframework.jmx.export.annotation.AnnotationMBeanExporter - Located MBean 'fdfsConnectionPool': registering with JMX server as MBean [com.github.tobato.fastdfs.conn:name=fdfsConnectionPool,type=FdfsConnectionPool]
2019-08-27 08:49:53,954 [restartedMain] INFO  org.springframework.jmx.export.annotation.AnnotationMBeanExporter - Located MBean 'getDruidDS': registering with JMX server as MBean [com.alibaba.druid.pool:name=getDruidDS,type=DruidDataSource]
2019-08-27 08:49:53,955 [restartedMain] INFO  org.springframework.jmx.export.annotation.AnnotationMBeanExporter - Located MBean 'statFilter': registering with JMX server as MBean [com.alibaba.druid.filter.stat:name=statFilter,type=StatFilter]
2019-08-27 08:49:53,962 [restartedMain] INFO  org.apache.coyote.http11.Http11NioProtocol - Starting ProtocolHandler ["http-nio-8080"]
2019-08-27 08:49:53,970 [restartedMain] INFO  org.apache.tomcat.util.net.NioSelectorPool - Using a shared selector for servlet write/read
2019-08-27 08:49:53,980 [restartedMain] INFO  org.springframework.boot.context.embedded.tomcat.TomcatEmbeddedServletContainer - Tomcat started on port(s): 8080 (http)
2019-08-27 08:49:53,984 [restartedMain] INFO  com.yuyue.app.AppApplication - Started AppApplication in 5.867 seconds (JVM running for 7.318)
2019-08-27 08:51:14,807 [http-nio-8080-exec-1] INFO  org.apache.catalina.core.ContainerBase.[Tomcat].[localhost].[/] - Initializing Spring FrameworkServlet 'dispatcherServlet'
2019-08-27 08:51:14,807 [http-nio-8080-exec-1] INFO  org.springframework.web.servlet.DispatcherServlet - FrameworkServlet 'dispatcherServlet': initialization started
2019-08-27 08:51:14,831 [http-nio-8080-exec-1] INFO  org.springframework.web.servlet.DispatcherServlet - FrameworkServlet 'dispatcherServlet': initialization completed in 24 ms
2019-08-27 08:51:15,301 [http-nio-8080-exec-1] INFO  com.alibaba.druid.pool.DruidDataSource - {dataSource-1} inited
2019-08-27 09:54:42,446 [restartedMain] INFO  com.yuyue.app.AppApplication - Starting AppApplication on LAPTOP-JV4T964L with PID 3300 (C:\myRepository\yuyue-app\target\classes started by ly in C:\myRepository\yuyue-app)
2019-08-27 09:54:42,447 [restartedMain] INFO  com.yuyue.app.AppApplication - No active profile set, falling back to default profiles: default
2019-08-27 09:54:42,490 [restartedMain] INFO  o.s.boot.context.embedded.AnnotationConfigEmbeddedWebApplicationContext - Refreshing org.springframework.boot.context.embedded.AnnotationConfigEmbeddedWebApplicationContext@d61019: startup date [Tue Aug 27 09:54:42 GMT+08:00 2019]; root of context hierarchy
2019-08-27 09:54:42,635 [background-preinit] INFO  org.hibernate.validator.internal.util.Version - HV000001: Hibernate Validator 5.3.6.Final
2019-08-27 09:54:43,365 [restartedMain] INFO  org.springframework.data.repository.config.RepositoryConfigurationDelegate - Multiple Spring Data modules found, entering strict repository configuration mode!
2019-08-27 09:54:43,666 [restartedMain] INFO  o.springframework.beans.factory.annotation.AutowiredAnnotationBeanPostProcessor - JSR-330 'javax.inject.Inject' annotation found and supported for autowiring
2019-08-27 09:54:43,776 [restartedMain] INFO  o.s.context.support.PostProcessorRegistrationDelegate$BeanPostProcessorChecker - Bean 'org.springframework.transaction.annotation.ProxyTransactionManagementConfiguration' of type [org.springframework.transaction.annotation.ProxyTransactionManagementConfiguration$$EnhancerBySpringCGLIB$$47d61a94] is not eligible for getting processed by all BeanPostProcessors (for example: not eligible for auto-proxying)
2019-08-27 09:54:44,243 [restartedMain] INFO  org.springframework.boot.context.embedded.tomcat.TomcatEmbeddedServletContainer - Tomcat initialized with port(s): 8080 (http)
2019-08-27 09:54:44,254 [restartedMain] INFO  org.apache.coyote.http11.Http11NioProtocol - Initializing ProtocolHandler ["http-nio-8080"]
2019-08-27 09:54:44,267 [restartedMain] INFO  org.apache.catalina.core.StandardService - Starting service [Tomcat]
2019-08-27 09:54:44,268 [restartedMain] INFO  org.apache.catalina.core.StandardEngine - Starting Servlet Engine: Apache Tomcat/8.5.31
2019-08-27 09:54:44,385 [localhost-startStop-1] INFO  org.apache.catalina.core.ContainerBase.[Tomcat].[localhost].[/] - Initializing Spring embedded WebApplicationContext
2019-08-27 09:54:44,386 [localhost-startStop-1] INFO  org.springframework.web.context.ContextLoader - Root WebApplicationContext: initialization completed in 1896 ms
2019-08-27 09:54:44,612 [localhost-startStop-1] INFO  org.springframework.boot.web.servlet.ServletRegistrationBean - Mapping servlet: 'statViewServlet' to [/druid/*]
2019-08-27 09:54:44,613 [localhost-startStop-1] INFO  org.springframework.boot.web.servlet.ServletRegistrationBean - Mapping servlet: 'dispatcherServlet' to [/]
2019-08-27 09:54:44,614 [localhost-startStop-1] INFO  org.springframework.boot.web.servlet.ServletRegistrationBean - Mapping servlet: 'statViewServlet' to [/druid/*]
2019-08-27 09:54:44,614 [localhost-startStop-1] INFO  org.springframework.boot.web.servlet.ServletRegistrationBean - Servlet statViewServlet was not registered (possibly already registered?)
2019-08-27 09:54:44,616 [localhost-startStop-1] INFO  org.springframework.boot.web.servlet.FilterRegistrationBean - Mapping filter: 'characterEncodingFilter' to: [/*]
2019-08-27 09:54:44,616 [localhost-startStop-1] INFO  org.springframework.boot.web.servlet.FilterRegistrationBean - Mapping filter: 'hiddenHttpMethodFilter' to: [/*]
2019-08-27 09:54:44,617 [localhost-startStop-1] INFO  org.springframework.boot.web.servlet.FilterRegistrationBean - Mapping filter: 'httpPutFormContentFilter' to: [/*]
2019-08-27 09:54:44,617 [localhost-startStop-1] INFO  org.springframework.boot.web.servlet.FilterRegistrationBean - Mapping filter: 'requestContextFilter' to: [/*]
2019-08-27 09:54:44,617 [localhost-startStop-1] INFO  org.springframework.boot.web.servlet.FilterRegistrationBean - Mapping filter: 'webStatFilter' to urls: [/*]
2019-08-27 09:54:44,617 [localhost-startStop-1] INFO  org.springframework.boot.web.servlet.FilterRegistrationBean - Filter webStatFilter was not registered (possibly already registered?)
2019-08-27 09:54:45,157 [restartedMain] INFO  org.apache.catalina.core.StandardService - Stopping service [Tomcat]
2019-08-27 09:54:45,172 [restartedMain] INFO  o.s.boot.autoconfigure.logging.AutoConfigurationReportLoggingInitializer - 

Error starting ApplicationContext. To display the auto-configuration report re-run your application with 'debug' enabled.
