2019-08-22 09:09:31,567 [restartedMain] INFO  com.yuyue.app.AppApplication - Starting AppApplication on LAPTOP-SO8LCAR6 with PID 39556 (C:\project\yuyue-app\target\classes started by weili in C:\project\yuyue-app)
2019-08-22 09:09:31,568 [restartedMain] INFO  com.yuyue.app.AppApplication - No active profile set, falling back to default profiles: default
2019-08-22 09:09:31,621 [restartedMain] INFO  o.s.boot.context.embedded.AnnotationConfigEmbeddedWebApplicationContext - Refreshing org.springframework.boot.context.embedded.AnnotationConfigEmbeddedWebApplicationContext@5f65caac: startup date [Thu Aug 22 09:09:31 GMT+08:00 2019]; root of context hierarchy
2019-08-22 09:09:31,825 [background-preinit] INFO  org.hibernate.validator.internal.util.Version - HV000001: Hibernate Validator 5.3.6.Final
2019-08-22 09:09:32,711 [restartedMain] INFO  org.springframework.data.repository.config.RepositoryConfigurationDelegate - Multiple Spring Data modules found, entering strict repository configuration mode!
2019-08-22 09:09:33,062 [restartedMain] INFO  o.springframework.beans.factory.annotation.AutowiredAnnotationBeanPostProcessor - JSR-330 'javax.inject.Inject' annotation found and supported for autowiring
2019-08-22 09:09:33,197 [restartedMain] INFO  o.s.context.support.PostProcessorRegistrationDelegate$BeanPostProcessorChecker - Bean 'org.springframework.transaction.annotation.ProxyTransactionManagementConfiguration' of type [org.springframework.transaction.annotation.ProxyTransactionManagementConfiguration$$EnhancerBySpringCGLIB$$fe6636b8] is not eligible for getting processed by all BeanPostProcessors (for example: not eligible for auto-proxying)
2019-08-22 09:09:33,755 [restartedMain] INFO  org.springframework.boot.context.embedded.tomcat.TomcatEmbeddedServletContainer - Tomcat initialized with port(s): 8080 (http)
2019-08-22 09:09:33,768 [restartedMain] INFO  org.apache.coyote.http11.Http11NioProtocol - Initializing ProtocolHandler ["http-nio-8080"]
2019-08-22 09:09:33,778 [restartedMain] INFO  org.apache.catalina.core.StandardService - Starting service [Tomcat]
2019-08-22 09:09:33,778 [restartedMain] INFO  org.apache.catalina.core.StandardEngine - Starting Servlet Engine: Apache Tomcat/8.5.31
2019-08-22 09:09:34,068 [localhost-startStop-1] INFO  org.apache.jasper.servlet.TldScanner - At least one JAR was scanned for TLDs yet contained no TLDs. Enable debug logging for this logger for a complete list of JARs that were scanned but no TLDs were found in them. Skipping unneeded JARs during scanning can improve startup time and JSP compilation time.
2019-08-22 09:09:34,073 [localhost-startStop-1] INFO  org.apache.catalina.core.ContainerBase.[Tomcat].[localhost].[/] - Initializing Spring embedded WebApplicationContext
2019-08-22 09:09:34,073 [localhost-startStop-1] INFO  org.springframework.web.context.ContextLoader - Root WebApplicationContext: initialization completed in 2452 ms
2019-08-22 09:09:34,301 [localhost-startStop-1] INFO  org.springframework.boot.web.servlet.ServletRegistrationBean - Mapping servlet: 'statViewServlet' to [/druid/*]
2019-08-22 09:09:34,302 [localhost-startStop-1] INFO  org.springframework.boot.web.servlet.ServletRegistrationBean - Mapping servlet: 'dispatcherServlet' to [/]
2019-08-22 09:09:34,302 [localhost-startStop-1] INFO  org.springframework.boot.web.servlet.ServletRegistrationBean - Mapping servlet: 'statViewServlet' to [/druid/*]
2019-08-22 09:09:34,302 [localhost-startStop-1] INFO  org.springframework.boot.web.servlet.ServletRegistrationBean - Servlet statViewServlet was not registered (possibly already registered?)
2019-08-22 09:09:34,305 [localhost-startStop-1] INFO  org.springframework.boot.web.servlet.FilterRegistrationBean - Mapping filter: 'characterEncodingFilter' to: [/*]
2019-08-22 09:09:34,306 [localhost-startStop-1] INFO  org.springframework.boot.web.servlet.FilterRegistrationBean - Mapping filter: 'hiddenHttpMethodFilter' to: [/*]
2019-08-22 09:09:34,306 [localhost-startStop-1] INFO  org.springframework.boot.web.servlet.FilterRegistrationBean - Mapping filter: 'httpPutFormContentFilter' to: [/*]
2019-08-22 09:09:34,306 [localhost-startStop-1] INFO  org.springframework.boot.web.servlet.FilterRegistrationBean - Mapping filter: 'requestContextFilter' to: [/*]
2019-08-22 09:09:34,306 [localhost-startStop-1] INFO  org.springframework.boot.web.servlet.FilterRegistrationBean - Mapping filter: 'webStatFilter' to urls: [/*]
2019-08-22 09:09:34,306 [localhost-startStop-1] INFO  org.springframework.boot.web.servlet.FilterRegistrationBean - Filter webStatFilter was not registered (possibly already registered?)
2019-08-22 09:09:35,699 [restartedMain] INFO  o.springframework.web.servlet.mvc.method.annotation.RequestMappingHandlerAdapter - Looking for @ControllerAdvice: org.springframework.boot.context.embedded.AnnotationConfigEmbeddedWebApplicationContext@5f65caac: startup date [Thu Aug 22 09:09:31 GMT+08:00 2019]; root of context hierarchy
2019-08-22 09:09:35,756 [restartedMain] INFO  o.springframework.web.servlet.mvc.method.annotation.RequestMappingHandlerMapping - Mapped "{[/barrage/getBarrages]}" onto public com.alibaba.fastjson.JSONObject com.yuyue.app.api.controller.BarrageController.getBarrages(javax.servlet.http.HttpServletRequest)
2019-08-22 09:09:35,757 [restartedMain] INFO  o.springframework.web.servlet.mvc.method.annotation.RequestMappingHandlerMapping - Mapped "{[/barrage/addBarrages]}" onto public com.alibaba.fastjson.JSONObject com.yuyue.app.api.controller.BarrageController.addBarrages(javax.servlet.http.HttpServletRequest)
2019-08-22 09:09:35,758 [restartedMain] INFO  o.springframework.web.servlet.mvc.method.annotation.RequestMappingHandlerMapping - Mapped "{[/homePage/result],produces=[application/json;charset=UTF-8]}" onto public com.alibaba.fastjson.JSONObject com.yuyue.app.api.controller.HomePageController.homePage()
2019-08-22 09:09:35,758 [restartedMain] INFO  o.springframework.web.servlet.mvc.method.annotation.RequestMappingHandlerMapping - Mapped "{[/homePage/getVideo],produces=[application/json;charset=UTF-8]}" onto public com.alibaba.fastjson.JSONObject com.yuyue.app.api.controller.HomePageController.getVideo(java.lang.String)
2019-08-22 09:09:35,759 [restartedMain] INFO  o.springframework.web.servlet.mvc.method.annotation.RequestMappingHandlerMapping - Mapped "{[/],produces=[application/json;charset=UTF-8]}" onto public java.lang.String com.yuyue.app.api.controller.IController.hello()
2019-08-22 09:09:35,760 [restartedMain] INFO  o.springframework.web.servlet.mvc.method.annotation.RequestMappingHandlerMapping - Mapped "{[/login/getMessage],produces=[application/json;charset=UTF-8]}" onto public com.alibaba.fastjson.JSONObject com.yuyue.app.api.controller.LoginController.getMessage(com.yuyue.app.api.domain.AppUser)
2019-08-22 09:09:35,760 [restartedMain] INFO  o.springframework.web.servlet.mvc.method.annotation.RequestMappingHandlerMapping - Mapped "{[/login/version],produces=[application/json;charset=UTF-8]}" onto public com.alibaba.fastjson.JSONObject com.yuyue.app.api.controller.LoginController.getUserName(java.lang.String)
2019-08-22 09:09:35,761 [restartedMain] INFO  o.springframework.web.servlet.mvc.method.annotation.RequestMappingHandlerMapping - Mapped "{[/login/regist],produces=[application/json;charset=UTF-8]}" onto public com.alibaba.fastjson.JSONObject com.yuyue.app.api.controller.LoginController.regist(java.lang.String,java.lang.String,java.lang.String) throws java.lang.Exception
2019-08-22 09:09:35,761 [restartedMain] INFO  o.springframework.web.servlet.mvc.method.annotation.RequestMappingHandlerMapping - Mapped "{[/login/editPassword],produces=[application/json;charset=UTF-8]}" onto public com.alibaba.fastjson.JSONObject com.yuyue.app.api.controller.LoginController.editPassword(java.lang.String,java.lang.String,java.lang.String) throws java.lang.Exception
2019-08-22 09:09:35,761 [restartedMain] INFO  o.springframework.web.servlet.mvc.method.annotation.RequestMappingHandlerMapping - Mapped "{[/login/loginByPassword],produces=[application/json;charset=UTF-8]}" onto public com.alibaba.fastjson.JSONObject com.yuyue.app.api.controller.LoginController.loginByPassword(java.lang.String,java.lang.String) throws java.lang.Exception
2019-08-22 09:09:35,761 [restartedMain] INFO  o.springframework.web.servlet.mvc.method.annotation.RequestMappingHandlerMapping - Mapped "{[/login/loginByPhone],produces=[application/json;charset=UTF-8]}" onto public com.alibaba.fastjson.JSONObject com.yuyue.app.api.controller.LoginController.loginByPhone(java.lang.String,java.lang.String)
2019-08-22 09:09:35,762 [restartedMain] INFO  o.springframework.web.servlet.mvc.method.annotation.RequestMappingHandlerMapping - Mapped "{[/pay/wxpayNotify],produces=[application/json;charset=UTF-8]}" onto public void com.yuyue.app.api.controller.PayController.wxpay(javax.servlet.http.HttpServletRequest,javax.servlet.http.HttpServletResponse) throws java.lang.Exception
2019-08-22 09:09:35,763 [restartedMain] INFO  o.springframework.web.servlet.mvc.method.annotation.RequestMappingHandlerMapping - Mapped "{[/pay/payWX],produces=[application/json;charset=UTF-8]}" onto public com.alibaba.fastjson.JSONObject com.yuyue.app.api.controller.PayController.payWX(javax.servlet.http.HttpServletRequest) throws java.lang.Exception
2019-08-22 09:09:35,763 [restartedMain] INFO  o.springframework.web.servlet.mvc.method.annotation.RequestMappingHandlerMapping - Mapped "{[/send/sendSms],produces=[application/json;charset=UTF-8]}" onto public com.alibaba.fastjson.JSONObject com.yuyue.app.api.controller.SendSmsController.sendSms(javax.servlet.http.HttpServletRequest)
2019-08-22 09:09:35,766 [restartedMain] INFO  o.springframework.web.servlet.mvc.method.annotation.RequestMappingHandlerMapping - Mapped "{[/uploadFile/delfile],produces=[application/json;charset=UTF-8]}" onto public com.alibaba.fastjson.JSONObject com.yuyue.app.api.controller.UploadFileController.delfile(java.lang.String) throws java.lang.Exception
2019-08-22 09:09:35,766 [restartedMain] INFO  o.springframework.web.servlet.mvc.method.annotation.RequestMappingHandlerMapping - Mapped "{[/uploadFile/uploadServer],produces=[application/json;charset=UTF-8]}" onto public com.alibaba.fastjson.JSONObject com.yuyue.app.api.controller.UploadFileController.uploadFileServer(org.springframework.web.multipart.MultipartFile[],com.yuyue.app.api.domain.AppUser,java.lang.String,java.lang.String) throws java.lang.Exception
2019-08-22 09:09:35,767 [restartedMain] INFO  o.springframework.web.servlet.mvc.method.annotation.RequestMappingHandlerMapping - Mapped "{[/uploadFile/downloadFile],produces=[application/json;charset=UTF-8]}" onto public void com.yuyue.app.api.controller.UploadFileController.downloadFile(java.lang.String,java.lang.String,javax.servlet.http.HttpServletResponse) throws java.io.IOException
2019-08-22 09:09:35,767 [restartedMain] INFO  o.springframework.web.servlet.mvc.method.annotation.RequestMappingHandlerMapping - Mapped "{[/uploadFile/likeCount],produces=[application/json;charset=UTF-8]}" onto public com.alibaba.fastjson.JSONObject com.yuyue.app.api.controller.UploadFileController.likeCount(java.lang.String)
2019-08-22 09:09:35,767 [restartedMain] INFO  o.springframework.web.servlet.mvc.method.annotation.RequestMappingHandlerMapping - Mapped "{[/uploadFile/getVdieoCount],produces=[application/json;charset=UTF-8]}" onto public void com.yuyue.app.api.controller.UploadFileController.getVdieoCount(java.lang.String)
2019-08-22 09:09:35,767 [restartedMain] INFO  o.springframework.web.servlet.mvc.method.annotation.RequestMappingHandlerMapping - Mapped "{[/uploadFile/getRelease],produces=[application/json;charset=UTF-8]}" onto public com.alibaba.fastjson.JSONObject com.yuyue.app.api.controller.UploadFileController.getRelease(java.lang.String,java.lang.String,java.lang.String,java.lang.String) throws java.lang.Exception
2019-08-22 09:09:35,768 [restartedMain] INFO  o.springframework.web.servlet.mvc.method.annotation.RequestMappingHandlerMapping - Mapped "{[/userComment/getAllComment],produces=[application/json;charset=UTF-8]}" onto public com.alibaba.fastjson.JSONObject com.yuyue.app.api.controller.UserCommentController.getAllComment(java.lang.String)
2019-08-22 09:09:35,768 [restartedMain] INFO  o.springframework.web.servlet.mvc.method.annotation.RequestMappingHandlerMapping - Mapped "{[/userComment/deleteComment],produces=[application/json;charset=UTF-8]}" onto public com.alibaba.fastjson.JSONObject com.yuyue.app.api.controller.UserCommentController.deleteComment(javax.servlet.http.HttpServletRequest)
2019-08-22 09:09:35,769 [restartedMain] INFO  o.springframework.web.servlet.mvc.method.annotation.RequestMappingHandlerMapping - Mapped "{[/userComment/addComment],produces=[application/json;charset=UTF-8]}" onto public com.alibaba.fastjson.JSONObject com.yuyue.app.api.controller.UserCommentController.addComment(javax.servlet.http.HttpServletRequest)
2019-08-22 09:09:35,771 [restartedMain] INFO  o.springframework.web.servlet.mvc.method.annotation.RequestMappingHandlerMapping - Mapped "{[/error]}" onto public org.springframework.http.ResponseEntity<java.util.Map<java.lang.String, java.lang.Object>> org.springframework.boot.autoconfigure.web.BasicErrorController.error(javax.servlet.http.HttpServletRequest)
2019-08-22 09:09:35,771 [restartedMain] INFO  o.springframework.web.servlet.mvc.method.annotation.RequestMappingHandlerMapping - Mapped "{[/error],produces=[text/html]}" onto public org.springframework.web.servlet.ModelAndView org.springframework.boot.autoconfigure.web.BasicErrorController.errorHtml(javax.servlet.http.HttpServletRequest,javax.servlet.http.HttpServletResponse)
2019-08-22 09:09:35,801 [restartedMain] INFO  org.springframework.web.servlet.handler.SimpleUrlHandlerMapping - Mapped URL path [/webjars/**] onto handler of type [class org.springframework.web.servlet.resource.ResourceHttpRequestHandler]
2019-08-22 09:09:35,801 [restartedMain] INFO  org.springframework.web.servlet.handler.SimpleUrlHandlerMapping - Mapped URL path [/**] onto handler of type [class org.springframework.web.servlet.resource.ResourceHttpRequestHandler]
2019-08-22 09:09:35,819 [restartedMain] INFO  o.s.web.servlet.mvc.method.annotation.ExceptionHandlerExceptionResolver - Detected @ExceptionHandler methods in globalExceptionHandler
2019-08-22 09:09:35,843 [restartedMain] INFO  org.springframework.web.servlet.handler.SimpleUrlHandlerMapping - Mapped URL path [/**/favicon.ico] onto handler of type [class org.springframework.web.servlet.resource.ResourceHttpRequestHandler]
2019-08-22 09:09:36,529 [restartedMain] INFO  org.springframework.boot.devtools.autoconfigure.OptionalLiveReloadServer - LiveReload server is running on port 35729
2019-08-22 09:09:36,675 [restartedMain] INFO  org.springframework.jmx.export.annotation.AnnotationMBeanExporter - Registering beans for JMX exposure on startup
2019-08-22 09:09:36,676 [restartedMain] INFO  org.springframework.jmx.export.annotation.AnnotationMBeanExporter - Bean with name 'fdfsConnectionPool' has been autodetected for JMX exposure
2019-08-22 09:09:36,677 [restartedMain] INFO  org.springframework.jmx.export.annotation.AnnotationMBeanExporter - Bean with name 'getDruidDS' has been autodetected for JMX exposure
2019-08-22 09:09:36,677 [restartedMain] INFO  org.springframework.jmx.export.annotation.AnnotationMBeanExporter - Bean with name 'statFilter' has been autodetected for JMX exposure
2019-08-22 09:09:36,683 [restartedMain] INFO  org.springframework.jmx.export.annotation.AnnotationMBeanExporter - Located MBean 'fdfsConnectionPool': registering with JMX server as MBean [com.github.tobato.fastdfs.conn:name=fdfsConnectionPool,type=FdfsConnectionPool]
2019-08-22 09:09:36,683 [restartedMain] INFO  org.springframework.jmx.export.annotation.AnnotationMBeanExporter - Located MBean 'getDruidDS': registering with JMX server as MBean [com.alibaba.druid.pool:name=getDruidDS,type=DruidDataSource]
2019-08-22 09:09:36,685 [restartedMain] INFO  org.springframework.jmx.export.annotation.AnnotationMBeanExporter - Located MBean 'statFilter': registering with JMX server as MBean [com.alibaba.druid.filter.stat:name=statFilter,type=StatFilter]
2019-08-22 09:09:36,695 [restartedMain] INFO  org.apache.coyote.http11.Http11NioProtocol - Starting ProtocolHandler ["http-nio-8080"]
2019-08-22 09:09:36,705 [restartedMain] INFO  org.apache.tomcat.util.net.NioSelectorPool - Using a shared selector for servlet write/read
2019-08-22 09:09:36,727 [restartedMain] INFO  org.springframework.boot.context.embedded.tomcat.TomcatEmbeddedServletContainer - Tomcat started on port(s): 8080 (http)
2019-08-22 09:09:36,731 [restartedMain] INFO  com.yuyue.app.AppApplication - Started AppApplication in 5.714 seconds (JVM running for 8.298)
2019-08-22 09:11:11,205 [http-nio-8080-exec-1] INFO  org.apache.catalina.core.ContainerBase.[Tomcat].[localhost].[/] - Initializing Spring FrameworkServlet 'dispatcherServlet'
2019-08-22 09:11:11,206 [http-nio-8080-exec-1] INFO  org.springframework.web.servlet.DispatcherServlet - FrameworkServlet 'dispatcherServlet': initialization started
2019-08-22 09:11:11,251 [http-nio-8080-exec-1] INFO  org.springframework.web.servlet.DispatcherServlet - FrameworkServlet 'dispatcherServlet': initialization completed in 45 ms
2019-08-22 09:11:11,290 [http-nio-8080-exec-1] INFO  com.yuyue.app.api.controller.PayController - -------创建订单-----------
2019-08-22 09:11:11,812 [http-nio-8080-exec-1] INFO  com.alibaba.druid.pool.DruidDataSource - {dataSource-1} inited
2019-08-22 09:11:11,956 [http-nio-8080-exec-1] INFO  com.yuyue.app.api.controller.PayController - -------weixinAPP支付统一下单-----------
2019-08-22 09:11:11,984 [http-nio-8080-exec-1] INFO  com.yuyue.app.api.controller.PayController - 上送的数据为+++++++<xml><nonce_str><![CDATA[9UQJ3219GSX2BNH5GAD242U76MX0UHM2]]></nonce_str><out_trade_no><![CDATA[]]></out_trade_no><appid><![CDATA[wx82e0374be0e044a4]]></appid><total_fee><![CDATA[100]]></total_fee><sign><![CDATA[31F3D652DDB88D1C206191AD83300D7E]]></sign><trade_type><![CDATA[APP]]></trade_type><mch_id><![CDATA[1529278811]]></mch_id><body><![CDATA[yuyue-礼物充值]]></body><notify_url><![CDATA[http://101.37.252.177:8082/yuyue-app/pay/wxpayNotify]]></notify_url><spbill_create_ip><![CDATA[101.37.252.177]]></spbill_create_ip></xml>
2019-08-22 09:11:12,554 [http-nio-8080-exec-1] INFO  com.yuyue.app.api.controller.PayController - 返回的数据为--------------------------+++++++<xml><return_code><![CDATA[FAIL]]></return_code>
<return_msg><![CDATA[out_trade_no参数长度有误]]></return_msg>
</xml>
2019-08-22 09:12:37,133 [Thread-20] INFO  o.s.boot.context.embedded.AnnotationConfigEmbeddedWebApplicationContext - Closing org.springframework.boot.context.embedded.AnnotationConfigEmbeddedWebApplicationContext@5f65caac: startup date [Thu Aug 22 09:09:31 GMT+08:00 2019]; root of context hierarchy
2019-08-22 09:12:37,151 [Thread-20] INFO  org.springframework.jmx.export.annotation.AnnotationMBeanExporter - Unregistering JMX-exposed beans on shutdown
2019-08-22 09:12:37,152 [Thread-20] INFO  org.springframework.jmx.export.annotation.AnnotationMBeanExporter - Unregistering JMX-exposed beans
2019-08-22 09:12:37,158 [Thread-20] INFO  com.alibaba.druid.pool.DruidDataSource - {dataSource-1} closed
2019-08-22 10:37:22,693 [restartedMain] INFO  com.yuyue.app.AppApplication - Starting AppApplication on LAPTOP-SO8LCAR6 with PID 13364 (C:\project\yuyue-app\target\classes started by weili in C:\project\yuyue-app)
2019-08-22 10:37:22,695 [restartedMain] INFO  com.yuyue.app.AppApplication - No active profile set, falling back to default profiles: default
2019-08-22 10:37:22,782 [restartedMain] INFO  o.s.boot.context.embedded.AnnotationConfigEmbeddedWebApplicationContext - Refreshing org.springframework.boot.context.embedded.AnnotationConfigEmbeddedWebApplicationContext@30721f11: startup date [Thu Aug 22 10:37:22 GMT+08:00 2019]; root of context hierarchy
2019-08-22 10:37:22,941 [background-preinit] INFO  org.hibernate.validator.internal.util.Version - HV000001: Hibernate Validator 5.3.6.Final
2019-08-22 10:37:24,084 [restartedMain] INFO  org.springframework.data.repository.config.RepositoryConfigurationDelegate - Multiple Spring Data modules found, entering strict repository configuration mode!
2019-08-22 10:37:24,553 [restartedMain] INFO  o.springframework.beans.factory.annotation.AutowiredAnnotationBeanPostProcessor - JSR-330 'javax.inject.Inject' annotation found and supported for autowiring
2019-08-22 10:37:24,746 [restartedMain] INFO  o.s.context.support.PostProcessorRegistrationDelegate$BeanPostProcessorChecker - Bean 'org.springframework.transaction.annotation.ProxyTransactionManagementConfiguration' of type [org.springframework.transaction.annotation.ProxyTransactionManagementConfiguration$$EnhancerBySpringCGLIB$$ec37f8f6] is not eligible for getting processed by all BeanPostProcessors (for example: not eligible for auto-proxying)
2019-08-22 10:37:25,396 [restartedMain] INFO  org.springframework.boot.context.embedded.tomcat.TomcatEmbeddedServletContainer - Tomcat initialized with port(s): 8080 (http)
2019-08-22 10:37:25,412 [restartedMain] INFO  org.apache.coyote.http11.Http11NioProtocol - Initializing ProtocolHandler ["http-nio-8080"]
2019-08-22 10:37:25,424 [restartedMain] INFO  org.apache.catalina.core.StandardService - Starting service [Tomcat]
2019-08-22 10:37:25,425 [restartedMain] INFO  org.apache.catalina.core.StandardEngine - Starting Servlet Engine: Apache Tomcat/8.5.31
2019-08-22 10:37:25,875 [localhost-startStop-1] INFO  org.apache.jasper.servlet.TldScanner - At least one JAR was scanned for TLDs yet contained no TLDs. Enable debug logging for this logger for a complete list of JARs that were scanned but no TLDs were found in them. Skipping unneeded JARs during scanning can improve startup time and JSP compilation time.
2019-08-22 10:37:25,879 [localhost-startStop-1] INFO  org.apache.catalina.core.ContainerBase.[Tomcat].[localhost].[/] - Initializing Spring embedded WebApplicationContext
2019-08-22 10:37:25,880 [localhost-startStop-1] INFO  org.springframework.web.context.ContextLoader - Root WebApplicationContext: initialization completed in 3098 ms
2019-08-22 10:37:26,149 [localhost-startStop-1] INFO  org.springframework.boot.web.servlet.ServletRegistrationBean - Mapping servlet: 'statViewServlet' to [/druid/*]
2019-08-22 10:37:26,150 [localhost-startStop-1] INFO  org.springframework.boot.web.servlet.ServletRegistrationBean - Mapping servlet: 'dispatcherServlet' to [/]
2019-08-22 10:37:26,151 [localhost-startStop-1] INFO  org.springframework.boot.web.servlet.ServletRegistrationBean - Mapping servlet: 'statViewServlet' to [/druid/*]
2019-08-22 10:37:26,151 [localhost-startStop-1] INFO  org.springframework.boot.web.servlet.ServletRegistrationBean - Servlet statViewServlet was not registered (possibly already registered?)
2019-08-22 10:37:26,154 [localhost-startStop-1] INFO  org.springframework.boot.web.servlet.FilterRegistrationBean - Mapping filter: 'characterEncodingFilter' to: [/*]
2019-08-22 10:37:26,154 [localhost-startStop-1] INFO  org.springframework.boot.web.servlet.FilterRegistrationBean - Mapping filter: 'hiddenHttpMethodFilter' to: [/*]
2019-08-22 10:37:26,154 [localhost-startStop-1] INFO  org.springframework.boot.web.servlet.FilterRegistrationBean - Mapping filter: 'httpPutFormContentFilter' to: [/*]
2019-08-22 10:37:26,154 [localhost-startStop-1] INFO  org.springframework.boot.web.servlet.FilterRegistrationBean - Mapping filter: 'requestContextFilter' to: [/*]
2019-08-22 10:37:26,155 [localhost-startStop-1] INFO  org.springframework.boot.web.servlet.FilterRegistrationBean - Mapping filter: 'webStatFilter' to urls: [/*]
2019-08-22 10:37:26,155 [localhost-startStop-1] INFO  org.springframework.boot.web.servlet.FilterRegistrationBean - Filter webStatFilter was not registered (possibly already registered?)
2019-08-22 10:37:27,653 [restartedMain] INFO  o.springframework.web.servlet.mvc.method.annotation.RequestMappingHandlerAdapter - Looking for @ControllerAdvice: org.springframework.boot.context.embedded.AnnotationConfigEmbeddedWebApplicationContext@30721f11: startup date [Thu Aug 22 10:37:22 GMT+08:00 2019]; root of context hierarchy
2019-08-22 10:37:27,719 [restartedMain] INFO  o.springframework.web.servlet.mvc.method.annotation.RequestMappingHandlerMapping - Mapped "{[/barrage/getBarrages]}" onto public com.alibaba.fastjson.JSONObject com.yuyue.app.api.controller.BarrageController.getBarrages(javax.servlet.http.HttpServletRequest)
2019-08-22 10:37:27,720 [restartedMain] INFO  o.springframework.web.servlet.mvc.method.annotation.RequestMappingHandlerMapping - Mapped "{[/barrage/addBarrages]}" onto public com.alibaba.fastjson.JSONObject com.yuyue.app.api.controller.BarrageController.addBarrages(javax.servlet.http.HttpServletRequest)
2019-08-22 10:37:27,721 [restartedMain] INFO  o.springframework.web.servlet.mvc.method.annotation.RequestMappingHandlerMapping - Mapped "{[/homePage/result],produces=[application/json;charset=UTF-8]}" onto public com.alibaba.fastjson.JSONObject com.yuyue.app.api.controller.HomePageController.homePage()
2019-08-22 10:37:27,721 [restartedMain] INFO  o.springframework.web.servlet.mvc.method.annotation.RequestMappingHandlerMapping - Mapped "{[/homePage/getVideo],produces=[application/json;charset=UTF-8]}" onto public com.alibaba.fastjson.JSONObject com.yuyue.app.api.controller.HomePageController.getVideo(java.lang.String)
2019-08-22 10:37:27,722 [restartedMain] INFO  o.springframework.web.servlet.mvc.method.annotation.RequestMappingHandlerMapping - Mapped "{[/],produces=[application/json;charset=UTF-8]}" onto public java.lang.String com.yuyue.app.api.controller.IController.hello()
2019-08-22 10:37:27,723 [restartedMain] INFO  o.springframework.web.servlet.mvc.method.annotation.RequestMappingHandlerMapping - Mapped "{[/login/getMessage],produces=[application/json;charset=UTF-8]}" onto public com.alibaba.fastjson.JSONObject com.yuyue.app.api.controller.LoginController.getMessage(com.yuyue.app.api.domain.AppUser)
2019-08-22 10:37:27,724 [restartedMain] INFO  o.springframework.web.servlet.mvc.method.annotation.RequestMappingHandlerMapping - Mapped "{[/login/version],produces=[application/json;charset=UTF-8]}" onto public com.alibaba.fastjson.JSONObject com.yuyue.app.api.controller.LoginController.getUserName(java.lang.String)
2019-08-22 10:37:27,724 [restartedMain] INFO  o.springframework.web.servlet.mvc.method.annotation.RequestMappingHandlerMapping - Mapped "{[/login/regist],produces=[application/json;charset=UTF-8]}" onto public com.alibaba.fastjson.JSONObject com.yuyue.app.api.controller.LoginController.regist(java.lang.String,java.lang.String,java.lang.String) throws java.lang.Exception
2019-08-22 10:37:27,724 [restartedMain] INFO  o.springframework.web.servlet.mvc.method.annotation.RequestMappingHandlerMapping - Mapped "{[/login/loginByPassword],produces=[application/json;charset=UTF-8]}" onto public com.alibaba.fastjson.JSONObject com.yuyue.app.api.controller.LoginController.loginByPassword(java.lang.String,java.lang.String) throws java.lang.Exception
2019-08-22 10:37:27,725 [restartedMain] INFO  o.springframework.web.servlet.mvc.method.annotation.RequestMappingHandlerMapping - Mapped "{[/login/editPassword],produces=[application/json;charset=UTF-8]}" onto public com.alibaba.fastjson.JSONObject com.yuyue.app.api.controller.LoginController.editPassword(java.lang.String,java.lang.String,java.lang.String) throws java.lang.Exception
2019-08-22 10:37:27,725 [restartedMain] INFO  o.springframework.web.servlet.mvc.method.annotation.RequestMappingHandlerMapping - Mapped "{[/login/loginByPhone],produces=[application/json;charset=UTF-8]}" onto public com.alibaba.fastjson.JSONObject com.yuyue.app.api.controller.LoginController.loginByPhone(java.lang.String,java.lang.String)
2019-08-22 10:37:27,726 [restartedMain] INFO  o.springframework.web.servlet.mvc.method.annotation.RequestMappingHandlerMapping - Mapped "{[/pay/wxpayNotify],produces=[application/json;charset=UTF-8]}" onto public com.alibaba.fastjson.JSONObject com.yuyue.app.api.controller.PayController.wxpay(javax.servlet.http.HttpServletRequest) throws java.lang.Exception
2019-08-22 10:37:27,727 [restartedMain] INFO  o.springframework.web.servlet.mvc.method.annotation.RequestMappingHandlerMapping - Mapped "{[/pay/payWX],produces=[application/json;charset=UTF-8]}" onto public com.alibaba.fastjson.JSONObject com.yuyue.app.api.controller.PayController.payWX(javax.servlet.http.HttpServletRequest) throws java.lang.Exception
2019-08-22 10:37:27,727 [restartedMain] INFO  o.springframework.web.servlet.mvc.method.annotation.RequestMappingHandlerMapping - Mapped "{[/send/sendSms],produces=[application/json;charset=UTF-8]}" onto public com.alibaba.fastjson.JSONObject com.yuyue.app.api.controller.SendSmsController.sendSms(javax.servlet.http.HttpServletRequest)
2019-08-22 10:37:27,732 [restartedMain] INFO  o.springframework.web.servlet.mvc.method.annotation.RequestMappingHandlerMapping - Mapped "{[/uploadFile/uploadServer],produces=[application/json;charset=UTF-8]}" onto public com.alibaba.fastjson.JSONObject com.yuyue.app.api.controller.UploadFileController.uploadFileServer(org.springframework.web.multipart.MultipartFile[],com.yuyue.app.api.domain.AppUser,java.lang.String,java.lang.String) throws java.lang.Exception
2019-08-22 10:37:27,732 [restartedMain] INFO  o.springframework.web.servlet.mvc.method.annotation.RequestMappingHandlerMapping - Mapped "{[/uploadFile/getRelease],produces=[application/json;charset=UTF-8]}" onto public com.alibaba.fastjson.JSONObject com.yuyue.app.api.controller.UploadFileController.getRelease(java.lang.String,java.lang.String,java.lang.String,java.lang.String) throws java.lang.Exception
2019-08-22 10:37:27,733 [restartedMain] INFO  o.springframework.web.servlet.mvc.method.annotation.RequestMappingHandlerMapping - Mapped "{[/uploadFile/downloadFile],produces=[application/json;charset=UTF-8]}" onto public void com.yuyue.app.api.controller.UploadFileController.downloadFile(java.lang.String,java.lang.String,javax.servlet.http.HttpServletResponse) throws java.io.IOException
2019-08-22 10:37:27,733 [restartedMain] INFO  o.springframework.web.servlet.mvc.method.annotation.RequestMappingHandlerMapping - Mapped "{[/uploadFile/delfile],produces=[application/json;charset=UTF-8]}" onto public com.alibaba.fastjson.JSONObject com.yuyue.app.api.controller.UploadFileController.delfile(java.lang.String) throws java.lang.Exception
2019-08-22 10:37:27,733 [restartedMain] INFO  o.springframework.web.servlet.mvc.method.annotation.RequestMappingHandlerMapping - Mapped "{[/uploadFile/likeCount],produces=[application/json;charset=UTF-8]}" onto public com.alibaba.fastjson.JSONObject com.yuyue.app.api.controller.UploadFileController.likeCount(java.lang.String)
2019-08-22 10:37:27,733 [restartedMain] INFO  o.springframework.web.servlet.mvc.method.annotation.RequestMappingHandlerMapping - Mapped "{[/uploadFile/getVdieoCount],produces=[application/json;charset=UTF-8]}" onto public void com.yuyue.app.api.controller.UploadFileController.getVdieoCount(java.lang.String)
2019-08-22 10:37:27,734 [restartedMain] INFO  o.springframework.web.servlet.mvc.method.annotation.RequestMappingHandlerMapping - Mapped "{[/userComment/getAllComment],produces=[application/json;charset=UTF-8]}" onto public com.alibaba.fastjson.JSONObject com.yuyue.app.api.controller.UserCommentController.getAllComment(java.lang.String)
2019-08-22 10:37:27,735 [restartedMain] INFO  o.springframework.web.servlet.mvc.method.annotation.RequestMappingHandlerMapping - Mapped "{[/userComment/addComment],produces=[application/json;charset=UTF-8]}" onto public com.alibaba.fastjson.JSONObject com.yuyue.app.api.controller.UserCommentController.addComment(javax.servlet.http.HttpServletRequest)
2019-08-22 10:37:27,735 [restartedMain] INFO  o.springframework.web.servlet.mvc.method.annotation.RequestMappingHandlerMapping - Mapped "{[/userComment/deleteComment],produces=[application/json;charset=UTF-8]}" onto public com.alibaba.fastjson.JSONObject com.yuyue.app.api.controller.UserCommentController.deleteComment(javax.servlet.http.HttpServletRequest)
2019-08-22 10:37:27,738 [restartedMain] INFO  o.springframework.web.servlet.mvc.method.annotation.RequestMappingHandlerMapping - Mapped "{[/error]}" onto public org.springframework.http.ResponseEntity<java.util.Map<java.lang.String, java.lang.Object>> org.springframework.boot.autoconfigure.web.BasicErrorController.error(javax.servlet.http.HttpServletRequest)
2019-08-22 10:37:27,738 [restartedMain] INFO  o.springframework.web.servlet.mvc.method.annotation.RequestMappingHandlerMapping - Mapped "{[/error],produces=[text/html]}" onto public org.springframework.web.servlet.ModelAndView org.springframework.boot.autoconfigure.web.BasicErrorController.errorHtml(javax.servlet.http.HttpServletRequest,javax.servlet.http.HttpServletResponse)
2019-08-22 10:37:27,778 [restartedMain] INFO  org.springframework.web.servlet.handler.SimpleUrlHandlerMapping - Mapped URL path [/webjars/**] onto handler of type [class org.springframework.web.servlet.resource.ResourceHttpRequestHandler]
2019-08-22 10:37:27,778 [restartedMain] INFO  org.springframework.web.servlet.handler.SimpleUrlHandlerMapping - Mapped URL path [/**] onto handler of type [class org.springframework.web.servlet.resource.ResourceHttpRequestHandler]
2019-08-22 10:37:27,802 [restartedMain] INFO  o.s.web.servlet.mvc.method.annotation.ExceptionHandlerExceptionResolver - Detected @ExceptionHandler methods in globalExceptionHandler
2019-08-22 10:37:27,836 [restartedMain] INFO  org.springframework.web.servlet.handler.SimpleUrlHandlerMapping - Mapped URL path [/**/favicon.ico] onto handler of type [class org.springframework.web.servlet.resource.ResourceHttpRequestHandler]
2019-08-22 10:37:28,453 [restartedMain] INFO  org.springframework.boot.devtools.autoconfigure.OptionalLiveReloadServer - LiveReload server is running on port 35729
2019-08-22 10:37:28,615 [restartedMain] INFO  org.springframework.jmx.export.annotation.AnnotationMBeanExporter - Registering beans for JMX exposure on startup
2019-08-22 10:37:28,616 [restartedMain] INFO  org.springframework.jmx.export.annotation.AnnotationMBeanExporter - Bean with name 'fdfsConnectionPool' has been autodetected for JMX exposure
2019-08-22 10:37:28,616 [restartedMain] INFO  org.springframework.jmx.export.annotation.AnnotationMBeanExporter - Bean with name 'getDruidDS' has been autodetected for JMX exposure
2019-08-22 10:37:28,617 [restartedMain] INFO  org.springframework.jmx.export.annotation.AnnotationMBeanExporter - Bean with name 'statFilter' has been autodetected for JMX exposure
2019-08-22 10:37:28,623 [restartedMain] INFO  org.springframework.jmx.export.annotation.AnnotationMBeanExporter - Located MBean 'fdfsConnectionPool': registering with JMX server as MBean [com.github.tobato.fastdfs.conn:name=fdfsConnectionPool,type=FdfsConnectionPool]
2019-08-22 10:37:28,624 [restartedMain] INFO  org.springframework.jmx.export.annotation.AnnotationMBeanExporter - Located MBean 'getDruidDS': registering with JMX server as MBean [com.alibaba.druid.pool:name=getDruidDS,type=DruidDataSource]
2019-08-22 10:37:28,626 [restartedMain] INFO  org.springframework.jmx.export.annotation.AnnotationMBeanExporter - Located MBean 'statFilter': registering with JMX server as MBean [com.alibaba.druid.filter.stat:name=statFilter,type=StatFilter]
2019-08-22 10:37:28,637 [restartedMain] INFO  org.apache.coyote.http11.Http11NioProtocol - Starting ProtocolHandler ["http-nio-8080"]
2019-08-22 10:37:28,647 [restartedMain] INFO  org.apache.tomcat.util.net.NioSelectorPool - Using a shared selector for servlet write/read
2019-08-22 10:37:28,669 [restartedMain] INFO  org.springframework.boot.context.embedded.tomcat.TomcatEmbeddedServletContainer - Tomcat started on port(s): 8080 (http)
2019-08-22 10:37:28,675 [restartedMain] INFO  com.yuyue.app.AppApplication - Started AppApplication in 6.773 seconds (JVM running for 8.483)
2019-08-22 10:37:34,091 [http-nio-8080-exec-1] INFO  org.apache.catalina.core.ContainerBase.[Tomcat].[localhost].[/] - Initializing Spring FrameworkServlet 'dispatcherServlet'
2019-08-22 10:37:34,091 [http-nio-8080-exec-1] INFO  org.springframework.web.servlet.DispatcherServlet - FrameworkServlet 'dispatcherServlet': initialization started
2019-08-22 10:37:34,115 [http-nio-8080-exec-1] INFO  org.springframework.web.servlet.DispatcherServlet - FrameworkServlet 'dispatcherServlet': initialization completed in 24 ms
2019-08-22 10:37:34,138 [http-nio-8080-exec-1] INFO  com.yuyue.app.api.controller.PayController - -------创建订单-----------
2019-08-22 10:37:34,630 [http-nio-8080-exec-1] INFO  com.alibaba.druid.pool.DruidDataSource - {dataSource-1} inited
2019-08-22 10:41:42,010 [Thread-22] INFO  o.s.boot.context.embedded.AnnotationConfigEmbeddedWebApplicationContext - Closing org.springframework.boot.context.embedded.AnnotationConfigEmbeddedWebApplicationContext@30721f11: startup date [Thu Aug 22 10:37:22 GMT+08:00 2019]; root of context hierarchy
2019-08-22 10:41:42,015 [Thread-22] INFO  org.springframework.jmx.export.annotation.AnnotationMBeanExporter - Unregistering JMX-exposed beans on shutdown
2019-08-22 10:41:42,015 [Thread-22] INFO  org.springframework.jmx.export.annotation.AnnotationMBeanExporter - Unregistering JMX-exposed beans
2019-08-22 10:41:42,023 [Thread-22] INFO  com.alibaba.druid.pool.DruidDataSource - {dataSource-1} closed
2019-08-22 10:51:43,184 [restartedMain] INFO  com.yuyue.app.AppApplication - Starting AppApplication on LAPTOP-SO8LCAR6 with PID 8888 (C:\project\yuyue-app\target\classes started by weili in C:\project\yuyue-app)
2019-08-22 10:51:43,187 [restartedMain] INFO  com.yuyue.app.AppApplication - No active profile set, falling back to default profiles: default
2019-08-22 10:51:43,262 [restartedMain] INFO  o.s.boot.context.embedded.AnnotationConfigEmbeddedWebApplicationContext - Refreshing org.springframework.boot.context.embedded.AnnotationConfigEmbeddedWebApplicationContext@7412af10: startup date [Thu Aug 22 10:51:43 GMT+08:00 2019]; root of context hierarchy
2019-08-22 10:51:43,441 [background-preinit] INFO  org.hibernate.validator.internal.util.Version - HV000001: Hibernate Validator 5.3.6.Final
2019-08-22 10:51:44,345 [restartedMain] INFO  org.springframework.data.repository.config.RepositoryConfigurationDelegate - Multiple Spring Data modules found, entering strict repository configuration mode!
2019-08-22 10:51:44,653 [restartedMain] INFO  o.springframework.beans.factory.annotation.AutowiredAnnotationBeanPostProcessor - JSR-330 'javax.inject.Inject' annotation found and supported for autowiring
2019-08-22 10:51:44,777 [restartedMain] INFO  o.s.context.support.PostProcessorRegistrationDelegate$BeanPostProcessorChecker - Bean 'org.springframework.transaction.annotation.ProxyTransactionManagementConfiguration' of type [org.springframework.transaction.annotation.ProxyTransactionManagementConfiguration$$EnhancerBySpringCGLIB$$7d3deb8c] is not eligible for getting processed by all BeanPostProcessors (for example: not eligible for auto-proxying)
2019-08-22 10:51:45,224 [restartedMain] INFO  org.springframework.boot.context.embedded.tomcat.TomcatEmbeddedServletContainer - Tomcat initialized with port(s): 8080 (http)
2019-08-22 10:51:45,235 [restartedMain] INFO  org.apache.coyote.http11.Http11NioProtocol - Initializing ProtocolHandler ["http-nio-8080"]
2019-08-22 10:51:45,244 [restartedMain] INFO  org.apache.catalina.core.StandardService - Starting service [Tomcat]
2019-08-22 10:51:45,244 [restartedMain] INFO  org.apache.catalina.core.StandardEngine - Starting Servlet Engine: Apache Tomcat/8.5.31
2019-08-22 10:51:45,525 [localhost-startStop-1] INFO  org.apache.jasper.servlet.TldScanner - At least one JAR was scanned for TLDs yet contained no TLDs. Enable debug logging for this logger for a complete list of JARs that were scanned but no TLDs were found in them. Skipping unneeded JARs during scanning can improve startup time and JSP compilation time.
2019-08-22 10:51:45,531 [localhost-startStop-1] INFO  org.apache.catalina.core.ContainerBase.[Tomcat].[localhost].[/] - Initializing Spring embedded WebApplicationContext
2019-08-22 10:51:45,531 [localhost-startStop-1] INFO  org.springframework.web.context.ContextLoader - Root WebApplicationContext: initialization completed in 2269 ms
2019-08-22 10:51:45,754 [localhost-startStop-1] INFO  org.springframework.boot.web.servlet.ServletRegistrationBean - Mapping servlet: 'statViewServlet' to [/druid/*]
2019-08-22 10:51:45,755 [localhost-startStop-1] INFO  org.springframework.boot.web.servlet.ServletRegistrationBean - Mapping servlet: 'dispatcherServlet' to [/]
2019-08-22 10:51:45,755 [localhost-startStop-1] INFO  org.springframework.boot.web.servlet.ServletRegistrationBean - Mapping servlet: 'statViewServlet' to [/druid/*]
2019-08-22 10:51:45,755 [localhost-startStop-1] INFO  org.springframework.boot.web.servlet.ServletRegistrationBean - Servlet statViewServlet was not registered (possibly already registered?)
2019-08-22 10:51:45,758 [localhost-startStop-1] INFO  org.springframework.boot.web.servlet.FilterRegistrationBean - Mapping filter: 'characterEncodingFilter' to: [/*]
2019-08-22 10:51:45,759 [localhost-startStop-1] INFO  org.springframework.boot.web.servlet.FilterRegistrationBean - Mapping filter: 'hiddenHttpMethodFilter' to: [/*]
2019-08-22 10:51:45,759 [localhost-startStop-1] INFO  org.springframework.boot.web.servlet.FilterRegistrationBean - Mapping filter: 'httpPutFormContentFilter' to: [/*]
2019-08-22 10:51:45,759 [localhost-startStop-1] INFO  org.springframework.boot.web.servlet.FilterRegistrationBean - Mapping filter: 'requestContextFilter' to: [/*]
2019-08-22 10:51:45,759 [localhost-startStop-1] INFO  org.springframework.boot.web.servlet.FilterRegistrationBean - Mapping filter: 'webStatFilter' to urls: [/*]
2019-08-22 10:51:45,759 [localhost-startStop-1] INFO  org.springframework.boot.web.servlet.FilterRegistrationBean - Filter webStatFilter was not registered (possibly already registered?)
2019-08-22 10:51:47,153 [restartedMain] INFO  o.springframework.web.servlet.mvc.method.annotation.RequestMappingHandlerAdapter - Looking for @ControllerAdvice: org.springframework.boot.context.embedded.AnnotationConfigEmbeddedWebApplicationContext@7412af10: startup date [Thu Aug 22 10:51:43 GMT+08:00 2019]; root of context hierarchy
2019-08-22 10:51:47,207 [restartedMain] INFO  o.springframework.web.servlet.mvc.method.annotation.RequestMappingHandlerMapping - Mapped "{[/barrage/getBarrages]}" onto public com.alibaba.fastjson.JSONObject com.yuyue.app.api.controller.BarrageController.getBarrages(javax.servlet.http.HttpServletRequest)
2019-08-22 10:51:47,208 [restartedMain] INFO  o.springframework.web.servlet.mvc.method.annotation.RequestMappingHandlerMapping - Mapped "{[/barrage/addBarrages]}" onto public com.alibaba.fastjson.JSONObject com.yuyue.app.api.controller.BarrageController.addBarrages(javax.servlet.http.HttpServletRequest)
2019-08-22 10:51:47,209 [restartedMain] INFO  o.springframework.web.servlet.mvc.method.annotation.RequestMappingHandlerMapping - Mapped "{[/homePage/getVideo],produces=[application/json;charset=UTF-8]}" onto public com.alibaba.fastjson.JSONObject com.yuyue.app.api.controller.HomePageController.getVideo(java.lang.String)
2019-08-22 10:51:47,209 [restartedMain] INFO  o.springframework.web.servlet.mvc.method.annotation.RequestMappingHandlerMapping - Mapped "{[/homePage/result],produces=[application/json;charset=UTF-8]}" onto public com.alibaba.fastjson.JSONObject com.yuyue.app.api.controller.HomePageController.homePage()
2019-08-22 10:51:47,209 [restartedMain] INFO  o.springframework.web.servlet.mvc.method.annotation.RequestMappingHandlerMapping - Mapped "{[/],produces=[application/json;charset=UTF-8]}" onto public java.lang.String com.yuyue.app.api.controller.IController.hello()
2019-08-22 10:51:47,211 [restartedMain] INFO  o.springframework.web.servlet.mvc.method.annotation.RequestMappingHandlerMapping - Mapped "{[/login/getMessage],produces=[application/json;charset=UTF-8]}" onto public com.alibaba.fastjson.JSONObject com.yuyue.app.api.controller.LoginController.getMessage(com.yuyue.app.api.domain.AppUser)
2019-08-22 10:51:47,211 [restartedMain] INFO  o.springframework.web.servlet.mvc.method.annotation.RequestMappingHandlerMapping - Mapped "{[/login/version],produces=[application/json;charset=UTF-8]}" onto public com.alibaba.fastjson.JSONObject com.yuyue.app.api.controller.LoginController.getUserName(java.lang.String)
2019-08-22 10:51:47,211 [restartedMain] INFO  o.springframework.web.servlet.mvc.method.annotation.RequestMappingHandlerMapping - Mapped "{[/login/loginByPassword],produces=[application/json;charset=UTF-8]}" onto public com.alibaba.fastjson.JSONObject com.yuyue.app.api.controller.LoginController.loginByPassword(java.lang.String,java.lang.String) throws java.lang.Exception
2019-08-22 10:51:47,212 [restartedMain] INFO  o.springframework.web.servlet.mvc.method.annotation.RequestMappingHandlerMapping - Mapped "{[/login/editPassword],produces=[application/json;charset=UTF-8]}" onto public com.alibaba.fastjson.JSONObject com.yuyue.app.api.controller.LoginController.editPassword(java.lang.String,java.lang.String,java.lang.String) throws java.lang.Exception
2019-08-22 10:51:47,212 [restartedMain] INFO  o.springframework.web.servlet.mvc.method.annotation.RequestMappingHandlerMapping - Mapped "{[/login/loginByPhone],produces=[application/json;charset=UTF-8]}" onto public com.alibaba.fastjson.JSONObject com.yuyue.app.api.controller.LoginController.loginByPhone(java.lang.String,java.lang.String)
2019-08-22 10:51:47,212 [restartedMain] INFO  o.springframework.web.servlet.mvc.method.annotation.RequestMappingHandlerMapping - Mapped "{[/login/regist],produces=[application/json;charset=UTF-8]}" onto public com.alibaba.fastjson.JSONObject com.yuyue.app.api.controller.LoginController.regist(java.lang.String,java.lang.String,java.lang.String) throws java.lang.Exception
2019-08-22 10:51:47,213 [restartedMain] INFO  o.springframework.web.servlet.mvc.method.annotation.RequestMappingHandlerMapping - Mapped "{[/pay/wxpayNotify],produces=[application/json;charset=UTF-8]}" onto public com.alibaba.fastjson.JSONObject com.yuyue.app.api.controller.PayController.wxpay(javax.servlet.http.HttpServletRequest) throws java.lang.Exception
2019-08-22 10:51:47,213 [restartedMain] INFO  o.springframework.web.servlet.mvc.method.annotation.RequestMappingHandlerMapping - Mapped "{[/pay/payWX],produces=[application/json;charset=UTF-8]}" onto public com.alibaba.fastjson.JSONObject com.yuyue.app.api.controller.PayController.payWX(javax.servlet.http.HttpServletRequest) throws java.lang.Exception
2019-08-22 10:51:47,214 [restartedMain] INFO  o.springframework.web.servlet.mvc.method.annotation.RequestMappingHandlerMapping - Mapped "{[/send/sendSms],produces=[application/json;charset=UTF-8]}" onto public com.alibaba.fastjson.JSONObject com.yuyue.app.api.controller.SendSmsController.sendSms(javax.servlet.http.HttpServletRequest)
2019-08-22 10:51:47,217 [restartedMain] INFO  o.springframework.web.servlet.mvc.method.annotation.RequestMappingHandlerMapping - Mapped "{[/uploadFile/delfile],produces=[application/json;charset=UTF-8]}" onto public com.alibaba.fastjson.JSONObject com.yuyue.app.api.controller.UploadFileController.delfile(java.lang.String) throws java.lang.Exception
2019-08-22 10:51:47,217 [restartedMain] INFO  o.springframework.web.servlet.mvc.method.annotation.RequestMappingHandlerMapping - Mapped "{[/uploadFile/downloadFile],produces=[application/json;charset=UTF-8]}" onto public void com.yuyue.app.api.controller.UploadFileController.downloadFile(java.lang.String,java.lang.String,javax.servlet.http.HttpServletResponse) throws java.io.IOException
2019-08-22 10:51:47,217 [restartedMain] INFO  o.springframework.web.servlet.mvc.method.annotation.RequestMappingHandlerMapping - Mapped "{[/uploadFile/uploadServer],produces=[application/json;charset=UTF-8]}" onto public com.alibaba.fastjson.JSONObject com.yuyue.app.api.controller.UploadFileController.uploadFileServer(org.springframework.web.multipart.MultipartFile[],com.yuyue.app.api.domain.AppUser,java.lang.String,java.lang.String) throws java.lang.Exception
2019-08-22 10:51:47,217 [restartedMain] INFO  o.springframework.web.servlet.mvc.method.annotation.RequestMappingHandlerMapping - Mapped "{[/uploadFile/likeCount],produces=[application/json;charset=UTF-8]}" onto public com.alibaba.fastjson.JSONObject com.yuyue.app.api.controller.UploadFileController.likeCount(java.lang.String)
2019-08-22 10:51:47,217 [restartedMain] INFO  o.springframework.web.servlet.mvc.method.annotation.RequestMappingHandlerMapping - Mapped "{[/uploadFile/getVdieoCount],produces=[application/json;charset=UTF-8]}" onto public void com.yuyue.app.api.controller.UploadFileController.getVdieoCount(java.lang.String)
2019-08-22 10:51:47,218 [restartedMain] INFO  o.springframework.web.servlet.mvc.method.annotation.RequestMappingHandlerMapping - Mapped "{[/uploadFile/getRelease],produces=[application/json;charset=UTF-8]}" onto public com.alibaba.fastjson.JSONObject com.yuyue.app.api.controller.UploadFileController.getRelease(java.lang.String,java.lang.String,java.lang.String,java.lang.String) throws java.lang.Exception
2019-08-22 10:51:47,218 [restartedMain] INFO  o.springframework.web.servlet.mvc.method.annotation.RequestMappingHandlerMapping - Mapped "{[/userComment/addComment],produces=[application/json;charset=UTF-8]}" onto public com.alibaba.fastjson.JSONObject com.yuyue.app.api.controller.UserCommentController.addComment(javax.servlet.http.HttpServletRequest)
2019-08-22 10:51:47,219 [restartedMain] INFO  o.springframework.web.servlet.mvc.method.annotation.RequestMappingHandlerMapping - Mapped "{[/userComment/deleteComment],produces=[application/json;charset=UTF-8]}" onto public com.alibaba.fastjson.JSONObject com.yuyue.app.api.controller.UserCommentController.deleteComment(javax.servlet.http.HttpServletRequest)
2019-08-22 10:51:47,219 [restartedMain] INFO  o.springframework.web.servlet.mvc.method.annotation.RequestMappingHandlerMapping - Mapped "{[/userComment/getAllComment],produces=[application/json;charset=UTF-8]}" onto public com.alibaba.fastjson.JSONObject com.yuyue.app.api.controller.UserCommentController.getAllComment(java.lang.String)
2019-08-22 10:51:47,222 [restartedMain] INFO  o.springframework.web.servlet.mvc.method.annotation.RequestMappingHandlerMapping - Mapped "{[/error]}" onto public org.springframework.http.ResponseEntity<java.util.Map<java.lang.String, java.lang.Object>> org.springframework.boot.autoconfigure.web.BasicErrorController.error(javax.servlet.http.HttpServletRequest)
2019-08-22 10:51:47,222 [restartedMain] INFO  o.springframework.web.servlet.mvc.method.annotation.RequestMappingHandlerMapping - Mapped "{[/error],produces=[text/html]}" onto public org.springframework.web.servlet.ModelAndView org.springframework.boot.autoconfigure.web.BasicErrorController.errorHtml(javax.servlet.http.HttpServletRequest,javax.servlet.http.HttpServletResponse)
2019-08-22 10:51:47,252 [restartedMain] INFO  org.springframework.web.servlet.handler.SimpleUrlHandlerMapping - Mapped URL path [/webjars/**] onto handler of type [class org.springframework.web.servlet.resource.ResourceHttpRequestHandler]
2019-08-22 10:51:47,252 [restartedMain] INFO  org.springframework.web.servlet.handler.SimpleUrlHandlerMapping - Mapped URL path [/**] onto handler of type [class org.springframework.web.servlet.resource.ResourceHttpRequestHandler]
2019-08-22 10:51:47,269 [restartedMain] INFO  o.s.web.servlet.mvc.method.annotation.ExceptionHandlerExceptionResolver - Detected @ExceptionHandler methods in globalExceptionHandler
2019-08-22 10:51:47,290 [restartedMain] INFO  org.springframework.web.servlet.handler.SimpleUrlHandlerMapping - Mapped URL path [/**/favicon.ico] onto handler of type [class org.springframework.web.servlet.resource.ResourceHttpRequestHandler]
2019-08-22 10:51:47,877 [restartedMain] INFO  org.springframework.boot.devtools.autoconfigure.OptionalLiveReloadServer - LiveReload server is running on port 35729
2019-08-22 10:51:48,027 [restartedMain] INFO  org.springframework.jmx.export.annotation.AnnotationMBeanExporter - Registering beans for JMX exposure on startup
2019-08-22 10:51:48,028 [restartedMain] INFO  org.springframework.jmx.export.annotation.AnnotationMBeanExporter - Bean with name 'fdfsConnectionPool' has been autodetected for JMX exposure
2019-08-22 10:51:48,029 [restartedMain] INFO  org.springframework.jmx.export.annotation.AnnotationMBeanExporter - Bean with name 'getDruidDS' has been autodetected for JMX exposure
2019-08-22 10:51:48,029 [restartedMain] INFO  org.springframework.jmx.export.annotation.AnnotationMBeanExporter - Bean with name 'statFilter' has been autodetected for JMX exposure
2019-08-22 10:51:48,035 [restartedMain] INFO  org.springframework.jmx.export.annotation.AnnotationMBeanExporter - Located MBean 'fdfsConnectionPool': registering with JMX server as MBean [com.github.tobato.fastdfs.conn:name=fdfsConnectionPool,type=FdfsConnectionPool]
2019-08-22 10:51:48,035 [restartedMain] INFO  org.springframework.jmx.export.annotation.AnnotationMBeanExporter - Located MBean 'getDruidDS': registering with JMX server as MBean [com.alibaba.druid.pool:name=getDruidDS,type=DruidDataSource]
2019-08-22 10:51:48,036 [restartedMain] INFO  org.springframework.jmx.export.annotation.AnnotationMBeanExporter - Located MBean 'statFilter': registering with JMX server as MBean [com.alibaba.druid.filter.stat:name=statFilter,type=StatFilter]
2019-08-22 10:51:48,046 [restartedMain] INFO  org.apache.coyote.http11.Http11NioProtocol - Starting ProtocolHandler ["http-nio-8080"]
2019-08-22 10:51:48,055 [restartedMain] INFO  org.apache.tomcat.util.net.NioSelectorPool - Using a shared selector for servlet write/read
2019-08-22 10:51:48,074 [restartedMain] INFO  org.springframework.boot.context.embedded.tomcat.TomcatEmbeddedServletContainer - Tomcat started on port(s): 8080 (http)
2019-08-22 10:51:48,079 [restartedMain] INFO  com.yuyue.app.AppApplication - Started AppApplication in 5.549 seconds (JVM running for 7.004)
2019-08-22 10:52:04,130 [http-nio-8080-exec-1] INFO  org.apache.catalina.core.ContainerBase.[Tomcat].[localhost].[/] - Initializing Spring FrameworkServlet 'dispatcherServlet'
2019-08-22 10:52:04,130 [http-nio-8080-exec-1] INFO  org.springframework.web.servlet.DispatcherServlet - FrameworkServlet 'dispatcherServlet': initialization started
2019-08-22 10:52:04,159 [http-nio-8080-exec-1] INFO  org.springframework.web.servlet.DispatcherServlet - FrameworkServlet 'dispatcherServlet': initialization completed in 29 ms
2019-08-22 10:52:04,190 [http-nio-8080-exec-1] INFO  com.yuyue.app.api.controller.PayController - -------创建订单-----------
2019-08-22 10:52:04,655 [http-nio-8080-exec-1] INFO  com.alibaba.druid.pool.DruidDataSource - {dataSource-1} inited
2019-08-22 10:53:15,596 [Thread-20] INFO  o.s.boot.context.embedded.AnnotationConfigEmbeddedWebApplicationContext - Closing org.springframework.boot.context.embedded.AnnotationConfigEmbeddedWebApplicationContext@7412af10: startup date [Thu Aug 22 10:51:43 GMT+08:00 2019]; root of context hierarchy
2019-08-22 10:53:15,600 [Thread-20] INFO  org.springframework.jmx.export.annotation.AnnotationMBeanExporter - Unregistering JMX-exposed beans on shutdown
2019-08-22 10:53:15,600 [Thread-20] INFO  org.springframework.jmx.export.annotation.AnnotationMBeanExporter - Unregistering JMX-exposed beans
2019-08-22 10:53:15,607 [Thread-20] INFO  com.alibaba.druid.pool.DruidDataSource - {dataSource-1} closed
2019-08-22 11:02:48,423 [restartedMain] INFO  com.yuyue.app.AppApplication - Starting AppApplication on LAPTOP-SO8LCAR6 with PID 41000 (C:\project\yuyue-app\target\classes started by weili in C:\project\yuyue-app)
2019-08-22 11:02:48,426 [restartedMain] INFO  com.yuyue.app.AppApplication - No active profile set, falling back to default profiles: default
2019-08-22 11:02:48,503 [restartedMain] INFO  o.s.boot.context.embedded.AnnotationConfigEmbeddedWebApplicationContext - Refreshing org.springframework.boot.context.embedded.AnnotationConfigEmbeddedWebApplicationContext@2c0b7937: startup date [Thu Aug 22 11:02:48 GMT+08:00 2019]; root of context hierarchy
2019-08-22 11:02:48,672 [background-preinit] INFO  org.hibernate.validator.internal.util.Version - HV000001: Hibernate Validator 5.3.6.Final
2019-08-22 11:02:49,981 [restartedMain] INFO  org.springframework.data.repository.config.RepositoryConfigurationDelegate - Multiple Spring Data modules found, entering strict repository configuration mode!
2019-08-22 11:02:50,321 [restartedMain] INFO  o.springframework.beans.factory.annotation.AutowiredAnnotationBeanPostProcessor - JSR-330 'javax.inject.Inject' annotation found and supported for autowiring
2019-08-22 11:02:50,457 [restartedMain] INFO  o.s.context.support.PostProcessorRegistrationDelegate$BeanPostProcessorChecker - Bean 'org.springframework.transaction.annotation.ProxyTransactionManagementConfiguration' of type [org.springframework.transaction.annotation.ProxyTransactionManagementConfiguration$$EnhancerBySpringCGLIB$$d72a876c] is not eligible for getting processed by all BeanPostProcessors (for example: not eligible for auto-proxying)
2019-08-22 11:02:50,918 [restartedMain] INFO  org.springframework.boot.context.embedded.tomcat.TomcatEmbeddedServletContainer - Tomcat initialized with port(s): 8080 (http)
2019-08-22 11:02:50,931 [restartedMain] INFO  org.apache.coyote.http11.Http11NioProtocol - Initializing ProtocolHandler ["http-nio-8080"]
2019-08-22 11:02:50,941 [restartedMain] INFO  org.apache.catalina.core.StandardService - Starting service [Tomcat]
2019-08-22 11:02:50,942 [restartedMain] INFO  org.apache.catalina.core.StandardEngine - Starting Servlet Engine: Apache Tomcat/8.5.31
2019-08-22 11:02:51,230 [localhost-startStop-1] INFO  org.apache.jasper.servlet.TldScanner - At least one JAR was scanned for TLDs yet contained no TLDs. Enable debug logging for this logger for a complete list of JARs that were scanned but no TLDs were found in them. Skipping unneeded JARs during scanning can improve startup time and JSP compilation time.
2019-08-22 11:02:51,235 [localhost-startStop-1] INFO  org.apache.catalina.core.ContainerBase.[Tomcat].[localhost].[/] - Initializing Spring embedded WebApplicationContext
2019-08-22 11:02:51,236 [localhost-startStop-1] INFO  org.springframework.web.context.ContextLoader - Root WebApplicationContext: initialization completed in 2733 ms
2019-08-22 11:02:51,463 [localhost-startStop-1] INFO  org.springframework.boot.web.servlet.ServletRegistrationBean - Mapping servlet: 'statViewServlet' to [/druid/*]
2019-08-22 11:02:51,464 [localhost-startStop-1] INFO  org.springframework.boot.web.servlet.ServletRegistrationBean - Mapping servlet: 'dispatcherServlet' to [/]
2019-08-22 11:02:51,464 [localhost-startStop-1] INFO  org.springframework.boot.web.servlet.ServletRegistrationBean - Mapping servlet: 'statViewServlet' to [/druid/*]
2019-08-22 11:02:51,465 [localhost-startStop-1] INFO  org.springframework.boot.web.servlet.ServletRegistrationBean - Servlet statViewServlet was not registered (possibly already registered?)
2019-08-22 11:02:51,467 [localhost-startStop-1] INFO  org.springframework.boot.web.servlet.FilterRegistrationBean - Mapping filter: 'characterEncodingFilter' to: [/*]
2019-08-22 11:02:51,468 [localhost-startStop-1] INFO  org.springframework.boot.web.servlet.FilterRegistrationBean - Mapping filter: 'hiddenHttpMethodFilter' to: [/*]
2019-08-22 11:02:51,468 [localhost-startStop-1] INFO  org.springframework.boot.web.servlet.FilterRegistrationBean - Mapping filter: 'httpPutFormContentFilter' to: [/*]
2019-08-22 11:02:51,468 [localhost-startStop-1] INFO  org.springframework.boot.web.servlet.FilterRegistrationBean - Mapping filter: 'requestContextFilter' to: [/*]
2019-08-22 11:02:51,468 [localhost-startStop-1] INFO  org.springframework.boot.web.servlet.FilterRegistrationBean - Mapping filter: 'webStatFilter' to urls: [/*]
2019-08-22 11:02:51,468 [localhost-startStop-1] INFO  org.springframework.boot.web.servlet.FilterRegistrationBean - Filter webStatFilter was not registered (possibly already registered?)
2019-08-22 11:02:52,915 [restartedMain] INFO  o.springframework.web.servlet.mvc.method.annotation.RequestMappingHandlerAdapter - Looking for @ControllerAdvice: org.springframework.boot.context.embedded.AnnotationConfigEmbeddedWebApplicationContext@2c0b7937: startup date [Thu Aug 22 11:02:48 GMT+08:00 2019]; root of context hierarchy
2019-08-22 11:02:52,965 [restartedMain] INFO  o.springframework.web.servlet.mvc.method.annotation.RequestMappingHandlerMapping - Mapped "{[/barrage/addBarrages]}" onto public com.alibaba.fastjson.JSONObject com.yuyue.app.api.controller.BarrageController.addBarrages(javax.servlet.http.HttpServletRequest)
2019-08-22 11:02:52,966 [restartedMain] INFO  o.springframework.web.servlet.mvc.method.annotation.RequestMappingHandlerMapping - Mapped "{[/barrage/getBarrages]}" onto public com.alibaba.fastjson.JSONObject com.yuyue.app.api.controller.BarrageController.getBarrages(javax.servlet.http.HttpServletRequest)
2019-08-22 11:02:52,967 [restartedMain] INFO  o.springframework.web.servlet.mvc.method.annotation.RequestMappingHandlerMapping - Mapped "{[/homePage/getVideo],produces=[application/json;charset=UTF-8]}" onto public com.alibaba.fastjson.JSONObject com.yuyue.app.api.controller.HomePageController.getVideo(java.lang.String)
2019-08-22 11:02:52,967 [restartedMain] INFO  o.springframework.web.servlet.mvc.method.annotation.RequestMappingHandlerMapping - Mapped "{[/homePage/result],produces=[application/json;charset=UTF-8]}" onto public com.alibaba.fastjson.JSONObject com.yuyue.app.api.controller.HomePageController.homePage()
2019-08-22 11:02:52,967 [restartedMain] INFO  o.springframework.web.servlet.mvc.method.annotation.RequestMappingHandlerMapping - Mapped "{[/],produces=[application/json;charset=UTF-8]}" onto public java.lang.String com.yuyue.app.api.controller.IController.hello()
2019-08-22 11:02:52,969 [restartedMain] INFO  o.springframework.web.servlet.mvc.method.annotation.RequestMappingHandlerMapping - Mapped "{[/login/getMessage],produces=[application/json;charset=UTF-8]}" onto public com.alibaba.fastjson.JSONObject com.yuyue.app.api.controller.LoginController.getMessage(com.yuyue.app.api.domain.AppUser)
2019-08-22 11:02:52,969 [restartedMain] INFO  o.springframework.web.servlet.mvc.method.annotation.RequestMappingHandlerMapping - Mapped "{[/login/version],produces=[application/json;charset=UTF-8]}" onto public com.alibaba.fastjson.JSONObject com.yuyue.app.api.controller.LoginController.getUserName(java.lang.String)
2019-08-22 11:02:52,969 [restartedMain] INFO  o.springframework.web.servlet.mvc.method.annotation.RequestMappingHandlerMapping - Mapped "{[/login/regist],produces=[application/json;charset=UTF-8]}" onto public com.alibaba.fastjson.JSONObject com.yuyue.app.api.controller.LoginController.regist(java.lang.String,java.lang.String,java.lang.String) throws java.lang.Exception
2019-08-22 11:02:52,969 [restartedMain] INFO  o.springframework.web.servlet.mvc.method.annotation.RequestMappingHandlerMapping - Mapped "{[/login/editPassword],produces=[application/json;charset=UTF-8]}" onto public com.alibaba.fastjson.JSONObject com.yuyue.app.api.controller.LoginController.editPassword(java.lang.String,java.lang.String,java.lang.String) throws java.lang.Exception
2019-08-22 11:02:52,970 [restartedMain] INFO  o.springframework.web.servlet.mvc.method.annotation.RequestMappingHandlerMapping - Mapped "{[/login/loginByPhone],produces=[application/json;charset=UTF-8]}" onto public com.alibaba.fastjson.JSONObject com.yuyue.app.api.controller.LoginController.loginByPhone(java.lang.String,java.lang.String)
2019-08-22 11:02:52,970 [restartedMain] INFO  o.springframework.web.servlet.mvc.method.annotation.RequestMappingHandlerMapping - Mapped "{[/login/loginByPassword],produces=[application/json;charset=UTF-8]}" onto public com.alibaba.fastjson.JSONObject com.yuyue.app.api.controller.LoginController.loginByPassword(java.lang.String,java.lang.String) throws java.lang.Exception
2019-08-22 11:02:52,970 [restartedMain] INFO  o.springframework.web.servlet.mvc.method.annotation.RequestMappingHandlerMapping - Mapped "{[/pay/payWX],produces=[application/json;charset=UTF-8]}" onto public com.alibaba.fastjson.JSONObject com.yuyue.app.api.controller.PayController.payWX(com.yuyue.app.api.domain.Order) throws java.lang.Exception
2019-08-22 11:02:52,971 [restartedMain] INFO  o.springframework.web.servlet.mvc.method.annotation.RequestMappingHandlerMapping - Mapped "{[/pay/wxpayNotify],produces=[application/json;charset=UTF-8]}" onto public com.alibaba.fastjson.JSONObject com.yuyue.app.api.controller.PayController.wxpay(javax.servlet.http.HttpServletRequest) throws java.lang.Exception
2019-08-22 11:02:52,971 [restartedMain] INFO  o.springframework.web.servlet.mvc.method.annotation.RequestMappingHandlerMapping - Mapped "{[/send/sendSms],produces=[application/json;charset=UTF-8]}" onto public com.alibaba.fastjson.JSONObject com.yuyue.app.api.controller.SendSmsController.sendSms(javax.servlet.http.HttpServletRequest)
2019-08-22 11:02:52,974 [restartedMain] INFO  o.springframework.web.servlet.mvc.method.annotation.RequestMappingHandlerMapping - Mapped "{[/uploadFile/getVdieoCount],produces=[application/json;charset=UTF-8]}" onto public void com.yuyue.app.api.controller.UploadFileController.getVdieoCount(java.lang.String)
2019-08-22 11:02:52,975 [restartedMain] INFO  o.springframework.web.servlet.mvc.method.annotation.RequestMappingHandlerMapping - Mapped "{[/uploadFile/uploadServer],produces=[application/json;charset=UTF-8]}" onto public com.alibaba.fastjson.JSONObject com.yuyue.app.api.controller.UploadFileController.uploadFileServer(org.springframework.web.multipart.MultipartFile[],com.yuyue.app.api.domain.AppUser,java.lang.String,java.lang.String) throws java.lang.Exception
2019-08-22 11:02:52,975 [restartedMain] INFO  o.springframework.web.servlet.mvc.method.annotation.RequestMappingHandlerMapping - Mapped "{[/uploadFile/downloadFile],produces=[application/json;charset=UTF-8]}" onto public void com.yuyue.app.api.controller.UploadFileController.downloadFile(java.lang.String,java.lang.String,javax.servlet.http.HttpServletResponse) throws java.io.IOException
2019-08-22 11:02:52,975 [restartedMain] INFO  o.springframework.web.servlet.mvc.method.annotation.RequestMappingHandlerMapping - Mapped "{[/uploadFile/delfile],produces=[application/json;charset=UTF-8]}" onto public com.alibaba.fastjson.JSONObject com.yuyue.app.api.controller.UploadFileController.delfile(java.lang.String) throws java.lang.Exception
2019-08-22 11:02:52,975 [restartedMain] INFO  o.springframework.web.servlet.mvc.method.annotation.RequestMappingHandlerMapping - Mapped "{[/uploadFile/getRelease],produces=[application/json;charset=UTF-8]}" onto public com.alibaba.fastjson.JSONObject com.yuyue.app.api.controller.UploadFileController.getRelease(java.lang.String,java.lang.String,java.lang.String,java.lang.String) throws java.lang.Exception
2019-08-22 11:02:52,976 [restartedMain] INFO  o.springframework.web.servlet.mvc.method.annotation.RequestMappingHandlerMapping - Mapped "{[/uploadFile/likeCount],produces=[application/json;charset=UTF-8]}" onto public com.alibaba.fastjson.JSONObject com.yuyue.app.api.controller.UploadFileController.likeCount(java.lang.String)
2019-08-22 11:02:52,976 [restartedMain] INFO  o.springframework.web.servlet.mvc.method.annotation.RequestMappingHandlerMapping - Mapped "{[/userComment/deleteComment],produces=[application/json;charset=UTF-8]}" onto public com.alibaba.fastjson.JSONObject com.yuyue.app.api.controller.UserCommentController.deleteComment(javax.servlet.http.HttpServletRequest)
2019-08-22 11:02:52,977 [restartedMain] INFO  o.springframework.web.servlet.mvc.method.annotation.RequestMappingHandlerMapping - Mapped "{[/userComment/getAllComment],produces=[application/json;charset=UTF-8]}" onto public com.alibaba.fastjson.JSONObject com.yuyue.app.api.controller.UserCommentController.getAllComment(java.lang.String)
2019-08-22 11:02:52,977 [restartedMain] INFO  o.springframework.web.servlet.mvc.method.annotation.RequestMappingHandlerMapping - Mapped "{[/userComment/addComment],produces=[application/json;charset=UTF-8]}" onto public com.alibaba.fastjson.JSONObject com.yuyue.app.api.controller.UserCommentController.addComment(javax.servlet.http.HttpServletRequest)
2019-08-22 11:02:52,979 [restartedMain] INFO  o.springframework.web.servlet.mvc.method.annotation.RequestMappingHandlerMapping - Mapped "{[/error]}" onto public org.springframework.http.ResponseEntity<java.util.Map<java.lang.String, java.lang.Object>> org.springframework.boot.autoconfigure.web.BasicErrorController.error(javax.servlet.http.HttpServletRequest)
2019-08-22 11:02:52,980 [restartedMain] INFO  o.springframework.web.servlet.mvc.method.annotation.RequestMappingHandlerMapping - Mapped "{[/error],produces=[text/html]}" onto public org.springframework.web.servlet.ModelAndView org.springframework.boot.autoconfigure.web.BasicErrorController.errorHtml(javax.servlet.http.HttpServletRequest,javax.servlet.http.HttpServletResponse)
2019-08-22 11:02:53,009 [restartedMain] INFO  org.springframework.web.servlet.handler.SimpleUrlHandlerMapping - Mapped URL path [/webjars/**] onto handler of type [class org.springframework.web.servlet.resource.ResourceHttpRequestHandler]
2019-08-22 11:02:53,009 [restartedMain] INFO  org.springframework.web.servlet.handler.SimpleUrlHandlerMapping - Mapped URL path [/**] onto handler of type [class org.springframework.web.servlet.resource.ResourceHttpRequestHandler]
2019-08-22 11:02:53,028 [restartedMain] INFO  o.s.web.servlet.mvc.method.annotation.ExceptionHandlerExceptionResolver - Detected @ExceptionHandler methods in globalExceptionHandler
2019-08-22 11:02:53,051 [restartedMain] INFO  org.springframework.web.servlet.handler.SimpleUrlHandlerMapping - Mapped URL path [/**/favicon.ico] onto handler of type [class org.springframework.web.servlet.resource.ResourceHttpRequestHandler]
2019-08-22 11:02:53,676 [restartedMain] INFO  org.springframework.boot.devtools.autoconfigure.OptionalLiveReloadServer - LiveReload server is running on port 35729
2019-08-22 11:02:53,827 [restartedMain] INFO  org.springframework.jmx.export.annotation.AnnotationMBeanExporter - Registering beans for JMX exposure on startup
2019-08-22 11:02:53,828 [restartedMain] INFO  org.springframework.jmx.export.annotation.AnnotationMBeanExporter - Bean with name 'fdfsConnectionPool' has been autodetected for JMX exposure
2019-08-22 11:02:53,828 [restartedMain] INFO  org.springframework.jmx.export.annotation.AnnotationMBeanExporter - Bean with name 'getDruidDS' has been autodetected for JMX exposure
2019-08-22 11:02:53,828 [restartedMain] INFO  org.springframework.jmx.export.annotation.AnnotationMBeanExporter - Bean with name 'statFilter' has been autodetected for JMX exposure
2019-08-22 11:02:53,834 [restartedMain] INFO  org.springframework.jmx.export.annotation.AnnotationMBeanExporter - Located MBean 'fdfsConnectionPool': registering with JMX server as MBean [com.github.tobato.fastdfs.conn:name=fdfsConnectionPool,type=FdfsConnectionPool]
2019-08-22 11:02:53,835 [restartedMain] INFO  org.springframework.jmx.export.annotation.AnnotationMBeanExporter - Located MBean 'getDruidDS': registering with JMX server as MBean [com.alibaba.druid.pool:name=getDruidDS,type=DruidDataSource]
2019-08-22 11:02:53,837 [restartedMain] INFO  org.springframework.jmx.export.annotation.AnnotationMBeanExporter - Located MBean 'statFilter': registering with JMX server as MBean [com.alibaba.druid.filter.stat:name=statFilter,type=StatFilter]
2019-08-22 11:02:53,846 [restartedMain] INFO  org.apache.coyote.http11.Http11NioProtocol - Starting ProtocolHandler ["http-nio-8080"]
2019-08-22 11:02:53,855 [restartedMain] INFO  org.apache.tomcat.util.net.NioSelectorPool - Using a shared selector for servlet write/read
2019-08-22 11:02:53,874 [restartedMain] INFO  org.springframework.boot.context.embedded.tomcat.TomcatEmbeddedServletContainer - Tomcat started on port(s): 8080 (http)
2019-08-22 11:02:53,881 [restartedMain] INFO  com.yuyue.app.AppApplication - Started AppApplication in 6.286 seconds (JVM running for 7.82)
2019-08-22 11:03:05,162 [http-nio-8080-exec-1] INFO  org.apache.catalina.core.ContainerBase.[Tomcat].[localhost].[/] - Initializing Spring FrameworkServlet 'dispatcherServlet'
2019-08-22 11:03:05,162 [http-nio-8080-exec-1] INFO  org.springframework.web.servlet.DispatcherServlet - FrameworkServlet 'dispatcherServlet': initialization started
2019-08-22 11:03:05,212 [http-nio-8080-exec-1] INFO  org.springframework.web.servlet.DispatcherServlet - FrameworkServlet 'dispatcherServlet': initialization completed in 49 ms
2019-08-22 11:03:05,251 [http-nio-8080-exec-1] INFO  com.yuyue.app.api.controller.PayController - -------创建订单-----------
2019-08-22 11:03:05,736 [http-nio-8080-exec-1] INFO  com.alibaba.druid.pool.DruidDataSource - {dataSource-1} inited
2019-08-22 11:04:07,491 [http-nio-8080-exec-1] INFO  com.yuyue.app.api.controller.PayController - -------weixinAPP支付统一下单-----------
2019-08-22 11:04:07,523 [Thread-21] INFO  o.s.boot.context.embedded.AnnotationConfigEmbeddedWebApplicationContext - Closing org.springframework.boot.context.embedded.AnnotationConfigEmbeddedWebApplicationContext@2c0b7937: startup date [Thu Aug 22 11:02:48 GMT+08:00 2019]; root of context hierarchy
2019-08-22 11:04:07,529 [Thread-21] INFO  org.springframework.jmx.export.annotation.AnnotationMBeanExporter - Unregistering JMX-exposed beans on shutdown
2019-08-22 11:04:07,530 [Thread-21] INFO  org.springframework.jmx.export.annotation.AnnotationMBeanExporter - Unregistering JMX-exposed beans
2019-08-22 11:04:07,538 [http-nio-8080-exec-1] INFO  com.yuyue.app.api.controller.PayController - 上送的数据为+++++++<xml><nonce_str><![CDATA[XA4NNHVBOS7HY86QXBQVQCVC8EKNFPYR]]></nonce_str><out_trade_no><![CDATA[QA2CKU6ZUE5T75PUBEU73ARRJG2PJ3VT]]></out_trade_no><appid><![CDATA[wx82e0374be0e044a4]]></appid><total_fee><![CDATA[100]]></total_fee><sign><![CDATA[80D4E1910D0FAE9F992D8C10AE1D2F83]]></sign><trade_type><![CDATA[APP]]></trade_type><mch_id><![CDATA[1529278811]]></mch_id><body><![CDATA[yuyue-礼物充值]]></body><notify_url><![CDATA[http://101.37.252.177:8082/yuyue-app/pay/wxpayNotify]]></notify_url><spbill_create_ip><![CDATA[101.37.252.177]]></spbill_create_ip></xml>
2019-08-22 11:04:07,540 [Thread-21] INFO  com.alibaba.druid.pool.DruidDataSource - {dataSource-1} closed
2019-08-22 11:04:08,474 [http-nio-8080-exec-1] INFO  com.yuyue.app.api.controller.PayController - 返回的数据为--------------------------+++++++<xml><return_code><![CDATA[SUCCESS]]></return_code>
<return_msg><![CDATA[OK]]></return_msg>
<appid><![CDATA[wx82e0374be0e044a4]]></appid>
<mch_id><![CDATA[1529278811]]></mch_id>
<nonce_str><![CDATA[doDDypuhTwNz1pZr]]></nonce_str>
<sign><![CDATA[716EE50D9EE3F8A63A6D2EFC1B28D2A2]]></sign>
<result_code><![CDATA[SUCCESS]]></result_code>
<prepay_id><![CDATA[wx22110408203793bd0c977ed31034644200]]></prepay_id>
<trade_type><![CDATA[APP]]></trade_type>
</xml>
