2019-08-20 09:37:55,662 [restartedMain] INFO  com.yuyue.app.AppApplication - Starting AppApplication on LAPTOP-JV4T964L with PID 1260 (C:\myRepository\yuyue-app\target\classes started by ly in C:\myRepository\yuyue-app)
2019-08-20 09:37:55,663 [restartedMain] INFO  com.yuyue.app.AppApplication - No active profile set, falling back to default profiles: default
2019-08-20 09:37:55,711 [restartedMain] INFO  o.s.boot.context.embedded.AnnotationConfigEmbeddedWebApplicationContext - Refreshing org.springframework.boot.context.embedded.AnnotationConfigEmbeddedWebApplicationContext@ee12a8: startup date [Tue Aug 20 09:37:55 GMT+08:00 2019]; root of context hierarchy
2019-08-20 09:37:55,870 [background-preinit] INFO  org.hibernate.validator.internal.util.Version - HV000001: Hibernate Validator 5.3.6.Final
2019-08-20 09:37:56,525 [restartedMain] INFO  org.springframework.data.repository.config.RepositoryConfigurationDelegate - Multiple Spring Data modules found, entering strict repository configuration mode!
2019-08-20 09:37:56,824 [restartedMain] INFO  o.springframework.beans.factory.annotation.AutowiredAnnotationBeanPostProcessor - JSR-330 'javax.inject.Inject' annotation found and supported for autowiring
2019-08-20 09:37:56,934 [restartedMain] INFO  o.s.context.support.PostProcessorRegistrationDelegate$BeanPostProcessorChecker - Bean 'org.springframework.transaction.annotation.ProxyTransactionManagementConfiguration' of type [org.springframework.transaction.annotation.ProxyTransactionManagementConfiguration$$EnhancerBySpringCGLIB$$f77140ae] is not eligible for getting processed by all BeanPostProcessors (for example: not eligible for auto-proxying)
2019-08-20 09:37:57,443 [restartedMain] INFO  org.springframework.boot.context.embedded.tomcat.TomcatEmbeddedServletContainer - Tomcat initialized with port(s): 8080 (http)
2019-08-20 09:37:57,454 [restartedMain] INFO  org.apache.coyote.http11.Http11NioProtocol - Initializing ProtocolHandler ["http-nio-8080"]
2019-08-20 09:37:57,464 [restartedMain] INFO  org.apache.catalina.core.StandardService - Starting service [Tomcat]
2019-08-20 09:37:57,465 [restartedMain] INFO  org.apache.catalina.core.StandardEngine - Starting Servlet Engine: Apache Tomcat/8.5.31
2019-08-20 09:37:57,711 [localhost-startStop-1] INFO  org.apache.jasper.servlet.TldScanner - At least one JAR was scanned for TLDs yet contained no TLDs. Enable debug logging for this logger for a complete list of JARs that were scanned but no TLDs were found in them. Skipping unneeded JARs during scanning can improve startup time and JSP compilation time.
2019-08-20 09:37:57,714 [localhost-startStop-1] INFO  org.apache.catalina.core.ContainerBase.[Tomcat].[localhost].[/] - Initializing Spring embedded WebApplicationContext
2019-08-20 09:37:57,714 [localhost-startStop-1] INFO  org.springframework.web.context.ContextLoader - Root WebApplicationContext: initialization completed in 2003 ms
2019-08-20 09:37:57,928 [localhost-startStop-1] INFO  org.springframework.boot.web.servlet.ServletRegistrationBean - Mapping servlet: 'statViewServlet' to [/druid/*]
2019-08-20 09:37:57,929 [localhost-startStop-1] INFO  org.springframework.boot.web.servlet.ServletRegistrationBean - Mapping servlet: 'dispatcherServlet' to [/]
2019-08-20 09:37:57,929 [localhost-startStop-1] INFO  org.springframework.boot.web.servlet.ServletRegistrationBean - Mapping servlet: 'statViewServlet' to [/druid/*]
2019-08-20 09:37:57,929 [localhost-startStop-1] INFO  org.springframework.boot.web.servlet.ServletRegistrationBean - Servlet statViewServlet was not registered (possibly already registered?)
2019-08-20 09:37:57,933 [localhost-startStop-1] INFO  org.springframework.boot.web.servlet.FilterRegistrationBean - Mapping filter: 'characterEncodingFilter' to: [/*]
2019-08-20 09:37:57,933 [localhost-startStop-1] INFO  org.springframework.boot.web.servlet.FilterRegistrationBean - Mapping filter: 'hiddenHttpMethodFilter' to: [/*]
2019-08-20 09:37:57,933 [localhost-startStop-1] INFO  org.springframework.boot.web.servlet.FilterRegistrationBean - Mapping filter: 'httpPutFormContentFilter' to: [/*]
2019-08-20 09:37:57,933 [localhost-startStop-1] INFO  org.springframework.boot.web.servlet.FilterRegistrationBean - Mapping filter: 'requestContextFilter' to: [/*]
2019-08-20 09:37:57,933 [localhost-startStop-1] INFO  org.springframework.boot.web.servlet.FilterRegistrationBean - Mapping filter: 'webStatFilter' to urls: [/*]
2019-08-20 09:37:57,933 [localhost-startStop-1] INFO  org.springframework.boot.web.servlet.FilterRegistrationBean - Filter webStatFilter was not registered (possibly already registered?)
2019-08-20 09:37:59,057 [restartedMain] INFO  o.springframework.web.servlet.mvc.method.annotation.RequestMappingHandlerAdapter - Looking for @ControllerAdvice: org.springframework.boot.context.embedded.AnnotationConfigEmbeddedWebApplicationContext@ee12a8: startup date [Tue Aug 20 09:37:55 GMT+08:00 2019]; root of context hierarchy
2019-08-20 09:37:59,099 [restartedMain] INFO  o.springframework.web.servlet.mvc.method.annotation.RequestMappingHandlerMapping - Mapped "{[/homePage/result],produces=[application/json;charset=UTF-8]}" onto public com.alibaba.fastjson.JSONObject com.yuyue.app.api.controller.HomePageController.homePage()
2019-08-20 09:37:59,099 [restartedMain] INFO  o.springframework.web.servlet.mvc.method.annotation.RequestMappingHandlerMapping - Mapped "{[/],produces=[application/json;charset=UTF-8]}" onto public java.lang.String com.yuyue.app.api.controller.IController.hello()
2019-08-20 09:37:59,102 [restartedMain] INFO  o.springframework.web.servlet.mvc.method.annotation.RequestMappingHandlerMapping - Mapped "{[/login/version],produces=[application/json;charset=UTF-8]}" onto public com.alibaba.fastjson.JSONObject com.yuyue.app.api.controller.LoginController.getUserName(java.lang.String)
2019-08-20 09:37:59,102 [restartedMain] INFO  o.springframework.web.servlet.mvc.method.annotation.RequestMappingHandlerMapping - Mapped "{[/login/regist],produces=[application/json;charset=UTF-8]}" onto public com.alibaba.fastjson.JSONObject com.yuyue.app.api.controller.LoginController.regist(java.lang.String,java.lang.String,java.lang.String) throws java.lang.Exception
2019-08-20 09:37:59,102 [restartedMain] INFO  o.springframework.web.servlet.mvc.method.annotation.RequestMappingHandlerMapping - Mapped "{[/login/editPassword],produces=[application/json;charset=UTF-8]}" onto public com.alibaba.fastjson.JSONObject com.yuyue.app.api.controller.LoginController.editPassword(java.lang.String,java.lang.String,java.lang.String) throws java.lang.Exception
2019-08-20 09:37:59,102 [restartedMain] INFO  o.springframework.web.servlet.mvc.method.annotation.RequestMappingHandlerMapping - Mapped "{[/login/loginByPhone],produces=[application/json;charset=UTF-8]}" onto public com.alibaba.fastjson.JSONObject com.yuyue.app.api.controller.LoginController.loginByPhone(java.lang.String,java.lang.String)
2019-08-20 09:37:59,103 [restartedMain] INFO  o.springframework.web.servlet.mvc.method.annotation.RequestMappingHandlerMapping - Mapped "{[/login/loginByPassword],produces=[application/json;charset=UTF-8]}" onto public com.alibaba.fastjson.JSONObject com.yuyue.app.api.controller.LoginController.loginByPassword(java.lang.String,java.lang.String) throws java.lang.Exception
2019-08-20 09:37:59,103 [restartedMain] INFO  o.springframework.web.servlet.mvc.method.annotation.RequestMappingHandlerMapping - Mapped "{[/send/sendSms],produces=[application/json;charset=UTF-8]}" onto public com.alibaba.fastjson.JSONObject com.yuyue.app.api.controller.sendSmsController.sendSms(javax.servlet.http.HttpServletRequest)
2019-08-20 09:37:59,105 [restartedMain] INFO  o.springframework.web.servlet.mvc.method.annotation.RequestMappingHandlerMapping - Mapped "{[/uploadFile/delfile],produces=[application/json;charset=UTF-8]}" onto public com.alibaba.fastjson.JSONObject com.yuyue.app.api.controller.UploadFileController.delfile(java.lang.String) throws java.lang.Exception
2019-08-20 09:37:59,105 [restartedMain] INFO  o.springframework.web.servlet.mvc.method.annotation.RequestMappingHandlerMapping - Mapped "{[/uploadFile/likeCount],produces=[application/json;charset=UTF-8]}" onto public void com.yuyue.app.api.controller.UploadFileController.likeCount(java.lang.String)
2019-08-20 09:37:59,105 [restartedMain] INFO  o.springframework.web.servlet.mvc.method.annotation.RequestMappingHandlerMapping - Mapped "{[/uploadFile/downloadFile],produces=[application/json;charset=UTF-8]}" onto public void com.yuyue.app.api.controller.UploadFileController.downloadFile(java.lang.String,java.lang.String,javax.servlet.http.HttpServletResponse) throws java.io.IOException
2019-08-20 09:37:59,106 [restartedMain] INFO  o.springframework.web.servlet.mvc.method.annotation.RequestMappingHandlerMapping - Mapped "{[/uploadFile/uploadServer],produces=[application/json;charset=UTF-8]}" onto public com.alibaba.fastjson.JSONObject com.yuyue.app.api.controller.UploadFileController.uploadFileServer(org.springframework.web.multipart.MultipartFile[],com.yuyue.app.api.domain.AppUser) throws java.lang.Exception
2019-08-20 09:37:59,107 [restartedMain] INFO  o.springframework.web.servlet.mvc.method.annotation.RequestMappingHandlerMapping - Mapped "{[/userComment/addComment],produces=[application/json;charset=UTF-8]}" onto public com.alibaba.fastjson.JSONObject com.yuyue.app.api.controller.UserCommentController.addComment(javax.servlet.http.HttpServletRequest)
2019-08-20 09:37:59,108 [restartedMain] INFO  o.springframework.web.servlet.mvc.method.annotation.RequestMappingHandlerMapping - Mapped "{[/userComment/deleteComment],produces=[application/json;charset=UTF-8]}" onto public com.alibaba.fastjson.JSONObject com.yuyue.app.api.controller.UserCommentController.deleteComment(javax.servlet.http.HttpServletRequest)
2019-08-20 09:37:59,108 [restartedMain] INFO  o.springframework.web.servlet.mvc.method.annotation.RequestMappingHandlerMapping - Mapped "{[/userComment/getAllComment],produces=[application/json;charset=UTF-8]}" onto public java.util.List<com.yuyue.app.api.domain.UserComment> com.yuyue.app.api.controller.UserCommentController.getAllComment(java.lang.String)
2019-08-20 09:37:59,113 [restartedMain] INFO  o.springframework.web.servlet.mvc.method.annotation.RequestMappingHandlerMapping - Mapped "{[/error]}" onto public org.springframework.http.ResponseEntity<java.util.Map<java.lang.String, java.lang.Object>> org.springframework.boot.autoconfigure.web.BasicErrorController.error(javax.servlet.http.HttpServletRequest)
2019-08-20 09:37:59,113 [restartedMain] INFO  o.springframework.web.servlet.mvc.method.annotation.RequestMappingHandlerMapping - Mapped "{[/error],produces=[text/html]}" onto public org.springframework.web.servlet.ModelAndView org.springframework.boot.autoconfigure.web.BasicErrorController.errorHtml(javax.servlet.http.HttpServletRequest,javax.servlet.http.HttpServletResponse)
2019-08-20 09:37:59,143 [restartedMain] INFO  org.springframework.web.servlet.handler.SimpleUrlHandlerMapping - Mapped URL path [/webjars/**] onto handler of type [class org.springframework.web.servlet.resource.ResourceHttpRequestHandler]
2019-08-20 09:37:59,143 [restartedMain] INFO  org.springframework.web.servlet.handler.SimpleUrlHandlerMapping - Mapped URL path [/**] onto handler of type [class org.springframework.web.servlet.resource.ResourceHttpRequestHandler]
2019-08-20 09:37:59,158 [restartedMain] INFO  o.s.web.servlet.mvc.method.annotation.ExceptionHandlerExceptionResolver - Detected @ExceptionHandler methods in globalExceptionHandler
2019-08-20 09:37:59,175 [restartedMain] INFO  org.springframework.web.servlet.handler.SimpleUrlHandlerMapping - Mapped URL path [/**/favicon.ico] onto handler of type [class org.springframework.web.servlet.resource.ResourceHttpRequestHandler]
2019-08-20 09:37:59,667 [restartedMain] INFO  org.springframework.boot.devtools.autoconfigure.OptionalLiveReloadServer - LiveReload server is running on port 35729
2019-08-20 09:37:59,804 [restartedMain] INFO  org.springframework.jmx.export.annotation.AnnotationMBeanExporter - Registering beans for JMX exposure on startup
2019-08-20 09:37:59,805 [restartedMain] INFO  org.springframework.jmx.export.annotation.AnnotationMBeanExporter - Bean with name 'fdfsConnectionPool' has been autodetected for JMX exposure
2019-08-20 09:37:59,805 [restartedMain] INFO  org.springframework.jmx.export.annotation.AnnotationMBeanExporter - Bean with name 'getDruidDS' has been autodetected for JMX exposure
2019-08-20 09:37:59,806 [restartedMain] INFO  org.springframework.jmx.export.annotation.AnnotationMBeanExporter - Bean with name 'statFilter' has been autodetected for JMX exposure
2019-08-20 09:37:59,810 [restartedMain] INFO  org.springframework.jmx.export.annotation.AnnotationMBeanExporter - Located MBean 'fdfsConnectionPool': registering with JMX server as MBean [com.github.tobato.fastdfs.conn:name=fdfsConnectionPool,type=FdfsConnectionPool]
2019-08-20 09:37:59,811 [restartedMain] INFO  org.springframework.jmx.export.annotation.AnnotationMBeanExporter - Located MBean 'getDruidDS': registering with JMX server as MBean [com.alibaba.druid.pool:name=getDruidDS,type=DruidDataSource]
2019-08-20 09:37:59,813 [restartedMain] INFO  org.springframework.jmx.export.annotation.AnnotationMBeanExporter - Located MBean 'statFilter': registering with JMX server as MBean [com.alibaba.druid.filter.stat:name=statFilter,type=StatFilter]
2019-08-20 09:37:59,821 [restartedMain] INFO  org.apache.coyote.http11.Http11NioProtocol - Starting ProtocolHandler ["http-nio-8080"]
2019-08-20 09:37:59,829 [restartedMain] INFO  org.apache.tomcat.util.net.NioSelectorPool - Using a shared selector for servlet write/read
2019-08-20 09:37:59,846 [restartedMain] INFO  org.springframework.boot.context.embedded.tomcat.TomcatEmbeddedServletContainer - Tomcat started on port(s): 8080 (http)
2019-08-20 09:37:59,853 [restartedMain] INFO  com.yuyue.app.AppApplication - Started AppApplication in 4.59 seconds (JVM running for 5.533)
